https://www.kotobati.com/%D8%B1%D9%88%D8%A7%D9%8A%D8%A9-%D9%82%D8%A7%D8%B3%D9%8A-%D9%88%D9%84%D9%83%D9%86-%D8%A3%D8%AD%D8%A8%D9%86%D9%8A-%D8%A7%D9%84%D8%AC%D8%B2%D8%A1-%D8%A7%D9%84%D8%A3%D9%88%D9%84-pdf
https://www.kotobati.com/%D9%83%D8%AA%D8%A7%D8%A8-%D9%85%D8%AF%D9%8A%D9%86%D8%A9-%D9%84%D8%A7-%D8%AA%D9%86%D8%A7%D9%85-pdf
https://www.kotobati.com/%D9%83%D8%AA%D8%A7%D8%A8-%D8%A7%D9%84%D9%85%D8%B1%D8%A3%D8%A9-%D9%88%D8%A7%D9%84%D8%BA%D8%B1%D8%A8%D8%A9-pdf
https://www.kotobati.com/%D9%83%D8%AA%D8%A7%D8%A8-%D8%B3%D9%86%D8%AF%D8%B1%D9%8A%D9%84%D8%A7-%D8%B3%D9%8A%D9%83%D8%B1%D9%8A%D8%AA-pdf
https://www.kotobati.com/%D9%83%D8%AA%D8%A7%D8%A8-%D8%A3%D8%B3%D9%85%D8%A7%D8%A1-%D8%A7%D9%84%D9%84%D9%87-%D8%A7%D9%84%D8%AD%D8%B3%D9%86%D9%89-%D8%A3%D8%AB%D8%A7%D8%B1%D9%87%D8%A7-%D9%88%D8%A3%D8%B3%D8%B1%D8%A7%D8%B1%D9%87%D8%A7-pdf
https://www.kotobati.com/%D9%83%D8%AA%D8%A7%D8%A8-%E2%80%AB%D9%83%D9%8A%D9%81-%D8%AA%D8%B5%D8%A8%D8%AD-%D8%A5%D9%86%D8%B3%D8%A7%D9%86%D8%A7
https://www.kotobati.com/%D9%83%D8%AA%D8%A7%D8%A8-%E2%80%AB%D9%83%D9%8A%D9%81-%D8%AA%D8%B5%D8%A8%D8%AD-%D8%A5%D9%86%D8%B3%D8%A7%D9%86%D8%A7
https://www.kotobati.com/%D9%83%D8%AA%D8%A7%D8%A8-%D8%A7%D9%84%D9%85%D8%AE-%D8%A7%D9%84%D8%B3%D8%B9%D9%8A%D8%AF-pdf
https://www.kotobati.com/%D9%83%D8%AA%D8%A7%D8%A8-%E2%80%AB%D9%85%D8%AD%D8%A7%D8%B7-%D8%A8%D8%A7%D9%84%D9%85%D8%B1%D8%B6%D9%89-%D8%A7%D9%84%D9%86%D9%81%D8%B3%D9%8A%D9%8A%D9%86%E2%80%AC-pdf
https://www.kotobati.com/%D9%83%D8%AA%D8%A7%D8%A8-%D9%85%D8%A7%D8%A6%D8%A9-%D8%B7%D8%B1%D9%8A%D9%82%D8%A9-%D9%84%D8%AA%D8%AD%D9%81%D9%8A%D8%B2-%D9%86%D9%81%D8%B3%D9%83-pdf
https://www.kotobati.com/%D9%83%D8%AA%D8%A7%D8%A8-%D8%A7%D9%84%D9%85%D8%AE-%D8%A7%D9%84%D8%A3%D8%A8%D9%84%D9%87-pdf
https://www.kotobati.com/%D8%B1%D9%88%D8%A7%D9%8A%D8%A9-%D8%BA%D9%81%D9%88%D8%A9-%D8%B0%D8%A7%D8%AA-%D8%B8%D9%87%D9%8A%D8%B1%D8%A9-pdf
https://www.kotobati.com/%D8%B1%D9%88%D8%A7%D9%8A%D8%A9-%D8%A2%D9%85%D9%88%D9%83-%D8%B3%D8%B9%D8%A7%D8%B1-%D8%A7%D9%84%D8%AD%D8%A8-pdf
https://www.kotobati.com/%D9%83%D8%AA%D8%A7%D8%A8-%D9%81%D8%B1%D8%B9%D9%88%D9%86-%D8%B0%D9%88-%D8%A7%D9%84%D8%A3%D9%88%D8%AA%D8%A7%D8%AF
https://www.kotobati.com/%D8%B1%D9%88%D8%A7%D9%8A%D8%A9-%D9%85%D9%83%D8%AA%D8%A8%D8%A9-%D9%85%D9%86%D8%AA%D8%B5%D9%81-%D8%A7%D9%84%D9%84%D9%8A%D9%84-pdf
https://www.kotobati.com/%D9%83%D8%AA%D8%A7%D8%A8-101-%D8%B3%D8%B1-%D8%A2%D8%B1%D9%8A%D9%88%D8%B3-pdf
https://www.kotobati.com/%D9%83%D8%AA%D8%A7%D8%A8-%D8%A7%D9%84%D8%B1%D8%AD%D9%8A%D9%82-%D8%A7%D9%84%D9%85%D8%AE%D8%AA%D9%88%D9%85-pdf
https://www.kotobati.com/%D9%83%D8%AA%D8%A7%D8%A8-%D8%A7%D9%84%D8%B3%D9%85%D8%A7%D8%AD-%D8%A8%D8%A7%D9%84%D8%B1%D8%AD%D9%8A%D9%84
https://www.kotobati.com/%D9%83%D8%AA%D8%A7%D8%A8-%D8%A7%D9%84%D8%A3%D9%85%D8%B9%D8%A7%D8%A1-%D9%83%D9%86%D8%B2%D9%83-%D9%81%D9%8A-%D8%A8%D8%B7%D9%86%D9%83-pdf
https://www.kotobati.com/%D8%B1%D9%88%D8%A7%D9%8A%D8%A9-%D9%85%D8%AF%D9%86-%D8%A7%D9%84%D9%85%D9%84%D8%AD-%D8%A7%D9%84%D8%AA%D9%8A%D9%87-pdf
https://www.kotobati.com/%D8%B1%D9%88%D8%A7%D9%8A%D8%A9-%E2%80%AB%D8%A7%D9%84%D8%B4%D8%A7%D9%87%D8%AF-%D8%A7%D9%84%D8%B5%D8%A7%D9%85%D8%AA-%D9%85%D9%82%D8%AA%D9%84-%D8%A7%D9%84%D8%A2%D9%86%D8%B3%D8%A9-%D8%A5%D9%85%D9%8A%D9%84%D9%8A-%D8%A3%D8%B1%D9%88%D9%86%D8%AF%D9%8A%D9%84%E2%80%AC-pdf
https://www.kotobati.com/%D9%83%D8%AA%D8%A7%D8%A8-%D8%A7%D9%84%D9%85%D8%B1%D8%A7%D9%87%D9%82%D9%88%D9%86-%D8%A7%D9%84%D9%85%D8%B2%D8%B9%D8%AC%D9%88%D9%86
https://www.kotobati.com/%D9%83%D8%AA%D8%A7%D8%A8-%D8%A7%D9%84%D8%B7%D8%B1%D9%8A%D9%82-%D8%A5%D9%84%D9%89-%D8%A7%D9%84%D9%82%D8%B1%D8%A2%D9%86-pdf
https://www.kotobati.com/%D9%83%D8%AA%D8%A7%D8%A8-%D8%A7%D9%84%D8%AA%D8%A3%D9%85%D9%84-%D9%81%D9%86-%D8%A7%D9%84%D9%86%D8%B4%D9%88%D8%A9-%D8%A7%D9%84%D8%AF%D8%A7%D8%AE%D9%84%D9%8A%D8%A9-pdf
https://www.kotobati.com/%D9%83%D8%AA%D8%A7%D8%A8-%D8%A8%D8%B5%D8%AD%D8%A8%D8%A9-%D9%83%D9%88%D8%A8-%D9%85%D9%86-%D8%A7%D9%84%D8%B4%D8%A7%D9%8A-pdf
https://www.kotobati.com/mans-search-for-meaning-pdf
https://www.kotobati.com/%D9%83%D8%AA%D8%A7%D8%A8-%D8%AF%D8%B1%D8%A8-%D8%A7%D9%84%D8%AD%D8%A8
https://www.kotobati.com/%D9%83%D8%AA%D8%A7%D8%A8-%D9%82%D9%87%D9%88%D8%A9-%D8%A8%D8%A7%D9%84%D9%8A%D9%88%D8%B1%D8%A7%D9%86%D9%8A%D9%88%D9%85-pdf
https://www.kotobati.com/%D8%B1%D9%88%D8%A7%D9%8A%D8%A9-%D8%B5%D8%A7%D9%84%D8%A9-%D8%A3%D9%88%D8%B1%D9%81%D8%A7%D9%86%D9%8A%D9%84%D9%84%D9%8A-pdf
https://www.kotobati.com/%D9%83%D8%AA%D8%A7%D8%A8-%D8%A7%D9%84%D8%AD%D9%83%D9%8A%D9%85-%D9%88%D8%B1%D8%A7%D9%83%D8%A8-%D8%A7%D9%84%D8%A3%D9%85%D9%88%D8%A7%D8%AC-%D9%88%D8%A7%D9%84%D8%B1%D8%A6%D9%8A%D8%B3-%D8%A7%D9%84%D8%AA%D9%86%D9%81%D9%8A%D8%B0%D9%8A-pdf
https://www.kotobati.com/%D8%B1%D9%88%D8%A7%D9%8A%D8%A9-%D9%85%D9%88%D8%AA-%D8%B5%D8%BA%D9%8A%D8%B1-pdf
https://www.kotobati.com/%D9%83%D8%AA%D8%A7%D8%A8-%D8%B8%D9%86%D9%86%D8%AA%D9%87-%D8%B1%D8%AC%D9%84%D8%A7-pdf
https://www.kotobati.com/%D8%B1%D9%88%D8%A7%D9%8A%D8%A9-4-%D8%B4%D8%A7%D8%B1%D8%B9-%D8%A7%D9%84%D9%86%D8%AC%D8%A7%D8%AD-pdf
https://www.kotobati.com/%D9%83%D8%AA%D8%A7%D8%A8-%D8%AA%D9%81%D8%B3%D9%8A%D8%B1-%D8%A7%D9%84%D9%82%D8%B1%D8%A2%D9%86-%D8%A7%D9%84%D8%B9%D8%B8%D9%8A%D9%85-pdf
https://www.kotobati.com/%D9%83%D8%AA%D8%A7%D8%A8-%D9%81%D8%A7%D8%B7%D9%85%D8%A6%D9%86-pdf
https://www.kotobati.com/%D9%83%D8%AA%D8%A7%D8%A8-%D8%A7%D9%84%D8%AC%D9%84%D8%B7%D8%A9-%D8%A7%D9%84%D8%AA%D9%8A-%D8%A3%D9%86%D8%A7%D8%B1%D8%AA-%D8%A8%D8%B5%D9%8A%D8%B1%D8%AA%D9%8A-pdf
https://www.kotobati.com/%D9%83%D8%AA%D8%A7%D8%A8-%D8%B5%D9%88%D8%B1-%D9%85%D9%86-%D8%AD%D9%8A%D8%A7%D8%A9-%D8%A7%D9%84%D8%B5%D8%AD%D8%A7%D8%A8%D9%8A%D8%A7%D8%AA
https://www.kotobati.com/%D8%B1%D9%88%D8%A7%D9%8A%D8%A9-%D9%83%D9%84-%D8%A7%D9%84%D8%A3%D8%B4%D9%8A%D8%A7%D8%A1-pdf
https://www.kotobati.com/%D9%83%D8%AA%D8%A7%D8%A8-%D8%B2%D8%A7%D8%AF-%D8%A7%D9%84%D9%85%D8%B9%D8%A7%D8%AF-%D9%81%D9%8A-%D9%87%D8%AF%D9%8A-%D8%AE%D9%8A%D8%B1-%D8%A7%D9%84%D8%B9%D8%A8%D8%A7%D8%AF-pdf
https://www.kotobati.com/%D9%83%D8%AA%D8%A7%D8%A8-%D8%A3%D9%83%D8%AB%D8%B1-%D9%85%D9%86-%D8%B7%D8%B1%D9%8A%D9%82%D8%A9-%D9%84%D8%A7%D8%A6%D9%82%D8%A9-%D9%84%D9%84%D8%BA%D8%B1%D9%82-pdf
https://www.kotobati.com/%D9%83%D8%AA%D8%A7%D8%A8-%D8%AF%D9%85%D8%A7%D8%BA%D9%83-%D8%AA%D8%AD%D8%AA-%D8%AA%D8%A3%D8%AB%D9%8A%D8%B1-%D8%A7%D9%84%D8%A5%D8%A8%D8%A7%D8%AD%D9%8A%D8%A9-pdf
https://www.kotobati.com/%D8%B1%D9%88%D8%A7%D9%8A%D8%A9-%D9%88%D8%A8%D8%B9%D8%AF-pdf
https://www.kotobati.com/%D9%83%D8%AA%D8%A7%D8%A8-%D8%B8%D9%86%D9%86%D8%AA%D9%87-%D8%AD%D8%A8%D8%A7-pdf
https://www.kotobati.com/%D8%B1%D9%88%D8%A7%D9%8A%D8%A9-%D8%A7%D9%84%D8%A8%D9%86%D8%AA-%D8%A7%D9%84%D8%AA%D9%8A-%D9%84%D8%A7-%D8%AA%D8%AD%D8%A8-%D8%A7%D8%B3%D9%85%D9%87%D8%A7-pdf
https://www.kotobati.com/%D9%83%D8%AA%D8%A7%D8%A8-%D9%86%D8%B8%D8%B1%D9%8A%D8%A9-%D8%A7%D9%84%D9%81%D8%B3%D8%AA%D9%822-pdf
https://www.kotobati.com/%D9%83%D8%AA%D8%A7%D8%A8-%D8%A3%D8%AA%D9%8A%D8%AA-%D9%88%D8%AD%D9%8A%D8%AF%D8%A7-pdf
https://www.kotobati.com/%D9%83%D8%AA%D8%A7%D8%A8-%D9%88%D9%84%D9%84%D8%AC%D8%AB%D8%AB-%D8%B1%D8%A3%D9%8A-%D8%A2%D8%AE%D8%B1-pdf
https://www.kotobati.com/%D9%83%D8%AA%D8%A7%D8%A8-%D8%A7%D9%84%D8%A3%D8%B1%D8%A8%D8%B9%D9%88%D9%86-%D9%81%D9%8A-%D8%B9%D8%B8%D9%85%D8%A9-%D8%B1%D8%A8-%D8%A7%D9%84%D8%B9%D8%A7%D9%84%D9%85%D9%8A%D9%86-pdf
https://www.kotobati.com/%D8%B1%D9%88%D8%A7%D9%8A%D8%A9-%D9%86%D8%A7%D8%AF%D8%B1-%D9%81%D9%88%D8%AF%D9%87-pdf
https://www.kotobati.com/%D9%83%D8%AA%D8%A7%D8%A8-%D8%A7%D9%84%D9%81%D9%87%D9%85
https://www.kotobati.com/%D9%83%D8%AA%D8%A7%D8%A8-%D8%B5%D9%88%D8%B1-%D9%85%D9%86-%D8%AD%D9%8A%D8%A7%D8%A9-%D8%A7%D9%84%D8%B5%D8%AD%D8%A7%D8%A8%D8%A9-%D8%A7%D9%84%D8%AC%D8%B2%D8%A1-%D8%A7%D9%84%D8%AB%D8%A7%D9%86%D9%8A
https://www.kotobati.com/%D9%83%D8%AA%D8%A7%D8%A8-%D8%A5%D8%B9%D8%A7%D8%AF%D8%A9-%D8%A7%D9%83%D8%AA%D8%B4%D8%A7%D9%81-%D8%A7%D9%84%D9%82%D9%8A%D8%A7%D8%AF%D8%A9-pdf
https://www.kotobati.com/%D9%83%D8%AA%D8%A7%D8%A8-%D8%B5%D9%88%D8%B1-%D9%85%D9%86-%D8%AD%D9%8A%D8%A7%D8%A9-%D8%A7%D9%84%D8%B5%D8%AD%D8%A7%D8%A8%D8%A9
https://www.kotobati.com/%D8%B1%D9%88%D8%A7%D9%8A%D8%A9-%D9%83%D9%84-%D8%A7%D9%84%D8%B7%D8%B1%D9%82-%D9%84%D8%A7-%D8%AA%D8%A4%D8%AF%D9%8A-%D8%A5%D9%84%D9%89-%D8%B1%D9%88%D9%85%D8%A7-pdf
https://www.kotobati.com/%D8%B1%D9%88%D8%A7%D9%8A%D8%A9-%D8%B3%D9%84%D9%85%D9%89-%D9%82%D8%B5%D8%A9-%D8%A7%D9%84%D8%AD%D8%A8-%D9%88%D8%A7%D9%84%D9%82%D8%AF%D8%B1-pdf
https://www.kotobati.com/%D8%B1%D9%88%D8%A7%D9%8A%D8%A9-%D9%82%D9%84%D8%A8-%D8%A7%D9%84%D8%AC%D8%AD%D9%8A%D9%85-pdf
https://www.kotobati.com/%D9%83%D8%AA%D8%A7%D8%A8-%D9%85%D9%86-%D8%A7%D9%84%D9%8A%D9%88%D9%85-%D9%84%D9%86-%D8%AA%D9%86%D8%A7%D9%85-%D8%AD%D8%B2%D9%8A%D9%86%D8%A7-%D9%8A%D8%A7-%D8%A8%D9%86%D9%8A-pdf
https://www.kotobati.com/%D9%83%D8%AA%D8%A7%D8%A8-%D8%A5%D8%A8%D8%B1%D8%A7%D9%87%D9%8A%D9%85-%D9%88%D8%B3%D8%A7%D8%B1%D8%A9-%D8%A7%D9%84%D9%87%D8%AC%D8%B1%D8%A9-%D8%A7%D9%84%D9%88%D9%87%D9%85%D9%8A%D8%A9-%D8%A5%D9%84%D9%89-%D9%81%D9%84%D8%B3%D8%B7%D9%8A%D9%86-pdf
https://www.kotobati.com/%D9%83%D8%AA%D8%A7%D8%A8-%D8%A7%D9%84%D9%83%D9%88%D9%85%D9%8A%D8%AF%D9%8A%D8%A7-%D8%A7%D9%84%D8%A5%D9%84%D9%87%D9%8A%D8%A9-%D8%A7%D9%84%D9%81%D8%B1%D8%AF%D9%88%D8%B3-pdf
https://www.kotobati.com/%D8%B1%D9%88%D8%A7%D9%8A%D8%A9-%D8%A7%D9%84%D8%B9%D8%A7%D8%B4%D9%82-%D8%A7%D9%84%D9%8A%D8%A7%D8%A8%D8%A7%D9%86%D9%8A-pdf
https://www.kotobati.com/%D8%B1%D9%88%D8%A7%D9%8A%D8%A9-%D8%A7%D9%84%D8%B9%D8%A7%D8%A6%D8%AF-%D9%85%D8%AE%D8%B7%D9%88%D8%B7%D8%A9-%D8%A8%D9%86-%D8%A7%D8%B3%D8%AD%D8%A7%D9%82-3-pdf
https://www.kotobati.com/%D9%83%D8%AA%D8%A7%D8%A8-%D9%83%D9%8A%D9%81-%D8%A3%D9%83%D9%88%D9%86-%D8%B3%D8%B9%D9%8A%D8%AF%D8%A7-pdf
https://www.kotobati.com/%D9%83%D8%AA%D8%A7%D8%A8-%D9%83%D8%AA%D9%8A%D8%A8-%D8%A7%D9%84%D8%AA%D9%88%D8%AB%D9%8A%D9%82-pdf
https://www.kotobati.com/%D9%83%D8%AA%D8%A7%D8%A8-%D9%84%D9%8A%D8%B7%D9%85%D8%A6%D9%86-%D8%B9%D9%82%D9%84%D9%8A-pdf
https://www.kotobati.com/%D9%83%D8%AA%D8%A7%D8%A8-%D8%A7%D9%84%D9%83%D8%A8%D8%AA-pdf
https://www.kotobati.com/%D8%B1%D9%88%D8%A7%D9%8A%D8%A9-%D8%AE%D8%B1%D9%88%D8%AC-%D8%A7%D9%86%D8%AA%D9%8A%D8%AE%D8%B1%D9%8A%D8%B3%D8%AA%D9%88%D8%B3-pdf
https://www.kotobati.com/%D9%83%D8%AA%D8%A7%D8%A8-%D9%85%D8%A7%D8%B0%D8%A7-%D8%A3%D9%82%D8%B1%D8%A3
https://www.kotobati.com/%D9%83%D8%AA%D8%A7%D8%A8-%D9%85%D8%B3%D9%84%D9%83%D9%8A%D8%A7%D8%AA-pdf
https://www.kotobati.com/%D8%B1%D9%88%D8%A7%D9%8A%D8%A9-%D8%A2%D8%AE%D8%B1-%D9%84%D9%8A%D8%A7%D9%84%D9%8A-%D8%AF%D9%8A%D8%B3%D9%85%D8%A8%D8%B1-pdf
https://www.kotobati.com/%D9%83%D8%AA%D8%A7%D8%A8-%D9%83%D9%8A%D9%81-%D9%8A%D8%B3%D8%AA%D8%B7%D9%8A%D8%B9-%D8%AA%D9%81%D9%83%D9%8A%D8%B1%D9%83-%D8%A3%D9%86-%D9%8A%D8%B4%D9%81%D9%8A-%D8%AC%D8%B3%D8%AF%D9%83-pdf
https://www.kotobati.com/%D8%B1%D9%88%D8%A7%D9%8A%D8%A9-%D8%A3%D8%A8%D9%8A-%D8%A7%D8%B3%D9%85%D9%87-%D8%A5%D8%A8%D8%B1%D8%A7%D9%87%D9%8A%D9%85-pdf
https://www.kotobati.com/%D9%83%D8%AA%D8%A7%D8%A8-%D9%85%D8%B1%D9%86-%D8%B9%D8%B6%D9%84%D8%A7%D8%AA-%D9%85%D8%AE%D9%83
https://www.kotobati.com/%D8%B1%D9%88%D8%A7%D9%8A%D8%A9-%D8%A7%D9%84%D9%85%D8%AD%D8%AA%D8%B1%D9%85-%D8%A7%D9%84%D8%A8%D8%B1%D8%A8%D8%B1%D9%8A-pdf
https://www.kotobati.com/%D9%83%D8%AA%D8%A7%D8%A8-%D8%A7%D9%86%D8%AA%D8%AD%D8%A7%D8%B1-%D9%81%D8%A7%D8%B4%D9%84-pdf
https://www.kotobati.com/%D9%83%D8%AA%D8%A7%D8%A8-%D9%82%D9%88%D8%A7%D9%86%D9%8A%D9%86-%D8%A7%D9%84%D8%AA%D8%B3%D8%AE%D9%8A%D8%B1
https://www.kotobati.com/%D9%83%D8%AA%D8%A7%D8%A8-%D9%82%D9%88%D8%A9-%D8%A7%D9%84%D8%A2%D9%86
https://www.kotobati.com/%D9%83%D8%AA%D8%A7%D8%A8-%D8%AE%D8%B0%D9%87%D8%A7-%D9%82%D8%A7%D8%B9%D8%AF%D8%A9-pdf
https://www.kotobati.com/%D9%83%D8%AA%D8%A7%D8%A8-%D8%AF%D9%83%D8%A7%D9%86-%D8%AC%D8%AF%D9%8A-pdf
https://www.kotobati.com/%D8%B1%D9%88%D8%A7%D9%8A%D8%A9-%D8%A3%D9%86%D8%AA-%D9%84%D9%8A-%D9%88%D8%AD%D8%AF%D9%8A-pdf
https://www.kotobati.com/%D8%B1%D9%88%D8%A7%D9%8A%D8%A9-%D8%A7%D9%84%D9%86%D8%AF%D8%A7%D9%87%D8%A9-pdf
https://www.kotobati.com/%D9%83%D8%AA%D8%A7%D8%A8-%D8%BA%D8%B1%D9%81%D8%A9-%D8%AA%D8%AE%D8%B5-%D8%A7%D9%84%D9%85%D8%B1%D8%A1-%D9%88%D8%AD%D8%AF%D9%87-pdf
https://www.kotobati.com/%D9%83%D8%AA%D8%A7%D8%A8-%D9%81%D8%AA%D8%AD-%D8%A7%D9%84%D9%85%D8%AC%D9%8A%D8%AF-pdf
https://www.kotobati.com/%D9%83%D8%AA%D8%A7%D8%A8-%D8%A7%D9%84%D8%B4%D8%A7%D9%83%D8%B1%D8%A7%D8%AA-%D9%85%D9%81%D8%A7%D8%AA%D9%8A%D8%AD-%D8%B3%D8%A8%D8%B9%D8%A9-%D9%84%D8%A7%D9%8A%D9%82%D8%A7%D8%B8-%D9%88%D8%A7%D8%B3%D8%AA%D8%B9%D8%A7%D8%AF%D8%A9-%D8%B7%D8%A7%D9%82%D8%A9-%D8%A7%D9%84%D8%AC%D8%B3%D8%AF
https://www.kotobati.com/%D9%83%D8%AA%D8%A7%D8%A8-%D8%A3%D9%8A%D8%A7%D9%85-%D9%85%D8%B9-%D8%B7%D9%87-%D8%AD%D8%B3%D9%8A%D9%86-pdf
https://www.kotobati.com/%D8%B1%D9%88%D8%A7%D9%8A%D8%A9-%D8%A7%D9%84%D8%B1%D8%AC%D9%84-%D8%A7%D9%84%D8%B6%D8%A7%D8%AD%D9%83-pdf
https://www.kotobati.com/%D9%83%D8%AA%D8%A7%D8%A8-%D8%AF%D9%85-%D8%A7%D9%84%D8%AD%D8%B3%D9%8A%D9%86-pdf
https://www.kotobati.com/%D8%B1%D9%88%D8%A7%D9%8A%D8%A9-%D9%84%D8%A3%D9%86%D9%86%D9%8A-%D8%A3%D8%AD%D8%A8%D9%83-pdf
https://www.kotobati.com/%D9%83%D8%AA%D8%A7%D8%A8-%D8%AA%D8%A3%D9%85%D9%84%D8%A7%D8%AA-%D9%82%D8%A8%D9%84-%D8%A7%D9%84%D9%86%D9%88%D9%85-pdf
https://www.kotobati.com/%D8%B1%D9%88%D8%A7%D9%8A%D8%A9-%D8%AD%D9%84%D9%8A%D8%A8-%D8%B3%D9%88%D9%81%D9%8A%D9%8A%D8%AA%D9%8A-pdf
https://www.kotobati.com/%D9%83%D8%AA%D8%A7%D8%A8-%D8%AA%D8%A7%D8%B1%D9%8A%D8%AE-%D8%B9%D9%84%D9%85-%D8%A7%D9%84%D9%86%D9%81%D8%B3-%D9%88%D9%85%D8%AF%D8%A7%D8%B1%D8%B3%D9%87-pdf
https://www.kotobati.com/%D9%83%D8%AA%D8%A7%D8%A8-%D8%A3%D9%86%D8%A7-%D8%A3%D8%AD%D8%A8-%D8%B0%D8%A7%D8%AA%D9%8A-pdf
https://www.kotobati.com/%D9%83%D8%AA%D8%A7%D8%A8-%D8%A3%D8%AD%D8%A8%D9%83-%D9%88%D9%83%D9%81%D9%89-pdf
https://www.kotobati.com/%D9%83%D8%AA%D8%A7%D8%A8-%D8%A3%D9%88%D8%AF%D9%8A%D8%B3%D8%A7-%D8%A7%D9%84%D9%86%D8%AC%D8%A7%D8%AD-pdf
https://www.kotobati.com/%D9%83%D8%AA%D8%A7%D8%A8-%D8%A7%D9%84%D8%A8%D8%AF%D9%8A%D9%84-%D8%A7%D9%84%D8%AB%D8%A7%D9%84%D8%AB-pdf
https://www.kotobati.com/%D9%83%D8%AA%D8%A7%D8%A8-%D8%A7%D9%84%D8%A3%D8%B1%D8%A8%D8%B9%D9%88%D9%86-%D8%A7%D9%84%D9%86%D9%88%D9%88%D9%8A%D8%A9-pdf
https://www.kotobati.com/%D9%83%D8%AA%D8%A7%D8%A8-%E2%80%AB%D9%83%D9%8A%D9%81-%D8%AA%D8%B5%D8%A8%D8%AD-%D8%AB%D8%B1%D9%8A%D8%A7-%D8%A8%D8%B7%D8%B1%D9%8A%D9%82%D8%AA%D9%83-%D8%A7%D9%84%D8%AE%D8%A7%D8%B5%D8%A9-%D8%AD%D9%82%D9%82-%D9%83%D9%84-%D8%A3%D9%87%D8%AF%D8%A7%D9%81%D9%83-%D8%A7%D9%84%D9%85%D8%A7%D9%84%D9%8A%D8%A9-%D9%81%D9%8A-%D8%B2%D9%85%D9%86-%D9%82%D9%8A%D8%A7%D8%B3%D9%8A-pdf
https://www.kotobati.com/%D9%83%D8%AA%D8%A7%D8%A8-%D9%84%D8%B3%D9%86%D8%A7-%D9%81%D9%8A-%D8%B2%D9%85%D8%A7%D9%86-%D8%A3%D8%A8%D8%B1%D9%87%D8%A9-pdf
https://www.kotobati.com/%D9%83%D8%AA%D8%A7%D8%A8-%D8%A7%D9%84%D8%AA%D8%B9%D8%A7%D9%84%D9%85-%D9%88%D8%A3%D8%AB%D8%B1%D9%87-%D8%B9%D9%84%D9%89-%D8%A7%D9%84%D9%81%D9%83%D8%B1-%D9%88%D8%A7%D9%84%D9%83%D8%AA%D8%A7%D8%A8-pdf
https://www.kotobati.com/%D8%B1%D9%88%D8%A7%D9%8A%D8%A9-%D8%B2%D9%85%D9%86-%D8%A7%D9%84%D8%AE%D9%8A%D9%88%D9%84-%D8%A7%D9%84%D8%A8%D9%8A%D8%B6%D8%A7%D8%A1-pdf
https://www.kotobati.com/%D8%B1%D9%88%D8%A7%D9%8A%D8%A9-%D8%A7%D9%85%D8%AA%D8%AF%D8%A7%D8%AD-%D8%A7%D9%84%D8%AE%D8%A7%D9%84%D8%A9-pdf
https://www.kotobati.com/%D8%B1%D9%88%D8%A7%D9%8A%D8%A9-%D8%B2%D9%88%D8%AC%D8%AA%D9%8A-%D8%B7%D9%81%D9%84%D8%A9-pdf
https://www.kotobati.com/%D8%B1%D9%88%D8%A7%D9%8A%D8%A9-%D8%B3%D9%88%D9%86%D8%A7%D8%AA%D8%A7-%D9%84%D8%A3%D8%B4%D8%A8%D8%A7%D8%AD-%D8%A7%D9%84%D9%82%D8%AF%D8%B3-pdf
https://www.kotobati.com/%D8%B1%D9%88%D8%A7%D9%8A%D8%A9-%D9%84%D8%A7%D9%81%D9%86%D8%AF%D8%B1-%D9%86%D8%B1%D8%AA%D9%82%D9%8A-%D8%A8%D8%A7%D9%84%D8%AE%D9%8A%D8%A7%D9%86%D8%A9-pdf
https://www.kotobati.com/%D9%83%D8%AA%D8%A7%D8%A8-%D9%85%D9%86-%D8%A7%D9%84%D8%AC%D9%86%D8%B3-%D8%A5%D9%84%D9%89-%D8%A3%D8%B9%D9%84%D9%89-%D9%85%D8%B1%D8%A7%D8%AD%D9%84-%D8%A7%D9%84%D9%88%D8%B9%D9%8A-pdf
https://www.kotobati.com/family-ties-pdf
https://www.kotobati.com/%D9%83%D8%AA%D8%A7%D8%A8-%D8%A5%D8%AF%D8%A7%D8%B1%D8%A9-%D8%A7%D9%84%D8%A3%D9%88%D9%84%D9%88%D9%8A%D8%A7%D8%AA-%D8%A7%D9%84%D8%A3%D9%87%D9%85-%D8%A3%D9%88%D9%84%D8%A7-pdf
https://www.kotobati.com/%D9%83%D8%AA%D8%A7%D8%A8-%D8%A3%D8%B4%D9%87%D8%B1-50-%D8%AE%D8%B1%D8%A7%D9%81%D8%A9-%D9%81%D9%8A-%D8%B9%D9%84%D9%85-%D8%A7%D9%84%D9%86%D9%81%D8%B3-pdf
https://www.kotobati.com/%D9%83%D8%AA%D8%A7%D8%A8-%D8%A7%D9%84%D8%AE%D8%B1%D9%88%D8%AC-%D9%84%D9%84%D9%86%D9%87%D8%A7%D8%B1-pdf
https://www.kotobati.com/%D8%B1%D9%88%D8%A7%D9%8A%D8%A9-%D8%B9%D8%B1%D9%88%D8%B3-%D8%A7%D9%84%D9%85%D8%B7%D8%B1-pdf
https://www.kotobati.com/%D8%B1%D9%88%D8%A7%D9%8A%D8%A9-%D8%A3%D9%84%D9%81-pdf
https://www.kotobati.com/%D9%83%D8%AA%D8%A7%D8%A8-%D8%A3%D8%B1%D9%8A%D8%AF-%D8%A3%D9%86-%D8%A3%D8%AA%D9%88%D8%A8-%D9%88%D9%84%D9%83%D9%86-pdf
https://www.kotobati.com/%D8%B1%D9%88%D8%A7%D9%8A%D8%A9-%D8%AF%D8%AE%D9%8A%D9%84-%D9%81%D9%8A-%D8%A7%D9%84%D8%AA%D8%B1%D8%A7%D8%A8-pdf
https://www.kotobati.com/%D9%83%D8%AA%D8%A7%D8%A8-%D8%B5%D9%81%D9%88%D8%A9-%D8%A7%D9%84%D8%AA%D9%81%D8%A7%D8%B3%D9%8A%D8%B1-1-pdf
https://www.kotobati.com/%D9%83%D8%AA%D8%A7%D8%A8-%D9%83%D9%86-%D8%A3%D9%86%D8%AA
https://www.kotobati.com/%D8%B1%D9%88%D8%A7%D9%8A%D8%A9-%D9%82%D8%B7%D8%A9-%D9%81%D9%8A-%D8%B9%D8%B1%D9%8A%D9%86-%D8%A7%D9%84%D8%A3%D8%B3%D8%AF-pdf
https://www.kotobati.com/%D9%83%D8%AA%D8%A7%D8%A8-%D9%83%D9%86%D9%87-%D8%A7%D9%84%D9%85%D8%B1%D8%A7%D8%AF-%D9%81%D9%8A-%D8%A8%D9%8A%D8%A7%D9%86-%D8%A8%D8%A7%D9%86%D8%AA-%D8%B3%D8%B9%D8%A7%D8%AF-pdf
https://www.kotobati.com/%D8%B1%D9%88%D8%A7%D9%8A%D8%A9-%D8%B1%D8%BA%D9%88%D8%A9-%D8%B3%D9%88%D8%AF%D8%A7%D8%A1-pdf
https://www.kotobati.com/%D8%B1%D9%88%D8%A7%D9%8A%D8%A9-%D8%AD%D9%83%D8%A7%D9%8A%D8%A9-%D8%A7%D9%84%D8%A7%D8%B3%D9%85-%D8%A7%D9%84%D8%AC%D8%AF%D9%8A%D8%AF-pdf-1
https://www.kotobati.com/%D9%83%D8%AA%D8%A7%D8%A8-%D8%AA%D8%B3%D8%AA%D8%B7%D9%8A%D8%B9-%D8%B4%D9%81%D8%A7%D8%A1-%D9%82%D9%84%D8%A8%D9%83
https://www.kotobati.com/%D9%83%D8%AA%D8%A7%D8%A8-%D8%A7%D9%84%D8%B9%D9%84%D8%A7%D8%AC-%D9%88%D8%A7%D9%84%D8%B4%D9%81%D8%A7%D8%A1
https://www.kotobati.com/%D9%83%D8%AA%D8%A7%D8%A8-%D8%A7%D9%81%D8%AA%D8%AD-%D8%A7%D9%84%D9%86%D8%A7%D9%81%D8%B0%D8%A9-%D8%AB%D9%85%D8%A9-%D8%B6%D9%88%D8%A1-pdf
https://www.kotobati.com/%D8%B1%D9%88%D8%A7%D9%8A%D8%A9-%D8%B3%D9%88%D8%A7%D8%B3%D9%8A%D8%A9-pdf
https://www.kotobati.com/%D9%83%D8%AA%D8%A7%D8%A8-%D8%A7%D9%84%D8%A7%D8%B1%D8%B4%D8%A7%D8%AF-%D8%A7%D9%84%D9%86%D9%81%D8%B3%D9%8A-pdf
https://www.kotobati.com/%D9%83%D8%AA%D8%A7%D8%A8-%D9%85%D8%B9%D8%AC%D9%85-%D8%A7%D9%84%D9%81%D8%B1%D9%88%D9%82-%D8%A7%D9%84%D8%AF%D9%84%D8%A7%D9%84%D9%8A%D8%A9-%D9%81%D9%8A-%D8%A7%D9%84%D9%82%D8%B1%D8%A2%D9%86-%D8%A7%D9%84%D9%83%D8%B1%D9%8A%D9%85-pdf
https://www.kotobati.com/%D9%83%D8%AA%D8%A7%D8%A8-%D8%A7%D8%AE%D9%84%D8%B9-%D8%AD%D8%B0%D8%A7%D8%A1%D9%83-pdf
https://www.kotobati.com/%D9%83%D8%AA%D8%A7%D8%A8-%D9%85%D8%B9%D8%AC%D9%85-%D9%82%D8%A8%D8%A7%D8%A6%D9%84-%D8%A7%D9%84%D8%B9%D8%B1%D8%A8-%D8%A7%D9%84%D9%82%D8%AF%D9%8A%D9%85%D8%A9-%D9%88%D8%A7%D9%84%D8%AD%D8%AF%D9%8A%D8%AB%D8%A9-pdf
https://www.kotobati.com/%D8%B1%D9%88%D8%A7%D9%8A%D8%A9-%D8%A7%D9%84%D8%B2%D9%88%D8%AC-%D8%A7%D9%84%D8%A3%D8%A8%D8%AF%D9%8A-pdf
https://www.kotobati.com/%D9%83%D8%AA%D8%A7%D8%A8-%D8%A7%D9%84%D8%B7%D8%A7%D9%82%D8%A9-%D8%A7%D9%84%D9%85%D8%AF%D9%87%D8%B4%D8%A9-%D9%84%D9%84%D9%85%D8%B4%D8%A7%D8%B9%D8%B1
https://www.kotobati.com/%D9%83%D8%AA%D8%A7%D8%A8-%D8%A7%D9%84%D8%B9%D9%85%D9%84-%D8%A7%D9%84%D9%85%D8%A3%D8%AC%D9%88%D8%B1-%D9%88%D8%B1%D8%A3%D8%B3-%D8%A7%D9%84%D9%85%D8%A7%D9%84-pdf
https://www.kotobati.com/%D9%83%D8%AA%D8%A7%D8%A8-%D8%A8%D8%AD%D8%A7%D8%B1-%D8%A7%D9%84%D8%A7%D9%86%D9%88%D8%A7%D8%B1-%D8%AC-28-pdf
https://www.kotobati.com/%D8%B1%D9%88%D8%A7%D9%8A%D8%A9-%D8%A3%D9%81%D8%B9%D8%A7%D9%84-%D8%A8%D8%B4%D8%B1%D9%8A%D8%A9-pdf
https://www.kotobati.com/%D9%83%D8%AA%D8%A7%D8%A8-%D8%A8%D8%A7%D8%AA%D9%85%D8%A7%D9%86-%D9%88%D8%A7%D9%84%D9%81%D9%84%D8%B3%D9%81%D8%A9-%D8%A7%D9%84%D8%AE%D9%88%D8%B6-%D9%81%D9%8A-%D8%B1%D9%88%D8%AD-%D9%81%D8%A7%D8%B1%D8%B3-%D8%A7%D9%84%D8%B8%D9%84%D8%A7%D9%85
https://www.kotobati.com/%D9%83%D8%AA%D8%A7%D8%A8-999-pdf
https://www.kotobati.com/%D9%83%D8%AA%D8%A7%D8%A8-%D8%A7%D9%84%D9%83%D8%A7%D8%B1%D9%85%D8%A7-%D8%A7%D9%84%D8%B7%D8%A7%D9%87%D8%B1%D8%A9-pdf
https://www.kotobati.com/%D8%B1%D9%88%D8%A7%D9%8A%D8%A9-%D8%A7%D9%84%D8%B9%D8%AC%D9%88%D8%B2-%D9%88%D8%A7%D9%84%D8%A8%D8%AD%D8%B1-pdf
https://www.kotobati.com/%D9%83%D8%AA%D8%A7%D8%A8-%D8%A7%D9%84%D9%85%D9%84%D8%AE%D8%B5-%D9%81%D9%8A-%D8%B4%D8%B1%D8%AD-%D9%83%D8%AA%D8%A7%D8%A8-%D8%A7%D9%84%D8%AA%D9%88%D8%AD%D9%8A%D8%AF-pdf
https://www.kotobati.com/%D8%B1%D9%88%D8%A7%D9%8A%D8%A9-%D9%85%D8%AF%D8%A7%D9%85-%D8%A8%D9%88%D9%81%D8%A7%D8%B1%D9%8A-pdf
https://www.kotobati.com/%D9%83%D8%AA%D8%A7%D8%A8-85-%D8%B7%D8%B1%D9%8A%D9%82%D8%A9-%D9%84%D8%AA%D8%B3%D9%88%D9%8A%D9%82-%D8%A7%D9%84%D9%85%D8%B4%D8%B1%D9%88%D8%B9%D8%A7%D8%AA-%D8%A7%D9%84%D8%B5%D8%BA%D9%8A%D8%B1%D8%A9-%D9%88%D8%A7%D9%84%D9%85%D8%AA%D9%88%D8%B3%D8%B7%D8%A9-pdf
https://www.kotobati.com/%D9%83%D8%AA%D8%A7%D8%A8-%D9%8A%D9%88%D8%AC%D9%88%D9%83%D9%88%D9%86-%D8%AF%D8%B1%D9%88%D8%B3-%D9%81%D9%8A-%D8%A7%D9%84%D8%AD%D9%8A%D8%A7%D8%A9-%D8%A8%D9%82%D9%84%D9%85-%D8%B3%D8%A7%D9%85%D9%88%D8%B1%D8%A7%D9%8A-pdf
https://www.kotobati.com/%D8%B1%D9%88%D8%A7%D9%8A%D8%A9-%D8%A7%D9%84%D8%A8%D8%AD%D8%B1-%D8%A7%D9%84%D9%85%D8%AD%D9%8A%D8%B7-pdf
https://www.kotobati.com/%D8%B1%D9%88%D8%A7%D9%8A%D8%A9-%D8%AA%D8%A7%D9%86%D8%AC%D9%84-2-pdf
https://www.kotobati.com/%D8%B1%D9%88%D8%A7%D9%8A%D8%A9-%D9%84%D8%A7-%D8%AA%D9%82%D9%88%D9%84%D9%8A-%D8%A5%D9%86%D9%83-%D8%AE%D8%A7%D8%A6%D9%81%D8%A9-pdf
https://www.kotobati.com/%D9%85%D8%AC%D9%84%D8%A9-%D8%A7%D9%84%D9%85%D9%87%D8%A7-pdf
https://www.kotobati.com/%D8%B1%D9%88%D8%A7%D9%8A%D8%A9-%D8%AA%D8%AD%D8%AA-%D8%AA%D8%A3%D8%AB%D9%8A%D8%B1-%D8%A7%D9%84%D8%AF%D9%88%D8%A8%D8%A7%D9%85%D9%8A%D9%86-pdf
https://www.kotobati.com/%D8%B1%D9%88%D8%A7%D9%8A%D8%A9-%D9%85%D8%AE%D9%85%D9%84-pdf
https://www.kotobati.com/%D8%B1%D9%88%D8%A7%D9%8A%D8%A9-%D8%AF%D9%83%D8%AA%D9%88%D8%B1%D8%A9-%D9%87%D9%86%D8%A7%D8%A1-pdf
https://www.kotobati.com/%D9%83%D8%AA%D8%A7%D8%A8-%D9%83%D8%AA%D8%A8-%D9%81%D9%8A-%D8%A7%D9%84%D8%B9%D8%A7%D8%B4%D8%B1%D8%A9-%D9%85%D8%B3%D8%A7%D8%A1-pdf
https://www.kotobati.com/%D9%83%D8%AA%D8%A7%D8%A8-%D8%A7%D9%84%D8%B7%D8%B1%D9%8A%D9%82%D8%A9-%D8%A7%D9%84%D9%85%D8%AB%D9%84%D9%89-%D9%84%D8%A5%D9%8A%D8%B5%D8%A7%D9%84-%D8%AE%D8%A8%D8%B1-%D8%B2%D9%88%D8%A7%D8%AC%D9%83-%D8%A5%D9%84%D9%89-%D8%B2%D9%88%D8%AC%D8%AA%D9%83-%D8%A7%D9%84%D8%A3%D9%88%D9%84%D9%89-pdf
https://www.kotobati.com/%D9%83%D8%AA%D8%A7%D8%A8-%D8%A7%D9%84%D8%A3%D9%86%D9%88%D8%A7%D8%A1-%D9%81%D9%8A-%D9%85%D9%88%D8%A7%D8%B3%D9%85-%D8%A7%D9%84%D8%B9%D8%B1%D8%A8-pdf
https://www.kotobati.com/%D9%83%D8%AA%D8%A7%D8%A8-%D8%A7%D8%B3%D8%AA%D8%B1%D8%A7%D8%AA%D9%8A%D8%AC%D9%8A%D8%A7%D8%AA-%D8%A7%D9%84%D8%AA%D9%81%D9%83%D9%8A%D8%B1-pdf
https://www.kotobati.com/my-first-spanish-picture-dictionary-my-first-spanish-picture-dictionary-pdf
https://www.kotobati.com/%D9%83%D8%AA%D8%A7%D8%A8-%D8%B1%D8%B4%D9%82-%D8%A7%D9%84%D8%BA%D8%B2%D8%A7%D9%84-pdf
https://www.kotobati.com/%D9%83%D8%AA%D8%A7%D8%A8-%D8%B4%D9%85%D8%B3-%D9%85%D8%A4%D9%82%D8%AA%D8%A9-pdf
https://www.kotobati.com/%D8%B1%D9%88%D8%A7%D9%8A%D8%A9-%D9%84%D8%B9%D8%A8%D8%A9-%D8%AF%D9%8A-%D9%86%D9%8A%D8%B1%D9%88-pdf
https://www.kotobati.com/%D9%83%D8%AA%D8%A7%D8%A8-%D8%A7%D8%B3%D8%AA%D8%B1%D8%AA%D9%8A%D8%AC%D9%8A%D8%A7%D8%AA-%D8%A7%D9%84%D8%AA%D8%AF%D8%B1%D9%8A%D8%B3-%D8%A7%D9%84%D8%AD%D8%AF%D9%8A%D8%AB%D8%A9-%D8%AF%D9%84%D9%8A%D9%84-%D8%A7%D9%84%D9%85%D8%B9%D9%84%D9%85-%D8%A7%D9%84%D9%86%D8%A7%D8%AC%D8%AD-pdf
https://www.kotobati.com/%D8%B1%D9%88%D8%A7%D9%8A%D8%A9-%D8%A7%D9%84%D8%AC%D8%B1%D8%A7%D8%AF-%D8%A7%D9%84%D8%A3%D8%B5%D9%81%D8%B1-pdf
https://www.kotobati.com/%D9%83%D8%AA%D8%A7%D8%A8-%D8%AD%D8%AF%D8%A7%D8%A6%D9%82-%D8%B0%D8%A7%D8%AA-%D8%A8%D9%87%D8%AC%D8%A9-pdf
https://www.kotobati.com/%D8%B1%D9%88%D8%A7%D9%8A%D8%A9-%D8%A7%D9%84%D8%A3%D8%A8%D8%B7%D8%A7%D9%84-pdf
https://www.kotobati.com/%D9%83%D8%AA%D8%A7%D8%A8-%D8%A7%D9%84%D8%AA%D8%B3%D8%A7%D9%85%D8%AD-pdf
https://www.kotobati.com/how-children-succeed-grit-curiosity-and-the-hidden-power-of-character-pdf
https://www.kotobati.com/%D9%83%D8%AA%D8%A7%D8%A8-%D8%A7%D9%84%D8%B9%D9%82%D9%84-%D9%88%D8%A7%D9%84%D8%B9%D9%84%D9%85-%D9%81%D9%8A-%D8%A7%D9%84%D9%82%D8%B1%D8%A2%D9%86-%D8%A7%D9%84%D9%83%D8%B1%D9%8A%D9%85-pdf
https://www.kotobati.com/%D8%B1%D9%88%D8%A7%D9%8A%D8%A9-%D8%A7%D9%84%D8%B1%D9%88%D9%85%D9%8A-%D9%86%D8%A7%D8%B1-%D8%A7%D9%84%D8%B9%D8%B4%D9%82-pdf
https://www.kotobati.com/%D8%B1%D9%88%D8%A7%D9%8A%D8%A9-%D8%B2%D9%8A%D8%AA%D9%88%D9%86-%D8%A7%D9%84%D8%B4%D9%88%D8%A7%D8%B1%D8%B9-pdf
https://www.kotobati.com/%D9%83%D8%AA%D8%A7%D8%A8-%D9%84%D9%85%D8%A7%D8%B0%D8%A7-%D9%85%D9%86-%D8%AD%D9%88%D9%84%D9%83-%D8%A3%D8%BA%D8%A8%D9%8A%D8%A7%D8%A1%D8%9F
https://www.kotobati.com/%D9%83%D8%AA%D8%A7%D8%A8-%D8%A3%D8%BA%D8%B1%D8%A8-%D8%A7%D9%84%D9%82%D8%B6%D8%A7%D9%8A%D8%A7-pdf
https://www.kotobati.com/%D8%B1%D9%88%D8%A7%D9%8A%D8%A9-%D9%87%D8%A7%D8%B1%D9%8A-%D8%A8%D9%88%D8%AA%D8%B1-%D9%88%D8%AC%D9%85%D8%A7%D8%B9%D8%A9-%D8%A7%D9%84%D8%B9%D9%86%D9%82%D8%A7%D8%A1-5-pdf
https://www.kotobati.com/%D8%B1%D9%88%D8%A7%D9%8A%D8%A9-%D8%AC%D9%8A%D9%86-%D8%A2%D9%8A%D9%8A%D8%B1-pdf
https://www.kotobati.com/%D8%B1%D9%88%D8%A7%D9%8A%D8%A9-%D8%A7%D9%84%D8%A3%D8%B3%D8%AA%D8%A7%D8%B0-pdf
https://www.kotobati.com/%D9%83%D8%AA%D8%A7%D8%A8-%D8%AD%D9%88%D8%A7%D8%B1-%D9%85%D8%B9-%D8%B5%D8%AF%D9%8A%D9%82%D9%8A-%D8%A7%D9%84%D9%85%D9%84%D8%AD%D8%AF-pdf
https://www.kotobati.com/%D9%83%D8%AA%D8%A7%D8%A8-%D8%B1%D8%AD%D9%84%D8%AA%D9%8A-%D9%85%D9%86-%D8%A7%D9%84%D8%B4%D9%83-%D8%A5%D9%84%D9%89-%D8%A7%D9%84%D8%A5%D9%8A%D9%85%D8%A7%D9%86-pdf
https://www.kotobati.com/%D9%83%D8%AA%D8%A7%D8%A8-%D8%BA%D8%B3%D9%8A%D9%84-%D8%A7%D9%84%D8%AF%D9%85%D8%A7%D8%BA-pdf
https://www.kotobati.com/%D9%83%D8%AA%D8%A7%D8%A8-%D8%A7%D8%BA%D8%AA%D8%B5%D8%A7%D8%A8-%D8%A7%D9%84%D8%B9%D9%82%D9%84-%D8%B3%D9%8A%D9%83%D9%88%D9%84%D9%88%D8%AC%D9%8A%D8%A7-%D8%A7%D9%84%D8%AA%D8%AD%D9%83%D9%85-%D9%81%D9%8A-%D8%A7%D9%84%D9%81%D9%83%D8%B1-pdf
https://www.kotobati.com/the-new-york-trilogy-pdf
https://www.kotobati.com/rich-dad-poor-dad-for-teens-pdf
https://www.kotobati.com/%D9%83%D8%AA%D8%A7%D8%A8-%D8%B9%D9%8A%D9%86-%D8%A7%D9%84%D8%A7%D9%86%D8%A7
https://www.kotobati.com/%D8%B1%D9%88%D8%A7%D9%8A%D8%A9-%D8%A8%D8%B3%D8%A7%D8%AA%D9%8A%D9%86-%D8%B9%D8%B1%D8%A8%D8%B3%D8%AA%D8%A7%D9%86
https://www.kotobati.com/%D9%83%D8%AA%D8%A7%D8%A8-%D8%A3%D8%AA%D8%AF%D8%B1%D9%8A-%D9%85%D8%A7-%D8%A7%D9%84%D9%84%D9%87-pdf
https://www.kotobati.com/%D8%B1%D9%88%D8%A7%D9%8A%D8%A9-%D8%A7%D9%84%D8%AC%D9%86%D9%82%D9%88-%D9%85%D8%B3%D8%A7%D9%85%D9%8A%D8%B1-%D8%A7%D9%84%D8%A3%D8%B1%D8%B6-pdf
https://www.kotobati.com/%D9%83%D8%AA%D8%A7%D8%A8-%D8%A7%D9%84%D8%AF%D9%85%D8%A7%D8%BA-%D8%A7%D9%84%D8%AE%D8%A7%D8%B1%D9%82
https://www.kotobati.com/%D8%B1%D9%88%D8%A7%D9%8A%D8%A9-%D8%B3%D8%B1%D8%A7%D8%AF%D9%8A%D8%A8-%D8%A7%D9%84%D9%82%D8%B5%D8%B1-%D8%A7%D9%84%D8%AE%D9%81%D9%8A-pdf
https://www.kotobati.com/%D9%83%D8%AA%D8%A7%D8%A8-%D9%84%D9%8A%D9%84-%D8%A7%D9%84%D8%BA%D8%B1%D8%A8%D8%A7%D8%A1-pdf
https://www.kotobati.com/%D9%83%D8%AA%D8%A7%D8%A8-%D9%84%D9%85%D8%A7%D8%B0%D8%A7-%D9%8A%D8%B1%D9%8A%D8%AF-%D8%A7%D9%84%D8%B1%D8%AC%D9%84-%D9%88%D8%AA%D8%B1%D9%81%D8%B6-%D8%A7%D9%84%D9%85%D8%B1%D8%A3%D8%A9%D8%9F-pdf
https://www.kotobati.com/%D9%83%D8%AA%D8%A7%D8%A8-%D8%A8%D8%B1%D9%85%D8%AC-%D8%B9%D9%82%D9%84%D9%83
https://www.kotobati.com/%D9%83%D8%AA%D8%A7%D8%A8-%D8%A7%D9%84%D8%B9%D8%A7%D8%AF%D8%A9-%D8%A7%D9%84%D8%B3%D9%8A%D8%A6%D8%A9-pdf
https://www.kotobati.com/%D9%83%D8%AA%D8%A7%D8%A8-%D9%84%D8%BA%D8%B2-%D8%B9%D8%B4%D8%AA%D8%A7%D8%B1-pdf
https://www.kotobati.com/%D9%83%D8%AA%D8%A7%D8%A8-%D8%A7%D9%84%D8%A8%D8%B1%D9%85%D8%AC%D8%A9-%D8%A7%D9%84%D9%84%D8%BA%D9%88%D9%8A%D8%A9-%D8%A7%D9%84%D8%B9%D8%B5%D8%A8%D9%8A%D8%A9-pdf
https://www.kotobati.com/%D9%83%D8%AA%D8%A7%D8%A8-%D9%85%D9%88%D8%B3%D9%88%D8%B9%D8%A9-%D8%A7%D9%84%D8%B9%D8%B7%D9%88%D8%B1-%D9%88%D8%A7%D9%84%D8%B9%D9%86%D8%A7%D9%8A%D8%A9-%D8%A8%D8%A7%D9%84%D8%AC%D9%85%D8%A7%D9%84-pdf
https://www.kotobati.com/%D9%83%D8%AA%D8%A7%D8%A8-%D8%A7%D9%84%D9%86%D8%AC%D8%A7%D8%AD-%D9%87%D9%88-%D9%84%D9%83
https://www.kotobati.com/%D9%83%D8%AA%D8%A7%D8%A8-%D8%A7%D9%84%D8%AD%D9%83%D9%85%D8%A9-%D8%A7%D9%84%D8%AF%D8%A7%D8%AE%D9%84%D9%8A%D8%A9-pdf
https://www.kotobati.com/%D9%83%D8%AA%D8%A7%D8%A8-%D8%A3%D9%87%D9%88%D8%A7%D9%83-pdf
https://www.kotobati.com/%D8%B1%D9%88%D8%A7%D9%8A%D8%A9-%D8%A8%D8%B3%D8%A7%D8%AA%D9%8A%D9%86-%D8%A7%D9%84%D8%A8%D8%B5%D8%B1%D8%A9-pdf
https://www.kotobati.com/%D8%B1%D9%88%D8%A7%D9%8A%D8%A9-%D8%A3%D8%B1%D8%B6-%D8%A7%D9%84%D8%A3%D8%AE%D9%88%D8%A7%D8%AA-pdf
https://www.kotobati.com/%D9%83%D8%AA%D8%A7%D8%A8-%D8%A7%D9%84%D8%A5%D9%86%D8%B3%D8%A7%D9%86-%D8%A7%D9%84%D8%B3%D8%A7%D8%A6%D9%84-pdf
https://www.kotobati.com/%D9%83%D8%AA%D8%A7%D8%A8-%D8%BA%D8%B1%D9%82-%D8%A7%D9%84%D8%AD%D8%B6%D8%A7%D8%B1%D8%A7%D8%AA-pdf
https://www.kotobati.com/%D9%83%D8%AA%D8%A7%D8%A8-%D8%B3%D9%8A%D8%B7%D8%B1-%D8%B9%D9%84%D9%89-%D8%AD%D9%8A%D8%A7%D8%AA%D9%83-pdf
https://www.kotobati.com/%D8%B1%D9%88%D8%A7%D9%8A%D8%A9-%D9%85%D8%B3%D8%AF%D8%B3-%D8%A7%D9%84%D8%B9%D8%AC%D8%A7%D8%A6%D8%A8-pdf
https://www.kotobati.com/%D9%83%D8%AA%D8%A7%D8%A8-%E2%80%AB%D8%A7%D9%84%D8%A3%D8%B7%D9%81%D8%A7%D9%84-%D8%A7%D9%84%D9%85%D8%B2%D8%B9%D8%AC%D9%88%D9%86%E2%80%AC
https://www.kotobati.com/%D8%B1%D9%88%D8%A7%D9%8A%D8%A9-%D8%B4%D8%BA%D9%81-pdf
https://www.kotobati.com/%D8%B1%D9%88%D8%A7%D9%8A%D8%A9-%D9%85%D9%84%D9%83%D8%A9-%D8%A7%D9%84%D8%BA%D8%B1%D8%A7%D9%86%D9%8A%D9%82-%D9%84%D8%AC-2
https://www.kotobati.com/%D8%B1%D9%88%D8%A7%D9%8A%D8%A9-%D8%B9%D8%A7%D8%A6%D8%B4%D8%A9-pdf
https://www.kotobati.com/%D8%B1%D9%88%D8%A7%D9%8A%D8%A9-%D8%AE%D9%88%D9%81
https://www.kotobati.com/%D9%83%D8%AA%D8%A7%D8%A8-%D8%A8%D9%86%D8%A7%D8%A1-%D8%A7%D9%84%D9%81%D8%B1%D8%AF-pdf
https://www.kotobati.com/%D9%83%D8%AA%D8%A7%D8%A8-%D8%A7%D9%84%D8%A3%D8%AF%D8%B9%D9%8A%D8%A9-%D8%A7%D9%84%D8%AC%D8%A7%D9%85%D8%B9%D8%A9-pdf
https://www.kotobati.com/%D8%B1%D9%88%D8%A7%D9%8A%D8%A9-%D8%A7%D9%84%D9%85%D8%AD%D8%A7%D9%83%D9%85%D8%A9-pdf
https://www.kotobati.com/%D9%83%D8%AA%D8%A7%D8%A8-%D8%B1%D9%88%D8%A7%D8%A6%D8%B9-%D9%85%D9%86-%D8%A7%D9%84%D8%AA%D8%A7%D8%B1%D9%8A%D8%AE-%D8%A7%D9%84%D8%B9%D8%AB%D9%85%D8%A7%D9%86%D9%8A-pdf
https://www.kotobati.com/%D9%83%D8%AA%D8%A7%D8%A8-%D8%A7%D9%84%D9%85%D9%84%D9%83-%D9%88%D8%A7%D9%84%D9%83%D8%AA%D8%A7%D8%A8%D8%A9-pdf
https://www.kotobati.com/%D9%83%D8%AA%D8%A7%D8%A8-%D8%A7%D9%84%D8%A7%D9%85%D8%AA%D9%86%D8%A7%D9%86-%D8%A3%D8%B3%D9%84%D9%88%D8%A8-%D8%AD%D9%8A%D8%A7%D8%A9-pdf
https://www.kotobati.com/%D8%B1%D9%88%D8%A7%D9%8A%D8%A9-%D8%B4%D8%B1%D9%82-%D8%A7%D9%84%D9%85%D8%AA%D9%88%D8%B3%D8%B7-pdf
https://www.kotobati.com/%D9%83%D8%AA%D8%A7%D8%A8-%D8%A7%D9%84%D8%AA%D8%AD%D8%AC%D9%8A%D9%84-%D9%81%D9%8A-%D8%AA%D8%AE%D8%B1%D9%8A%D8%AC-%D9%85%D8%A7-%D9%84%D9%85-%D9%8A%D8%AE%D8%B1%D8%AC-%D9%85%D9%86-%D8%A7%D9%84%D8%A3%D8%AD%D8%A7%D8%AF%D9%8A%D8%AB-%D9%88%D8%A7%D9%84%D8%A2%D8%AB%D8%A7%D8%B1-%D9%81%D9%8A-%D8%A5%D8%B1%D9%88%D8%A7%D8%A1-%D8%A7%D9%84%D8%BA%D9%84%D9%8A%D9%84-pdf
https://www.kotobati.com/%D8%B1%D9%88%D8%A7%D9%8A%D8%A9-%D8%A7%D9%84%D8%A8%D8%B7%D8%B1%D9%8A%D8%B1%D9%83%D9%8A%D8%A9-pdf
https://www.kotobati.com/%D8%B1%D9%88%D8%A7%D9%8A%D8%A9-%D8%A3%D8%B1%D8%A8%D8%B9%D8%A9-%D8%B4%D9%83%D9%84%D9%88%D8%A7-%D8%AD%D9%8A%D8%A7%D8%AA%D9%87%D8%A7-pdf
https://www.kotobati.com/%D9%83%D8%AA%D8%A7%D8%A8-%D8%A7%D9%84%D9%84%D9%87-%D9%88%D8%A7%D9%84%D8%A5%D9%86%D8%B3%D8%A7%D9%86-pdf
https://www.kotobati.com/the-old-man-and-the-sea-pdf
https://www.kotobati.com/%D9%83%D8%AA%D8%A7%D8%A8-%D8%B3%D8%B7%D9%88%D8%B1-%D9%85%D9%86-%D8%A7%D9%84%D9%86%D9%82%D9%84-%D9%88%D8%A7%D9%84%D8%B9%D9%82%D9%84-%D9%88%D8%A7%D9%84%D9%81%D9%83%D8%B1-pdf
https://www.kotobati.com/%D9%83%D8%AA%D8%A7%D8%A8-%D8%B0%D8%A7%D9%83%D8%B1%D8%A9-%D9%84%D9%84%D9%86%D8%B3%D9%8A%D8%A7%D9%86-pdf
https://www.kotobati.com/%D9%83%D8%AA%D8%A7%D8%A8-%D9%85%D8%AF%D8%B1%D8%B3%D8%A9-%D8%A7%D9%84%D8%B5%D8%AD%D8%A7%D8%A8%D8%A9-pdf
https://www.kotobati.com/%D8%B1%D9%88%D8%A7%D9%8A%D8%A9-%D9%84%D8%AC-%D9%85%D9%84%D8%AD%D9%85%D8%A9-%D8%A7%D9%84%D8%A8%D8%AD%D9%88%D8%B1-%D8%A7%D9%84%D8%B3%D8%A8%D8%B9%D8%A9-pdf
https://www.kotobati.com/%D8%B1%D9%88%D8%A7%D9%8A%D8%A9-%D8%B9%D9%86-%D8%A7%D9%84%D8%AC%D9%81%D8%B1-%D9%88%D8%A7%D9%84%D9%83%D8%A7%D8%A8%D8%A7%D9%84%D8%A7-pdf
https://www.kotobati.com/%D8%B1%D9%88%D8%A7%D9%8A%D8%A9-%D9%86%D9%87%D8%B1-%D8%A7%D9%84%D8%AD%D8%A8-pdf
https://www.kotobati.com/%D8%B1%D9%88%D8%A7%D9%8A%D8%A9-%D9%84%D8%B9%D9%86%D8%A9-%D9%85%D8%A7-%D8%AA%D8%AD%D8%AA-%D8%A7%D9%84%D8%A7%D9%94%D8%B1%D8%B6
https://www.kotobati.com/%D9%83%D8%AA%D8%A7%D8%A8-%D8%A7%D9%84%D9%81%D9%84%D8%B3%D9%81%D8%A9-%D9%81%D9%86%D8%A7-%D9%84%D9%84%D8%B9%D9%8A%D8%B4-pdf
https://www.kotobati.com/%D9%83%D8%AA%D8%A7%D8%A8-%D8%A7%D9%84%D9%81%D8%AA%D9%86-pdf
https://www.kotobati.com/%D9%83%D8%AA%D8%A7%D8%A8-%D8%A7%D9%84%D9%85%D9%86%D8%B7%D9%82-%D8%A7%D9%84%D8%A8%D8%AF%D9%8A%D9%84-%D8%A7%D9%84%D8%AC%D8%B2%D8%A1-2-pdf
https://www.kotobati.com/%D9%83%D8%AA%D8%A7%D8%A8-%D8%A7%D9%84%D8%B3%D9%84%D8%B7%D8%A9-%D9%88%D8%A7%D9%84%D9%81%D8%B1%D8%AF-pdf
https://www.kotobati.com/%D9%83%D8%AA%D8%A7%D8%A8-%D8%B2%D8%A7%D8%AF-%D8%A7%D9%84%D9%85%D8%AA%D9%82%D9%8A%D9%86-pdf
https://www.kotobati.com/%D8%B1%D9%88%D8%A7%D9%8A%D8%A9-%D8%A7%D9%86%D8%AA%D8%B5%D8%A7%D8%A8-%D8%A3%D8%B3%D9%88%D8%AF-pdf
https://www.kotobati.com/%D9%83%D8%AA%D8%A7%D8%A8-%D8%AA%D8%AD%D8%AA-%D8%B1%D8%A7%D9%8A%D8%A9-%D8%A7%D9%84%D9%82%D8%B1%D8%A2%D9%86-pdf
https://www.kotobati.com/%D8%B1%D9%88%D8%A7%D9%8A%D8%A9-%D9%85%D9%88%D9%83%D8%A8-%D8%A7%D9%84%D8%B8%D9%84%D8%A7%D9%84-pdf
https://www.kotobati.com/%D9%83%D8%AA%D8%A7%D8%A8-%D9%85%D9%88%D8%A7%D8%AC%D9%87%D8%A9-%D8%A7%D9%84%D8%AC%D9%86-pdf
https://www.kotobati.com/%D9%83%D8%AA%D8%A7%D8%A8-%D8%A7%D9%84%D8%AA%D8%AC%D9%88%D9%8A%D8%AF-%D8%A7%D9%84%D9%85%D8%B5%D9%88%D8%B1-%D8%A7%D9%84%D8%AC%D8%B2%D8%A1-%D8%A7%D9%84%D8%A3%D9%88%D9%84-pdf
https://www.kotobati.com/%D9%83%D8%AA%D8%A7%D8%A8-%D8%B3%D8%A7%D8%B9%D8%A9-%D9%88%D8%B3%D8%A7%D8%B9%D8%A9-pdf
https://www.kotobati.com/%D9%83%D8%AA%D8%A7%D8%A8-%D9%85%D8%AD%D9%85%D8%AF-%D8%B5%D9%84%D9%89-%D8%A7%D9%84%D9%84%D9%87-%D8%B9%D9%84%D9%8A%D9%87-%D9%88%D8%B3%D9%84%D9%85-%D9%83%D8%A3%D9%86%D9%83-%D8%AA%D8%B1%D8%A7%D9%87-pdf
https://www.kotobati.com/%D9%83%D8%AA%D8%A7%D8%A8-%D8%AD%D8%AA%D9%89-%D8%A5%D8%B4%D8%B9%D8%A7%D8%B1-%D8%A2%D8%AE%D8%B1-pdf
https://www.kotobati.com/%D9%83%D8%AA%D8%A7%D8%A8-28-%D8%AD%D8%B1%D9%81-pdf
https://www.kotobati.com/%D9%83%D8%AA%D8%A7%D8%A8-%D8%AD%D8%B6%D8%A7%D8%B1%D8%A9-%D8%A7%D9%84%D8%B9%D8%B1%D8%A8-pdf
https://www.kotobati.com/%D9%83%D8%AA%D8%A7%D8%A8-%D8%A7%D9%84%D8%B4%D8%B9%D9%88%D8%B1-%D8%A7%D9%84%D9%85%D8%A3%D8%B3%D8%A7%D9%88%D9%8A-%D8%A8%D8%A7%D9%84%D8%AD%D9%8A%D8%A7%D8%A9-pdf
https://www.kotobati.com/%D9%83%D8%AA%D8%A7%D8%A8-%D8%A7%D9%84%D9%82%D8%B5%D8%B1-%D8%A7%D9%84%D9%85%D9%87%D8%AC%D9%88%D8%B1-pdf
https://www.kotobati.com/%D9%83%D8%AA%D8%A7%D8%A8-%D8%A7%D9%84%D9%88%D8%B1%D8%B9-pdf-0
https://www.kotobati.com/%D9%83%D8%AA%D8%A7%D8%A8-%D8%A7%D9%84%D8%B7%D9%81%D9%84-%D8%A7%D9%84%D8%B9%D9%86%D9%8A%D8%AF-pdf
https://www.kotobati.com/%D9%83%D8%AA%D8%A7%D8%A8-%D9%85%D9%88%D8%B3%D9%88%D8%B9%D8%A9-%D8%AA%D8%A7%D8%B1%D9%8A%D8%AE-%D8%A7%D9%84%D8%A3%D8%AF%D9%8A%D8%A7%D9%86-%D8%A7%D9%84%D9%83%D8%AA%D8%A7%D8%A8-%D8%A7%D9%84%D8%A3%D9%88%D9%84-%D8%A7%D9%84%D8%B4%D8%B9%D9%88%D8%A8-%D8%A7%D9%84%D8%A8%D8%AF%D8%A7%D8%A6%D9%8A%D8%A9-%D9%88%D8%A7%D9%84%D8%B9%D8%B5%D8%B1-%D8%A7%D9%84%D8%AD%D8%AC%D8%B1%D9%8A-pdf
https://www.kotobati.com/%D8%B1%D9%88%D8%A7%D9%8A%D8%A9-%D9%81%D9%88%D8%B2%D8%A7-%D8%B9%D8%B8%D9%8A%D9%85%D8%A7-pdf
https://www.kotobati.com/%D9%83%D8%AA%D8%A7%D8%A8-%D8%B4%D8%B1%D8%AD-%D8%B4%D8%B1%D9%88%D8%B7-%D8%A7%D9%84%D8%B5%D9%84%D8%A7%D8%A9-%D9%88%D8%A3%D8%B1%D9%83%D8%A7%D9%86%D9%87%D8%A7-%D9%88%D9%88%D8%A7%D8%AC%D8%A8%D8%A7%D8%AA%D9%87%D8%A7-pdf
https://www.kotobati.com/%D9%83%D8%AA%D8%A7%D8%A8-%D8%A3%D8%B3%D8%AA%D8%B7%D9%8A%D8%B9-%D8%A3%D9%86-%D8%A3%D8%B1%D9%89-%D8%A8%D9%88%D8%B6%D9%88%D8%AD-%D8%A7%D9%84%D8%A2%D9%86
https://www.kotobati.com/%D9%83%D8%AA%D8%A7%D8%A8-%D8%A7%D9%84%D8%A8%D9%8A%D8%A7%D9%86-%D8%A7%D9%84%D8%B4%D9%8A%D9%88%D8%B9%D9%8A-pdf
https://www.kotobati.com/%D8%B1%D9%88%D8%A7%D9%8A%D8%A9-%D9%85%D8%B0%D9%83%D8%B1%D8%A7%D8%AA-%D9%82%D8%A8%D9%88-pdf
https://www.kotobati.com/%D9%83%D8%AA%D8%A7%D8%A8-%E2%80%AB%D8%A7%D9%84%D9%81%D9%82%D9%87-%D8%A7%D9%84%D9%85%D9%8A%D8%B3%D8%B1-%D9%84%D9%84%D8%B7%D9%81%D9%84-%D8%A7%D9%84%D9%85%D8%B3%D9%84%D9%85%E2%80%AC-pdf
https://www.kotobati.com/%D9%83%D8%AA%D8%A7%D8%A8-%D8%A7%D9%84%D9%8A%D9%85%D9%86-%D9%88%D8%A3%D9%86%D8%A8%D9%8A%D8%A7%D8%A1-%D8%A7%D9%84%D8%AA%D9%88%D8%B1%D8%A7%D8%A9-pdf
https://www.kotobati.com/%D9%83%D8%AA%D8%A7%D8%A8-%D8%A3%D8%AB%D8%B1-%D8%A7%D9%84%D9%81%D9%83%D8%B1-%D8%A7%D9%84%D9%8A%D9%87%D9%88%D8%AF%D9%8A-%D8%B9%D9%84%D9%89-%D8%BA%D9%84%D8%A7%D8%A9-%D8%A7%D9%84%D8%B4%D9%8A%D8%B9%D8%A9-pdf
https://www.kotobati.com/%D8%B1%D9%88%D8%A7%D9%8A%D8%A9-%D8%A7%D9%84%D8%A8%D8%AD%D8%AB-%D8%B9%D9%86-%D8%A7%D9%85%D8%B1%D8%A3%D8%A9-%D9%85%D9%81%D9%82%D9%88%D8%AF%D8%A9-pdf
https://www.kotobati.com/%D9%83%D8%AA%D8%A7%D8%A8-%D8%AD%D9%82%D9%88%D9%82-%D8%A7%D9%84%D8%B4%D9%8A%D9%88%D8%AE-%D9%88%D8%A7%D9%84%D9%85%D8%B3%D9%86%D9%8A%D9%86-%D9%81%D9%8A-%D8%B6%D9%88%D8%A1-%D8%A7%D9%84%D8%B4%D8%B1%D9%8A%D8%B9%D8%A9-%D8%A7%D9%84%D8%A5%D8%B3%D9%84%D8%A7%D9%85%D9%8A%D8%A9-pdf
https://www.kotobati.com/%D9%83%D8%AA%D8%A7%D8%A8-%D8%A7%D9%84%D8%AA%D8%B1%D8%A8%D9%8A%D8%A9-%D8%B9%D9%86%D8%AF-%D8%A7%D9%84%D8%A5%D9%85%D8%A7%D9%85-%D8%A7%D9%84%D8%B4%D8%A7%D8%B7%D8%A8%D9%8A-pdf
https://www.kotobati.com/%D9%83%D8%AA%D8%A7%D8%A8-%D9%85%D9%86-%D8%A3%D8%B3%D8%A7%D8%B7%D9%8A%D8%B1-%D8%A7%D9%84%D8%B5%D8%AD%D8%B1%D8%A7%D8%A1-pdf
https://www.kotobati.com/%D8%B1%D9%88%D8%A7%D9%8A%D8%A9-%D8%B4%D8%A7%D8%B1%D8%B9-%D8%A5%D8%A8%D9%84%D9%8A%D8%B3-pdf
https://www.kotobati.com/%D9%83%D8%AA%D8%A7%D8%A8-%D9%84%D9%83%D9%8A-%D8%AA%D9%86%D8%AC%D8%AD-%D9%85%D8%A4%D8%B3%D8%B3%D8%A9-%D8%A7%D9%84%D8%B2%D9%83%D8%A7%D8%A9-%D9%81%D9%8A-%D8%A7%D9%84%D8%AA%D8%B7%D8%A8%D9%8A%D9%82-%D8%A7%D9%84%D9%85%D8%B9%D8%A7%D8%B5%D8%B1-pdf
https://www.kotobati.com/%D9%83%D8%AA%D8%A7%D8%A8-%D8%AF%D9%8A%D9%88%D8%A7%D9%86-%D8%A8%D8%AF%D8%B1-%D8%B4%D8%A7%D9%83%D8%B1-%D8%A7%D9%84%D8%B3%D9%8A%D8%A7%D8%A8-%D8%A7%D9%84%D8%A3%D8%B9%D9%85%D8%A7%D9%84-%D8%A7%D9%84%D8%B4%D8%B9%D8%B1%D9%8A%D8%A9-%D8%A7%D9%84%D9%83%D8%A7%D9%85%D9%84%D8%A9-%D8%A7%D9%84%D9%85%D8%AC%D9%84%D8%AF-%D8%A7%D9%84%D8%AB%D8%A7%D9%86%D9%8A-pdf
https://www.kotobati.com/%D9%83%D8%AA%D8%A7%D8%A8-%D8%AA%D8%B5%D9%85%D9%8A%D9%85-%D8%A7%D9%84%D8%A8%D8%AD%D8%AB-%D9%81%D9%8A-%D8%A7%D9%84%D8%AA%D8%B1%D8%A8%D9%8A%D8%A9-%D8%A7%D9%84%D8%AE%D8%A7%D8%B5%D8%A9-pdf
https://www.kotobati.com/%D9%83%D8%AA%D8%A7%D8%A8-%D8%A7%D9%84%D8%B9%D9%8A%D9%86-3-pdf
https://www.kotobati.com/%D9%83%D8%AA%D8%A7%D8%A8-%D8%A7%D9%84%D9%82%D9%88%D8%A7%D8%B9%D8%AF-%D8%A7%D9%84%D8%AD%D8%A7%D9%83%D9%85%D8%A9-%D9%84%D9%81%D9%82%D9%87-%D8%A7%D9%84%D9%85%D8%B9%D8%A7%D9%85%D9%84%D8%A7%D8%AA-pdf
https://www.kotobati.com/%D9%83%D8%AA%D8%A7%D8%A8-%D9%85%D8%B4%D8%A7%D9%87%D8%AF%D8%A7%D8%AA-%D8%A8%D8%AF%D9%8A%D8%B9-%D8%A7%D9%84%D8%B2%D9%85%D8%A7%D9%86-%D8%A7%D9%84%D9%86%D9%88%D8%B1%D8%B3%D9%8A-pdf
https://www.kotobati.com/%D8%B1%D9%88%D8%A7%D9%8A%D8%A9-%D8%A8%D8%A4%D8%B3-pdf
https://www.kotobati.com/%D9%83%D8%AA%D8%A7%D8%A8-%D8%A7%D9%84%D8%BA%D8%AF-%D8%A7%D9%84%D9%85%D8%B4%D8%AA%D8%B9%D9%84-pdf
https://www.kotobati.com/%D8%B1%D9%88%D8%A7%D9%8A%D8%A9-%D8%A7%D9%84%D8%B4%D8%B1%D8%B7%D8%A9-pdf
https://www.kotobati.com/%D9%83%D8%AA%D8%A7%D8%A8-%D9%81%D9%86-%D8%A7%D9%84%D8%AE%D8%B7%D8%A7%D8%A8%D8%A9-pdf
https://www.kotobati.com/%D9%83%D8%AA%D8%A7%D8%A8-%D8%A7%D9%84%D8%AF%D9%8A%D9%86-%D9%87%D9%88-%D8%A7%D9%84%D8%B5%D9%84%D8%A7%D8%A9-pdf
https://www.kotobati.com/%D9%83%D8%AA%D8%A7%D8%A8-%D8%A7%D9%84%D9%82%D9%88%D8%A9-%D9%85%D9%82%D8%A7%D8%A8%D9%84-%D8%A7%D9%84%D8%A5%D9%83%D8%B1%D8%A7%D9%87
https://www.kotobati.com/%D9%83%D8%AA%D8%A7%D8%A8-%D8%AE%D8%A7%D8%AA%D9%85-%D8%B3%D9%84%D9%8A%D9%85%D8%A7%D9%86-pdf
https://www.kotobati.com/%D9%83%D8%AA%D8%A7%D8%A8-%D8%B1%D8%A8%D9%8A%D8%B9-%D8%A7%D9%84%D8%B9%D9%82%D9%84-pdf
https://www.kotobati.com/%D9%83%D8%AA%D8%A7%D8%A8-%D9%81%D9%86-%D8%A7%D9%84%D8%AF%D8%B1%D8%A7%D8%B3%D8%A9
https://www.kotobati.com/%D8%B1%D9%88%D8%A7%D9%8A%D8%A9-%D8%A7%D9%84%D9%85%D8%AE%D8%A7%D8%B6-pdf
https://www.kotobati.com/%D8%B1%D9%88%D8%A7%D9%8A%D8%A9-%D8%A7%D9%84%D8%A3%D8%A8%D9%84%D9%87-%D8%A7%D9%84%D8%AC%D8%B2%D8%A1-%D8%A7%D9%84%D8%A3%D9%88%D9%84-pdf
https://www.kotobati.com/%D9%83%D8%AA%D8%A7%D8%A8-%D8%AF%D9%85-%D8%A7%D9%84%D9%85%D9%85%D8%A7%D9%84%D9%8A%D9%83-pdf
https://www.kotobati.com/%D9%83%D8%AA%D8%A7%D8%A8-%D9%84%D8%AD%D8%B8%D8%A7%D8%AA-%D8%BA%D8%B1%D9%82-%D8%AC%D8%B2%D9%8A%D8%B1%D8%A9-%D8%A7%D9%84%D8%AD%D9%88%D8%AA-pdf
https://www.kotobati.com/%D8%B1%D9%88%D8%A7%D9%8A%D8%A9-%D9%84%D9%8A%D8%A7%D9%84%D9%8A-%D8%A3%D9%84%D9%81-%D9%84%D9%8A%D9%84%D8%A9-pdf
https://www.kotobati.com/%D8%B1%D9%88%D8%A7%D9%8A%D8%A9-%D9%8A%D9%88%D9%86%D8%B3-%D8%A7%D9%84%D8%A3%D8%B3%D9%88%D8%AF-pdf
https://www.kotobati.com/%D8%B1%D9%88%D8%A7%D9%8A%D8%A9-%D8%A7%D9%84%D9%83%D9%86%D8%B2-pdf
https://www.kotobati.com/%D9%83%D8%AA%D8%A7%D8%A8-%D9%85%D8%B9%D8%AC%D9%85-%D8%A7%D9%84%D9%85%D8%B5%D8%B7%D9%84%D8%AD%D8%A7%D8%AA-%D8%A7%D9%84%D8%A3%D8%B3%D8%A7%D8%B3%D9%8A%D8%A9-%D9%81%D9%8A-%D8%A7%D9%84%D8%AA%D8%B1%D8%AC%D9%85%D8%A9-%D8%A7%D9%84%D8%A3%D8%AF%D8%A8%D9%8A%D8%A9-pdf
https://www.kotobati.com/%D9%83%D8%AA%D8%A7%D8%A8-%D8%A7%D9%84%D8%B1%D9%88%D8%AD-%D8%A7%D9%84%D9%85%D8%AA%D8%AD%D8%B1%D8%B1%D8%A9-pdf
https://www.kotobati.com/%D9%83%D8%AA%D8%A7%D8%A8-%D8%A8%D9%8A%D8%AA-%D8%AD%D8%A7%D9%81%D9%84-%D8%A8%D8%A7%D9%84%D9%85%D8%AC%D8%A7%D9%86%D9%8A%D9%86-pdf
https://www.kotobati.com/%D9%83%D8%AA%D8%A7%D8%A8-%D8%AD%D8%AF%D8%AB-%D9%81%D9%8A-%D8%B1%D9%85%D8%B6%D8%A7%D9%86
https://www.kotobati.com/%D9%83%D8%AA%D8%A7%D8%A8-%D9%85%D8%B5%D9%8A%D8%B1-%D8%B5%D8%B1%D8%B5%D8%A7%D8%B1-pdf
https://www.kotobati.com/%D9%83%D8%AA%D8%A7%D8%A8-%D8%AD%D8%B1%D8%A8-%D8%A8%D9%84%D8%A7-%D9%86%D9%87%D8%A7%D9%8A%D8%A9-pdf
https://www.kotobati.com/%D9%83%D8%AA%D8%A7%D8%A8-%D8%B4%D9%85%D9%88%D9%84-%D8%A7%D9%84%D8%A5%D8%B3%D9%84%D8%A7%D9%85-pdf
https://www.kotobati.com/%D9%83%D8%AA%D8%A7%D8%A8-%D8%A3%D9%88%D8%B1%D8%A7%D9%82-%D8%A7%D9%84%D9%88%D8%B1%D8%AF-%D8%B1%D8%B3%D8%A7%D8%A6%D9%84%D9%87%D8%A7-%D9%88%D8%B1%D8%B3%D8%A7%D8%A6%D9%84%D9%87-pdf
https://www.kotobati.com/%D9%83%D8%AA%D8%A7%D8%A8-%D9%85%D9%87%D8%A7%D8%B1%D8%A7%D8%AA-%D8%A7%D9%84%D8%AA%D8%AD%D9%84%D9%8A%D9%84-%D8%A7%D9%84%D9%86%D8%AD%D9%88%D9%89-%D9%81%D9%89-%D9%84%D9%88%D8%AD%D8%A7%D8%AA-%D9%88%D8%AC%D8%AF%D8%A7%D9%88%D9%84-pdf
https://www.kotobati.com/%D9%83%D8%AA%D8%A7%D8%A8-%D8%A7%D9%84%D9%85%D8%AD%D9%85%D8%AF%D9%8A%D8%A7%D8%AA-pdf
https://www.kotobati.com/%D9%83%D8%AA%D8%A7%D8%A8-%D8%A7%D9%84%D8%AC%D9%86%D8%B3-%D9%88%D8%A7%D9%84%D8%B4%D8%A8%D8%A7%D8%A8-%D8%A7%D9%84%D8%B0%D9%83%D9%8A-pdf
https://www.kotobati.com/%D9%83%D8%AA%D8%A7%D8%A8-%D9%85%D8%B9%D9%86%D9%89-%D8%A7%D9%84%D8%AD%D9%8A%D8%A7%D8%A9-%D9%81%D9%8A-%D8%A7%D9%84%D8%B9%D8%A7%D9%84%D9%85-%D8%A7%D9%84%D8%AD%D8%AF%D9%8A%D8%AB-pdf
https://www.kotobati.com/%D9%83%D8%AA%D8%A7%D8%A8-%D9%85%D8%BA%D8%A7%D9%85%D8%B1%D8%A7%D8%AA-%D8%AB%D8%B9%D9%84%D8%A8-pdf
https://www.kotobati.com/%D9%83%D8%AA%D8%A7%D8%A8-%D8%A7%D9%84%D9%81%D9%83%D8%B1-%D8%A7%D9%84%D8%B3%D9%8A%D8%A7%D8%B3%D9%8A-%D8%A7%D9%84%D9%88%D9%87%D8%A7%D8%A8%D9%8A-pdf
https://www.kotobati.com/%D9%83%D8%AA%D8%A7%D8%A8-%D9%84%D8%BA%D8%A9-%D8%A7%D9%84%D9%85%D8%B3%D8%AA%D9%82%D8%A8%D9%84
https://www.kotobati.com/%D8%B1%D9%88%D8%A7%D9%8A%D8%A9-%D8%AB%D8%A7%D9%86%D9%8A-%D8%A3%D9%83%D8%B3%D9%8A%D8%AF-%D8%A7%D9%84%D8%AD%D8%A8-pdf
https://www.kotobati.com/%D8%B1%D9%88%D8%A7%D9%8A%D8%A9-%D8%A7%D9%84%D8%AD%D8%AF%D8%AB-pdf
https://www.kotobati.com/%D8%B1%D9%88%D8%A7%D9%8A%D8%A9-%D8%A7%D9%84%D8%B3%D8%A7%D8%AD%D8%B1%D8%A9-%D8%A7%D9%84%D9%87%D8%AC%D9%8A%D9%86%D8%A9
https://www.kotobati.com/%D9%83%D8%AA%D8%A7%D8%A8-%D8%AD%D9%84%D9%85-%D8%A2%D8%AE%D8%B1-%D8%A7%D9%84%D9%84%D9%8A%D9%84-pdf
https://www.kotobati.com/%D8%B1%D9%88%D8%A7%D9%8A%D8%A9-%D8%A7%D9%84%D8%A8%D9%8A%D8%AA-%D8%A7%D9%84%D8%B5%D8%A7%D9%85%D8%AA-pdf
https://www.kotobati.com/%D9%83%D8%AA%D8%A7%D8%A8-%D8%B2%D8%AD%D9%85%D8%A9-%D9%85%D8%B4%D8%A7%D8%B9%D8%B1-pdf
https://www.kotobati.com/%D9%83%D8%AA%D8%A7%D8%A8-%D8%B5%D9%8A%D8%AF%D9%84%D9%8A%D8%A9-%D8%A7%D9%84%D9%86%D9%81%D8%B3-pdf
https://www.kotobati.com/%D9%83%D8%AA%D8%A7%D8%A8-%D8%A7%D9%84%D8%A5%D9%8A%D9%85%D8%A7%D9%86-%D9%81%D9%8A-%D8%B9%D8%B5%D8%B1-%D8%A7%D9%84%D8%AA%D8%B4%D9%83%D9%8A%D9%83-pdf
https://www.kotobati.com/%D9%83%D8%AA%D8%A7%D8%A8-%D8%A7%D9%84%D8%AB%D9%82%D8%A9-%D8%A7%D9%84%D8%B9%D8%A7%D8%B7%D9%81%D9%8A%D8%A9-%D8%AE%D8%B7%D9%88%D8%A7%D8%AA-%D8%A8%D8%B3%D9%8A%D8%B7%D8%A9-%D9%84%D8%A8%D9%86%D8%A7%D8%A1-%D8%AB%D9%82%D8%AA%D9%83-pdf
https://www.kotobati.com/%D8%B1%D9%88%D8%A7%D9%8A%D8%A9-%D9%83%D9%84%D8%A7%D8%A8-%D8%A7%D9%84%D8%B1%D8%A7%D8%B9%D9%8A-pdf
https://www.kotobati.com/%D9%83%D8%AA%D8%A7%D8%A8-%D8%AD%D8%B1%D9%88%D8%A8-%D8%A7%D9%84%D8%AC%D9%8A%D9%84-%D8%A7%D9%84%D8%B1%D8%A7%D8%A8%D8%B9-pdf
https://www.kotobati.com/%D9%83%D8%AA%D8%A7%D8%A8-%D8%B5%D9%88%D8%B1-%D9%85%D9%86-%D8%B9%D8%B8%D9%85%D8%A9-%D8%A7%D9%84%D8%A5%D8%B3%D9%84%D8%A7%D9%85-pdf
https://www.kotobati.com/%D9%83%D8%AA%D8%A7%D8%A8-%D8%B5%D8%AD%D9%8A%D8%AD-%D8%B4%D8%B1%D8%AD-%D8%A7%D9%84%D8%B9%D9%82%D9%8A%D8%AF%D8%A9-%D8%A7%D9%84%D8%B7%D8%AD%D8%A7%D9%88%D9%8A%D8%A9-pdf
https://www.kotobati.com/%D9%83%D8%AA%D8%A7%D8%A8-%D8%A7%D9%84%D9%84%D8%AD%D9%8A%D8%A9-%D8%A7%D9%84%D8%B2%D8%B1%D9%82%D8%A7%D8%A1-pdf
https://www.kotobati.com/%D9%83%D8%AA%D8%A7%D8%A8-%D8%AE%D8%B5%D8%A7%D8%A6%D8%B5-%D8%A3%D9%85%D9%8A%D8%B1-%D8%A7%D9%84%D9%85%D8%A4%D9%85%D9%86%D9%8A%D9%86-%D8%B9%D9%84%D9%8A-%D8%A8%D9%86-%D8%A3%D8%A8%D9%8A-%D8%B7%D8%A7%D9%84%D8%A8-pdf
https://www.kotobati.com/%D9%83%D8%AA%D8%A7%D8%A8-%D8%A7%D9%84%D9%85%D8%B4%D8%A7%D8%B1%D9%83%D8%A9-%D8%A7%D9%84%D8%A5%D8%A8%D8%AF%D8%A7%D8%B9%D9%8A%D8%A9
https://www.kotobati.com/%D9%83%D8%AA%D8%A7%D8%A8-%D8%A7%D9%84%D9%88%D8%B9%D9%8A-%D8%A7%D9%84%D9%83%D9%84%D9%8A
https://www.kotobati.com/%D9%83%D8%AA%D8%A7%D8%A8-%D8%A7%D9%84%D8%A5%D8%B3%D9%84%D8%A7%D9%85-%D9%88%D8%A7%D9%84%D8%BA%D8%B1%D8%A8-pdf
https://www.kotobati.com/%D8%B1%D9%88%D8%A7%D9%8A%D8%A9-%D8%A7%D9%84%D9%81%D8%AA%D9%89-%D8%A7%D9%84%D9%86%D8%A8%D9%8A%D9%84-pdf
https://www.kotobati.com/%D9%83%D8%AA%D8%A7%D8%A8-%D8%AD%D9%8A%D8%A7%D8%A9-%D9%85%D8%A7-%D8%A8%D8%B9%D8%AF-%D8%A7%D9%84%D9%85%D9%88%D8%AA-pdf
https://www.kotobati.com/%D9%83%D8%AA%D8%A7%D8%A8-%D9%81%D9%8A-%D8%B6%D9%8A%D8%A7%D9%81%D8%A9-%D9%83%D8%AA%D8%A7%D8%A6%D8%A8-%D8%A7%D9%84%D9%82%D8%B0%D8%A7%D9%81%D9%8A-%D9%82%D8%B5%D8%A9-%D8%A7%D8%AE%D8%AA%D8%B7%D8%A7%D9%81-%D9%81%D8%B1%D9%8A%D9%82-%D8%A7%D9%84%D8%AC%D8%B2%D9%8A%D8%B1%D8%A9-%D9%81%D9%8A-%D9%84%D9%8A%D8%A8%D9%8A%D8%A7-pdf
https://www.kotobati.com/%D8%B1%D9%88%D8%A7%D9%8A%D8%A9-%D8%B9%D9%82%D8%A7%D8%B1%D8%A8-%D8%A7%D9%84%D8%B3%D8%A7%D8%B9%D8%A9-pdf
https://www.kotobati.com/%D9%83%D8%AA%D8%A7%D8%A8-%D8%A3%D9%81%D9%83%D8%A7%D8%B1%D9%8A-%D8%AA%D8%B5%D8%AF%D8%B1-%D8%B5%D9%88%D8%AA%D8%A7-pdf
https://www.kotobati.com/%D9%83%D8%AA%D8%A7%D8%A8-%D8%AD%D9%83%D8%A7%D9%8A%D8%A7%D8%AA-%D8%A7%D9%84%D9%85%D9%88%D8%AA%D9%89-pdf
https://www.kotobati.com/%D9%83%D8%AA%D8%A7%D8%A8-%D9%83%D9%8A%D9%81-%D8%AA%D9%83%D9%88%D9%86-%D9%85%D8%AF%D9%8A%D8%B1%D8%A7-%D9%86%D8%A7%D8%AC%D8%AD%D8%A7-pdf
https://www.kotobati.com/%D9%83%D8%AA%D8%A7%D8%A8-%D9%85%D9%88%D8%B9%D8%B8%D8%A9-%D8%A7%D9%84%D9%86%D8%B3%D8%A7%D8%A1-pdf
https://www.kotobati.com/%D9%83%D8%AA%D8%A7%D8%A8-%D9%81%D9%86-%D8%A5%D8%AF%D8%A7%D8%B1%D8%A9-%D8%A7%D9%84%D9%88%D9%82%D8%AA
https://www.kotobati.com/%D9%83%D8%AA%D8%A7%D8%A8-%D8%A7%D9%84%D8%A7%D8%AA%D8%AC%D8%A7%D9%87%D8%A7%D8%AA-%D8%A7%D9%84%D8%AD%D8%B4%D9%88%D9%8A%D8%A9-%D9%81%D9%8A-%D8%A7%D9%84%D9%81%D9%83%D8%B1-%D8%A7%D9%84%D8%A5%D8%B3%D9%84%D8%A7%D9%85%D9%8A-pdf
https://www.kotobati.com/%D9%83%D8%AA%D8%A7%D8%A8-%D9%85%D9%86%D8%A7%D9%87%D8%AC-%D8%A7%D9%84%D8%A7%D8%B3%D8%AA%D8%AF%D9%84%D8%A7%D9%84-%D8%B9%D9%84%D9%89-%D9%85%D8%B3%D8%A7%D8%A6%D9%84-%D8%A7%D9%84%D8%B9%D9%82%D9%8A%D8%AF%D8%A9-%D8%A7%D9%84%D8%A5%D8%B3%D9%84%D8%A7%D9%85%D9%8A%D8%A9-%D9%81%D9%8A-%D8%A7%D9%84%D8%B9%D8%B5%D8%B1-%D8%A7%D9%84%D8%AD%D8%AF%D9%8A%D8%AB-pdf
https://www.kotobati.com/the-power-of-now-a-guide-to-spiritual-enlightenment-pdf
https://www.kotobati.com/%D9%83%D8%AA%D8%A7%D8%A8-%D9%88%D9%84%D9%8A%D8%AA%D8%A8%D8%B1%D9%88%D8%A7-%D9%85%D8%A7-%D8%B9%D9%84%D9%88%D8%A7-%D8%AA%D8%AA%D8%A8%D9%8A%D8%B1%D8%A7-pdf
https://www.kotobati.com/%D8%B1%D9%88%D8%A7%D9%8A%D8%A9-%D9%85%D8%AD%D8%A7%D9%83%D9%85%D8%A9-%D8%A3%D9%84%D9%8A%D9%83%D8%B3-%D9%83%D8%B1%D9%88%D8%B3
https://www.kotobati.com/%D9%83%D8%AA%D8%A7%D8%A8-%D8%A8%D8%B1%D9%88%D8%AA%D9%88%D9%83%D9%88%D9%84%D8%A7%D8%AA-%D8%AD%D9%83%D9%85%D8%A7%D8%A1-%D8%B5%D9%87%D9%8A%D9%88%D9%86-pdf
https://www.kotobati.com/%D9%83%D8%AA%D8%A7%D8%A8-%D8%A7%D9%84%D8%A5%D8%B4%D8%A7%D8%B1%D8%A7%D8%AA-%D9%88%D8%A7%D9%84%D8%AA%D9%86%D8%A8%D9%8A%D9%87%D8%A7%D8%AA-pdf
https://www.kotobati.com/%D9%83%D8%AA%D8%A7%D8%A8-%D9%85%D9%86-%D9%81%D9%82%D9%87-%D8%A7%D9%84%D8%AC%D9%86%D8%B3-%D9%81%D9%8A-%D9%82%D9%86%D9%88%D8%A7%D8%AA%D9%87-%D8%A7%D9%84%D9%85%D8%B0%D9%87%D8%A8%D9%8A%D8%A9-pdf
https://www.kotobati.com/%D9%83%D8%AA%D8%A7%D8%A8-%D8%A7%D9%84%D9%85%D9%82%D8%A7%D9%88%D9%85%D8%A9-%D8%A7%D9%84%D8%A5%D8%B3%D9%84%D8%A7%D9%85%D9%8A%D8%A9-%D9%84%D9%84%D8%BA%D8%B2%D9%88-%D8%A7%D9%84%D8%B5%D9%84%D9%8A%D8%A8%D9%8A-pdf
https://www.kotobati.com/%D9%83%D8%AA%D8%A7%D8%A8-%D8%B9%D9%82%D9%8A%D8%AF%D8%A9-%D8%A7%D9%84%D9%85%D8%B3%D9%84%D9%85-pdf
https://www.kotobati.com/%D8%B1%D9%88%D8%A7%D9%8A%D8%A9-%D8%A7%D9%84%D8%B9%D9%86%D9%8A%D8%AF-2-pdf
https://www.kotobati.com/women-pdf
https://www.kotobati.com/%D9%83%D8%AA%D8%A7%D8%A8-%D8%B1%D8%AD%D9%84%D8%A9-%D8%A5%D9%84%D9%89-%D8%A3%D8%B1%D8%B6%D8%B1%D9%88%D9%85-pdf
https://www.kotobati.com/%D9%83%D8%AA%D8%A7%D8%A8-%E2%80%AB%D8%A7%D9%84%D8%B9%D9%82%D9%84-%D8%A7%D9%84%D8%A8%D8%A7%D8%B7%D9%86%E2%80%AC-pdf
https://www.kotobati.com/%D9%83%D8%AA%D8%A7%D8%A8-%D8%A3%D8%B4%D9%87%D8%AF-%D8%B9%D9%83%D8%B3-%D8%A7%D9%84%D8%B1%D9%8A%D8%AD-pdf
https://www.kotobati.com/%D8%B1%D9%88%D8%A7%D9%8A%D8%A9-%D8%A7%D9%84%D9%87%D8%A7%D8%B1%D8%A8-pdf
https://www.kotobati.com/%D9%83%D8%AA%D8%A7%D8%A8-%D8%AA%D9%83%D9%84%D9%85-%D8%AD%D8%AA%D9%89-%D8%A3%D8%B1%D8%A7%D9%83-pdf
https://www.kotobati.com/%D9%83%D8%AA%D8%A7%D8%A8-%D8%AA%D8%B3%D8%AA%D8%B7%D9%8A%D8%B9-%D8%A7%D9%86%D8%B4%D8%A7%D8%A1-%D8%AD%D9%8A%D8%A7%D8%A9-%D8%A7%D8%B3%D8%AA%D8%AB%D9%86%D8%A7%D8%A6%D9%8A%D8%A9
https://www.kotobati.com/%D8%B1%D9%88%D8%A7%D9%8A%D8%A9-%D9%85%D8%A7%D8%B0%D8%A7-%D8%B9%D9%86-%D8%A7%D9%84%D8%B3%D9%8A%D8%AF%D8%A9-%D8%A7%D9%84%D9%8A%D9%87%D9%88%D8%AF%D9%8A%D8%A9-%D8%B1%D8%A7%D8%AD%D9%8A%D9%84-pdf
https://www.kotobati.com/%D8%B1%D9%88%D8%A7%D9%8A%D8%A9-%D8%A7%D9%84%D8%B9%D9%82%D8%AF-%D8%A7%D9%84%D8%B3%D9%81%D9%84%D9%8A-pdf
https://www.kotobati.com/%D9%83%D8%AA%D8%A7%D8%A8-%D9%84%D9%85%D8%AD%D8%A7%D8%AA-%D8%A7%D8%AC%D8%AA%D9%85%D8%A7%D8%B9%D9%8A%D8%A9-%D9%85%D9%86-%D8%AA%D8%A7%D8%B1%D9%8A%D8%AE-%D8%A7%D9%84%D8%B9%D8%B1%D8%A7%D9%82-%D8%A7%D9%84%D8%AD%D8%AF%D9%8A%D8%AB-1-pdf
https://www.kotobati.com/%D9%83%D8%AA%D8%A7%D8%A8-%D8%A7%D8%B3%D8%AA%D8%B9%D8%A7%D8%AF%D8%A9-%D8%A7%D9%84%D9%86%D8%B5-%D8%A7%D9%84%D8%A3%D8%B5%D9%84%D9%8A-%D9%84%D9%84%D8%A5%D9%86%D8%AC%D9%8A%D9%84-pdf
https://www.kotobati.com/%D8%B1%D9%88%D8%A7%D9%8A%D8%A9-%D8%AD%D9%85%D8%A7%D9%85-%D8%A7%D9%84%D8%B0%D9%87%D8%A8-pdf
https://www.kotobati.com/%D9%83%D8%AA%D8%A7%D8%A8-%D8%A7%D9%84%D8%AB%D9%82%D8%A7%D9%81%D8%A9-pdf
https://www.kotobati.com/%D8%B1%D9%88%D8%A7%D9%8A%D8%A9-%D9%82%D9%84%D8%A8%D9%8A-%D9%84%D9%8A%D8%B3-%D9%85%D9%86-%D8%AD%D9%82%D9%87-%D8%A7%D9%84%D8%AD%D8%A8-pdf
https://www.kotobati.com/%D9%83%D8%AA%D8%A7%D8%A8-%D8%A7%D9%84%D8%A7%D8%B4%D8%AA%D8%B1%D8%A7%D9%83%D9%8A%D8%A9-pdf-0
https://www.kotobati.com/%D9%83%D8%AA%D8%A7%D8%A8-%D9%81%D9%84%D8%B3%D8%B7%D9%8A%D9%86-%D9%81%D9%8A-%D8%B1%D8%B3%D8%A7%D8%A6%D9%84-%D9%81%D8%B1%D8%A7%D9%86%D8%B2-%D9%83%D8%A7%D9%81%D9%83%D8%A7-pdf
https://www.kotobati.com/%D9%83%D8%AA%D8%A7%D8%A8-%D8%A7%D9%84%D9%85%D8%B1%D8%B4%D8%AF-%D8%A7%D9%84%D8%A3%D9%85%D9%8A%D9%86-%D9%84%D9%84%D8%A8%D9%86%D8%A7%D8%AA-%D9%88%D8%A7%D9%84%D8%A8%D9%86%D9%8A%D9%86-pdf
https://www.kotobati.com/%D9%83%D8%AA%D8%A7%D8%A8-%D8%A7%D9%84%D8%A7%D8%B3%D9%84%D8%A7%D9%85-%D9%85%D9%86%D9%87%D8%AC-%D8%AD%D9%8A%D8%A7%D8%A9-pdf
https://www.kotobati.com/%D9%83%D8%AA%D8%A7%D8%A8-%D8%A7%D8%B3%D8%AA%D9%85%D8%AA%D8%B9-%D8%A8%D8%AD%D9%8A%D8%A7%D8%AA%D9%83-pdf
https://www.kotobati.com/%D9%83%D8%AA%D8%A7%D8%A8-%D9%83%D8%AE%D9%87-%D9%8A%D8%A7-%D8%A8%D8%A7%D8%A8%D8%A7-pdf
https://www.kotobati.com/%D9%83%D8%AA%D8%A7%D8%A8-%D8%A7%D9%84%D8%AD%D9%83%D8%A7%D9%85-%D8%A7%D9%84%D8%B9%D8%B1%D8%A8-%D9%81%D9%8A-%D9%85%D8%B0%D9%83%D8%B1%D8%A7%D8%AA-%D8%B2%D8%B9%D9%85%D8%A7%D8%A1-%D9%88-%D9%82%D8%A7%D8%AF%D8%A9-%D9%88-%D8%B1%D8%AC%D8%A7%D9%84-%D9%85%D8%AE%D8%A7%D8%A8%D8%B1%D8%A7%D8%AA-%D8%A7%D9%84%D8%B9%D8%A7%D9%84%D9%85-pdf
https://www.kotobati.com/%D9%83%D8%AA%D8%A7%D8%A8-%D8%A7%D9%84%D8%B9%D9%82%D9%8A%D8%AF%D8%A9-%D8%A7%D9%84%D9%85%D8%B3%D8%AA%D9%88%D9%8A-%D8%A7%D9%84%D8%A3%D9%88%D9%84-pdf
https://www.kotobati.com/%D9%83%D8%AA%D8%A7%D8%A8-%D8%A7%D9%84%D8%B9%D9%8A%D8%B4-%D8%A7%D9%84%D8%B7%D9%8A%D8%A8-pdf-1
https://www.kotobati.com/%D9%83%D8%AA%D8%A7%D8%A8-%D8%A7%D9%84%D9%87%D9%88%D9%8A%D8%A9-%D8%BA%D9%8A%D8%B1-%D8%A7%D9%84%D9%85%D9%83%D8%AA%D9%85%D9%84%D8%A9-pdf
https://www.kotobati.com/%D9%83%D8%AA%D8%A7%D8%A8-%D8%A7%D9%84%D8%AD%D8%A7%D9%88%D9%8A-%D8%A7%D9%84%D9%83%D8%A8%D9%8A%D8%B16-pdf
https://www.kotobati.com/%D8%B1%D9%88%D8%A7%D9%8A%D8%A9-%D8%A7%D9%84%D8%B3%D9%81%D8%A7%D8%AD-%D8%A7%D9%84%D8%AE%D9%81%D9%8A
https://www.kotobati.com/%D8%B1%D9%88%D8%A7%D9%8A%D8%A9-%D8%AB%D9%88%D8%B1%D8%A9-%D8%A7%D9%84%D8%AD%D9%88%D8%B1-..-%D9%84%D8%AC-3
https://www.kotobati.com/%D8%B1%D9%88%D8%A7%D9%8A%D8%A9-%D9%85%D8%AF%D9%8A%D9%86%D8%A9-%D8%A7%D9%84%D8%AD%D8%A8-%D9%84%D8%A7-%D9%8A%D8%B3%D9%83%D9%86%D9%87%D8%A7-%D8%A7%D9%84%D8%B9%D9%82%D9%84%D8%A7%D8%A1
https://www.kotobati.com/%D9%83%D8%AA%D8%A7%D8%A8-%D8%AD%D8%AF%D9%8A%D8%AB-%D8%A7%D9%84%D9%85%D9%88%D8%AA%D9%89-pdf
https://www.kotobati.com/%D9%83%D8%AA%D8%A7%D8%A8-%D8%AA%D8%A7%D8%AC%D8%B1-%D8%A7%D9%84%D8%A8%D9%86%D8%AF%D9%82%D9%8A%D8%A9-pdf
https://www.kotobati.com/%D8%B1%D9%88%D8%A7%D9%8A%D8%A9-%D8%A7%D9%84%D8%AA%D8%B9%D9%88%D9%8A%D8%B0%D8%A9-%D8%A7%D9%84%D8%A3%D8%AE%D9%8A%D8%B1%D8%A9-pdf
https://www.kotobati.com/%D9%83%D8%AA%D8%A7%D8%A8-%E2%80%AB%D8%B7%D9%88%D9%82-%D8%A7%D9%84%D8%AD%D9%85%D8%A7%D9%85%D8%A9-%D9%81%D9%8A-%D8%A7%D9%84%D8%A3%D9%84%D9%81%D8%A9-%D9%88%D8%A7%D9%84%D8%A3%D9%84%D8%A7%D9%81%E2%80%AC-pdf
https://www.kotobati.com/%D9%83%D8%AA%D8%A7%D8%A8-%E2%80%AB%D8%AD%D8%AF%D9%8A%D8%AB-%D8%A7%D9%84%D9%82%D9%85%D8%B1%E2%80%AC-pdf
https://www.kotobati.com/%D8%B1%D9%88%D8%A7%D9%8A%D8%A9-%D8%A7%D9%84%D8%AD%D8%A8-%D8%A7%D9%84%D9%83%D8%A8%D9%8A%D8%B1-pdf
https://www.kotobati.com/%D9%83%D8%AA%D8%A7%D8%A8-%D8%A7%D9%84%D8%AA%D9%84%D9%85%D9%88%D8%AF-%D9%83%D8%AA%D8%A7%D8%A8-%D8%A7%D9%84%D9%8A%D9%87%D9%88%D8%AF-%D8%A7%D9%84%D9%85%D9%82%D8%AF%D8%B3-pdf
https://www.kotobati.com/%D8%B1%D9%88%D8%A7%D9%8A%D8%A9-%D8%A8%D8%B4%D8%B1-%D9%86%D8%B3%D9%8A%D9%87%D9%85-%D8%A7%D9%84%D9%84%D9%87-pdf
https://www.kotobati.com/%D9%83%D8%AA%D8%A7%D8%A8-%D9%81%D8%B6%D9%84-%D8%A7%D9%84%D8%B9%D9%84%D9%85-%D9%88%D8%A7%D9%84%D8%B9%D9%84%D9%85%D8%A7%D8%A1-pdf
https://www.kotobati.com/%D9%83%D8%AA%D8%A7%D8%A8-%D8%A7%D9%84%D8%A8%D9%8A%D8%A7%D9%86-%D9%88%D8%A7%D9%84%D8%AA%D8%A8%D9%8A%D9%8A%D9%86-3-pdf
https://www.kotobati.com/%D8%B1%D9%88%D8%A7%D9%8A%D8%A9-%D8%A7%D9%84%D8%B3%D9%85%D8%A7%D9%86-%D9%88%D8%A7%D9%84%D8%AE%D8%B1%D9%8A%D9%81-pdf
https://www.kotobati.com/%D9%83%D8%AA%D8%A7%D8%A8-%D8%B5%D9%81%D8%A9-%D8%A7%D9%84%D8%B5%D9%81%D9%88%D8%A9-2-pdf
https://www.kotobati.com/%D8%B1%D9%88%D8%A7%D9%8A%D8%A9-%D9%82%D9%84%D8%A7%D8%AF%D8%A9-%D9%85%D8%B1%D8%AF%D9%88%D8%AE-pdf
https://www.kotobati.com/%D8%B1%D9%88%D8%A7%D9%8A%D8%A9-%D8%A5%D8%A8%D8%B2%D9%8A%D9%85-%D8%A7%D9%84%D8%AD%D8%B0%D8%A7%D8%A1-pdf
https://www.kotobati.com/%D8%B1%D9%88%D8%A7%D9%8A%D8%A9-%E2%80%AB%D8%AC%D8%B1%D9%8A%D9%85%D8%A9-%D9%81%D9%86%D9%8A%D8%A9-pdf
https://www.kotobati.com/%D8%B1%D9%88%D8%A7%D9%8A%D8%A9-%D8%A7%D9%84%D8%AC%D8%A7%D8%B3%D9%88%D8%B3%D8%A9-pdf
https://www.kotobati.com/%D8%B1%D9%88%D8%A7%D9%8A%D8%A9-%D8%A7%D9%84%D8%B3%D8%A7%D8%AD%D8%B1-%D8%A7%D9%84%D9%85%D8%AC%D9%86%D9%88%D9%86-pdf
https://www.kotobati.com/%D8%B1%D9%88%D8%A7%D9%8A%D8%A9-%D8%AF%D9%8A%D9%83-%D8%A7%D9%84%D8%AC%D9%86-pdf
https://www.kotobati.com/%D8%B1%D9%88%D8%A7%D9%8A%D8%A9-%D8%B1%D8%A3%D8%B3-%D8%A7%D9%84%D8%B4%D9%8A%D8%B7%D8%A7%D9%86-pdf
https://www.kotobati.com/%D9%83%D8%AA%D8%A7%D8%A8-%D8%A7%D9%84%D9%81%D9%8A%D8%B2%D9%8A%D8%A7%D8%A1-%D8%AA%D8%AA%D8%AD%D8%AF%D8%AB
https://www.kotobati.com/%D9%83%D8%AA%D8%A7%D8%A8-%D9%87%D8%B0%D8%A7-%D8%A7%D9%84%D9%86%D9%81%D8%A7%D9%82-%D9%81%D8%A7%D8%AD%D8%B0%D8%B1%D9%88%D9%87-pdf
https://www.kotobati.com/%D9%83%D8%AA%D8%A7%D8%A8-%D8%A7%D8%B3%D8%AA%D8%B9%D8%A7%D8%AF%D8%A9-%D8%A7%D9%84%D9%86%D8%B5-%D8%A7%D9%84%D8%A3%D8%B5%D9%84%D9%8A-%D9%84%D9%84%D8%A5%D9%86%D8%AC%D9%8A%D9%84-pdf-0
https://www.kotobati.com/%D9%83%D8%AA%D8%A7%D8%A8-%D8%AD%D9%83%D8%A7%D9%8A%D8%A7%D8%AA-%D9%85%D8%B3%D8%A7%D9%81%D8%B1-pdf
https://www.kotobati.com/%D9%83%D8%AA%D8%A7%D8%A8-%D9%87%D9%83%D8%B0%D8%A7-%D9%83%D8%A7%D9%86%D9%88%D8%A7-%D9%8A%D9%88%D9%85-%D9%83%D9%86%D8%A7-%D8%A7%D9%84%D8%B7%D8%A8-%D9%81%D9%8A-%D8%A7%D9%88%D8%B1%D9%88%D8%A8%D8%A7-%D9%88%D8%B9%D9%86%D8%AF-%D8%A7%D9%84%D9%85%D8%B3%D9%84%D9%85%D9%8A%D9%86-pdf
https://www.kotobati.com/%D8%B1%D9%88%D8%A7%D9%8A%D8%A9-%D9%87%D9%8A%D8%B1%D9%88%D8%B4%D9%8A%D9%85-pdf
https://www.kotobati.com/%D8%B1%D9%88%D8%A7%D9%8A%D8%A9-%D8%A3%D8%B3%D8%B7%D9%88%D8%B1%D8%A9-%D8%A7%D9%84%D8%BA%D8%B1%D8%A8%D8%A7%D8%A1-pdf
https://www.kotobati.com/%D9%83%D8%AA%D8%A7%D8%A8-%D9%81%D9%8A%D9%86%D9%88%D8%B3-%D9%88%D8%A3%D8%AF%D9%88%D9%86%D9%8A%D8%B3-pdf
https://www.kotobati.com/%D9%83%D8%AA%D8%A7%D8%A8-%D8%A7%D9%84%D8%AF%D9%88%D9%84%D8%A9-%D8%A7%D9%84%D8%A3%D9%85%D9%88%D9%8A%D8%A9-%D8%B9%D9%88%D8%A7%D9%85%D9%84-%D8%A7%D9%84%D8%A7%D8%B2%D8%AF%D9%87%D8%A7%D8%B1-%D9%88%D8%AA%D8%AF%D8%A7%D8%B9%D9%8A%D8%A7%D8%AA-%D8%A7%D9%84%D8%A7%D9%86%D9%87%D9%8A%D8%A7%D8%B1-%D8%A7%D9%84%D8%AC%D8%B2%D8%A1-%D8%A7%D9%84%D8%A7%D9%88%D9%84-pdf
https://www.kotobati.com/%D8%B1%D9%88%D8%A7%D9%8A%D8%A9-%D8%A3%D8%B3%D8%B7%D9%88%D8%B1%D8%A9-%D8%A7%D9%84%D8%A3%D8%B3%D8%A7%D8%B7%D9%8A%D8%B11-pdf
https://www.kotobati.com/%D9%83%D8%AA%D8%A7%D8%A8-%D8%A7%D9%84%D9%82%D8%B5%D8%A9-%D8%A7%D9%84%D9%82%D8%B5%D9%8A%D8%B1%D8%A9-%D8%AF%D8%B1%D8%A7%D8%B3%D8%A9-%D9%88%D9%85%D8%AE%D8%AA%D8%A7%D8%B1%D8%A7%D8%AA-pdf
https://www.kotobati.com/%D8%B1%D9%88%D8%A7%D9%8A%D8%A9-%D8%A3%D8%B3%D8%B7%D9%88%D8%B1%D8%A9-%D8%A7%D9%84%D9%86%D8%A8%D8%A7%D8%AA-pdf
https://www.kotobati.com/%D9%83%D8%AA%D8%A7%D8%A8-%D8%A7%D9%84%D8%B9%D9%85%D9%84%D9%8A%D8%A9-%D8%A7%D9%84%D8%A7%D8%B1%D8%B4%D8%A7%D8%AF%D9%8A%D8%A9-pdf
https://www.kotobati.com/%D9%83%D8%AA%D8%A7%D8%A8-%D8%AF%D8%B9%D9%88%D8%A9-%D9%84%D9%84%D8%B2%D9%88%D8%A7%D8%AC-pdf
https://www.kotobati.com/%D8%B1%D9%88%D8%A7%D9%8A%D8%A9-%D9%83%D9%84-%D8%A7%D9%84%D8%B4%D9%87%D9%88%D8%B1-%D9%8A%D9%88%D9%84%D9%8A%D9%88-pdf
https://www.kotobati.com/%D8%B1%D9%88%D8%A7%D9%8A%D8%A9-%D8%A3%D8%B3%D8%B7%D9%88%D8%B1%D8%A9-%D8%A7%D9%84%D8%B4%D9%8A%D8%A1-pdf
https://www.kotobati.com/%D8%B1%D9%88%D8%A7%D9%8A%D8%A9-%D8%A3%D8%B3%D8%B7%D9%88%D8%B1%D8%A9-%D8%A7%D9%84%D9%83%D8%A7%D9%87%D9%86-%D8%A7%D9%84%D8%A3%D8%AE%D9%8A%D8%B1-pdf
https://www.kotobati.com/%D9%83%D8%AA%D8%A7%D8%A8-%D8%A8%D8%B9%D8%AF-%D9%85%D8%A7-%D9%8A%D9%86%D8%A7%D9%85%D9%88%D8%A7-%D8%A7%D9%84%D8%B9%D9%8A%D8%A7%D9%84-pdf
https://www.kotobati.com/%D9%83%D8%AA%D8%A7%D8%A8-%D9%81%D8%AA%D8%AD%D9%8A%D8%A9-%D8%AA%D8%AE%D8%AA%D8%A7%D8%B1-%D9%85%D9%88%D8%AA%D9%87%D8%A7-pdf
https://www.kotobati.com/%D8%B1%D9%88%D8%A7%D9%8A%D8%A9-%D8%A3%D8%B3%D8%B7%D9%88%D8%B1%D8%A9-%D8%A7%D9%84%D8%AC%D9%86%D8%B1%D8%A7%D9%84-%D8%A7%D9%84%D8%B9%D8%A7%D8%A6%D8%AF-pdf
https://www.kotobati.com/%D8%B1%D9%88%D8%A7%D9%8A%D8%A9-%D8%A3%D8%B3%D8%B7%D9%88%D8%B1%D8%A9-%D8%A3%D8%B1%D8%B6-%D8%A3%D8%AE%D8%B1%D9%89-pdf
https://www.kotobati.com/%D8%B1%D9%88%D8%A7%D9%8A%D8%A9-%D9%8A%D8%AD%D8%AF%D8%AB-%D9%83%D9%84-%D9%84%D9%8A%D9%84%D8%A9-pdf
https://www.kotobati.com/%D9%83%D8%AA%D8%A7%D8%A8-%D9%81%D9%86-%D8%A7%D9%84%D8%AA%D8%B9%D8%A7%D9%85%D9%84-%D9%85%D8%B9-%D8%A7%D9%84%D8%AC%D9%86%D8%B3-%D8%A7%D9%84%D8%A2%D8%AE%D8%B1-pdf
https://www.kotobati.com/%D9%83%D8%AA%D8%A7%D8%A8-%D9%85%D8%AC%D9%84%D8%A9-%D9%82%D9%88%D8%A7%D9%86%D9%8A%D9%86
https://www.kotobati.com/%D9%83%D8%AA%D8%A7%D8%A8-%D8%AF%D9%8A%D9%88%D8%A7%D9%86-%D8%A7%D9%84%D9%85%D8%B9%D8%A7%D9%86%D9%8A-pdf
https://www.kotobati.com/harry-potter-and-the-prisoner-of-azkaban-pdf
https://www.kotobati.com/%D8%B1%D9%88%D8%A7%D9%8A%D8%A9-%D8%A3%D8%B3%D8%B7%D9%88%D8%B1%D8%A9-%D8%AD%D8%A7%D9%85%D9%84-%D8%A7%D9%84%D8%B6%D9%8A%D8%A7%D8%A1-1-pdf
https://www.kotobati.com/%D9%83%D8%AA%D8%A7%D8%A8-%D8%A7%D9%84%D8%AF%D9%8A%D8%A7%D8%B1%D8%A7%D8%AA-pdf
https://www.kotobati.com/%D9%83%D8%AA%D8%A7%D8%A8-%D9%82%D8%A7%D9%84%D8%AA-%D8%A7%D9%84%D8%A3%D9%8A%D8%A7%D9%85-pdf
https://www.kotobati.com/%D8%B1%D9%88%D8%A7%D9%8A%D8%A9-%D8%A3%D8%B3%D8%B7%D9%88%D8%B1%D8%A9-%D8%A8%D9%8A%D8%AA-%D8%A7%D9%84%D8%A3%D8%B4%D8%A8%D8%A7%D8%AD-pdf
https://www.kotobati.com/%D9%83%D8%AA%D8%A7%D8%A8-%D8%A7%D9%84%D8%B9%D9%84%D9%85%D8%A7%D9%86%D9%8A%D8%A9-%D8%AC%D8%B0%D9%88%D8%B1%D9%87%D8%A7-%D9%88%D8%A3%D8%B5%D9%88%D9%84%D9%87%D8%A7-pdf
https://www.kotobati.com/%D9%83%D8%AA%D8%A7%D8%A8-%D8%A3%D8%B5%D9%84-%D8%A7%D9%84%D8%A3%D8%AE%D9%84%D8%A7%D9%82-%D9%88%D9%81%D8%B5%D9%84%D9%87%D8%A7-pdf
https://www.kotobati.com/%D8%A7%D9%84%D8%A3%D9%8A%D8%AF%D9%8A-%D8%A7%D9%84%D9%86%D8%A7%D8%B9%D9%85%D8%A9-pdf
https://www.kotobati.com/%D9%83%D8%AA%D8%A7%D8%A8-%D9%82%D9%88%D9%84-%D8%A3%D9%88%D9%81%D9%89-%D9%81%D9%8A-%D9%83%D9%88%D8%B3%D9%88%D9%81%D8%A7-pdf
https://www.kotobati.com/%D9%83%D8%AA%D8%A7%D8%A8-%D8%AA%D8%A3%D9%85%D9%84%D8%A7%D8%AA-%D8%B4%D9%8A%D8%AE-%D8%A7%D9%84%D8%A7%D8%B3%D9%84%D8%A7%D9%85-%D8%A7%D8%A8%D9%86-%D8%AA%D9%8A%D9%85%D9%8A%D8%A9-%D9%81%D9%8A-%D8%A7%D9%84%D9%82%D8%B1%D8%A2%D9%86-%D8%A7%D9%84%D9%83%D8%B1%D9%8A%D9%85-%D8%B3%D9%88%D8%B1%D8%A9-%D8%A7%D9%84%D8%B1%D9%88%D9%85-pdf
https://www.kotobati.com/%D9%83%D8%AA%D8%A7%D8%A8-%D9%82%D9%88%D8%A7%D9%86%D9%8A%D9%86-%D8%A7%D9%84%D9%86%D8%AC%D8%A7%D8%AD-%D8%A7%D9%84%D9%85%D8%B3%D8%AA%D8%AF%D8%A7%D9%85-pdf
https://www.kotobati.com/blessing-in-disguise-pdf
https://www.kotobati.com/%D8%B1%D9%88%D8%A7%D9%8A%D8%A9-%D9%86%D8%B3%D9%84-%D8%A7%D8%A8%D9%84%D9%8A%D8%B3-pdf
https://www.kotobati.com/%D9%83%D8%AA%D8%A7%D8%A8-%D9%82%D8%B1%D9%8A%D9%86%D8%A7%D8%AF%D8%A7-%D9%88%D8%B3%D8%A7%D9%86%D8%AA%D8%A7-%D9%84%D9%88%D8%B3%D9%8A%D8%A7-%D9%88%D8%AF%D9%88%D9%85%D9%86%D9%8A%D9%83%D8%A7-pdf
https://www.kotobati.com/%D8%B1%D9%88%D8%A7%D9%8A%D8%A9-%D8%A3%D9%86%D9%88%D9%86%D9%8A%D9%85-pdf
https://www.kotobati.com/%D9%83%D8%AA%D8%A7%D8%A8-%D8%A7%D9%84%D9%85%D9%88%D8%AA-%D8%A7%D9%84%D8%B1%D8%AD%D9%8A%D9%85-%D9%84%D9%84%D8%A5%D9%84%D8%AD%D8%A7%D8%AF-%D8%A7%D9%84%D9%85%D8%B9%D8%A7%D8%B5%D8%B1-pdf
https://www.kotobati.com/%D9%83%D8%AA%D8%A7%D8%A8-%D8%A3%D8%B3%D8%A6%D9%84%D8%A9-%D8%A7%D9%84%D8%AB%D9%88%D8%B1%D8%A9-pdf
https://www.kotobati.com/%D9%83%D8%AA%D8%A7%D8%A8-%D8%A3%D8%B5%D9%88%D9%84-%D8%A7%D9%84%D8%A5%D9%86%D8%B4%D8%A7%D8%A1-%D9%88%D8%A7%D9%84%D8%AE%D8%B7%D8%A7%D8%A8%D8%A9-%D9%88%D9%8A%D9%84%D9%8A%D9%87-%D8%A7%D9%84%D8%AE%D8%B7%D8%A7%D8%A8%D8%A9-%D8%B9%D9%86%D8%AF-%D8%A7%D9%84%D8%B9%D8%B1%D8%A8-pdf
https://www.kotobati.com/%D9%83%D8%AA%D8%A7%D8%A8-%D9%85%D8%AE%D8%AA%D8%B5%D8%B1-%D8%AC%D8%A7%D9%85%D8%B9-%D8%A7%D9%84%D8%B9%D9%84%D9%88%D9%85-%D9%88%D8%A7%D9%84%D8%AD%D9%83%D9%85-2-pdf
https://www.kotobati.com/%D9%83%D8%AA%D8%A7%D8%A8-%D9%85%D8%A7-%D8%A7%D9%84%D8%B0%D9%8A-%D8%AA%D8%AA%D9%85%D9%86%D8%A7%D9%87-%D9%84%D8%A3%D8%B7%D9%81%D8%A7%D9%84%D9%83-%D9%81%D8%B9%D9%84%D8%A7-pdf
https://www.kotobati.com/%D8%B1%D9%88%D8%A7%D9%8A%D8%A9-%D9%83%D8%A2%D8%A8%D8%A9-%D8%A7%D9%84%D9%85%D9%82%D8%A7%D9%88%D9%85%D8%A9-pdf
https://www.kotobati.com/%D9%83%D8%AA%D8%A7%D8%A8-%D8%A5%D9%86-%D8%A3%D8%AE%D8%B0-%D8%A7%D9%84%D9%85%D9%88%D8%AA-%D9%85%D9%86%D9%83-%D8%B4%D9%8A%D8%A6%D8%A7-%D8%B1%D8%AF%D9%87-%D8%A5%D9%84%D9%8A%D9%87-%D9%83%D8%AA%D8%A7%D8%A8-%D9%83%D8%A7%D8%B1%D9%84-pdf
https://www.kotobati.com/%D8%B1%D9%88%D8%A7%D9%8A%D8%A9-%D8%B5%D9%85%D8%AA-%D8%A7%D9%84%D8%AC%D9%8A%D8%A7%D8%AF-pdf
https://www.kotobati.com/%D9%83%D8%AA%D8%A7%D8%A8-%D8%A7%D9%84%D8%AF%D8%B9%D8%A7%D8%A1-%D8%A7%D9%84%D9%85%D8%B3%D8%AA%D8%AC%D8%A7%D8%A8-pdf
https://www.kotobati.com/%D9%83%D8%AA%D8%A7%D8%A8-%D9%85%D8%B0%D9%83%D8%B1%D8%A7%D8%AA-%D8%B7%D8%A8%D9%8A%D8%A8-%D8%A7%D9%85%D8%AA%D9%8A%D8%A7%D8%B2-pdf
https://www.kotobati.com/%D9%83%D8%AA%D8%A7%D8%A8-%D9%83%D9%8A%D9%81-%D8%A7%D8%B5%D8%A8%D8%AD%D9%88%D8%A7-%D8%B9%D8%B8%D9%85%D8%A7%D8%A1-pdf
https://www.kotobati.com/%D9%83%D8%AA%D8%A7%D8%A8-%D8%A7%D9%84%D9%82%D9%8A%D8%B5%D8%B1-%D8%B3%D9%84%D8%B7%D8%A7%D9%86-pdf
https://www.kotobati.com/%D8%B1%D9%88%D8%A7%D9%8A%D8%A9-%D8%A7%D9%84%D9%85%D8%B5%D8%B9%D8%AF-%D8%B1%D9%82%D9%85-7-pdf
https://www.kotobati.com/%D9%83%D8%AA%D8%A7%D8%A8-%D8%A7%D8%B4%D9%81-%D8%B9%D9%82%D9%84%D9%83-pdf
https://www.kotobati.com/%C2%A0%D9%83%D8%AA%D8%A7%D8%A8-%D8%A7%D9%84%D9%85%D9%88%D8%AA-pdf
https://www.kotobati.com/%D9%83%D8%AA%D8%A7%D8%A8-%D8%B1%D8%B3%D8%A7%D9%84%D8%A9-%D8%A7%D9%84%D8%B1%D8%AF-%D8%B9%D9%84%D9%89-%D8%A7%D9%84%D8%AF%D9%87%D8%B1%D9%8A%D9%8A%D9%86-pdf
https://www.kotobati.com/%D9%83%D8%AA%D8%A7%D8%A8-%D8%B5%D9%84%D8%A7%D8%AD-%D8%A7%D9%84%D8%AF%D9%8A%D9%86-%D8%A7%D9%84%D8%A3%D9%8A%D9%88%D8%A8%D9%8A-pdf
https://www.kotobati.com/%D9%83%D8%AA%D8%A7%D8%A8-%D8%AA%D8%AE%D9%84%D8%B5-%D9%85%D9%86-%D8%B9%D9%82%D9%84%D9%83
https://www.kotobati.com/%D9%83%D8%AA%D8%A7%D8%A8-%D9%81%D9%83%D8%B1-%D9%83%D9%85%D8%A8%D8%AA%D9%83%D8%B1-%D8%B9%D9%84%D9%89-%D8%B7%D8%B1%D9%8A%D9%82%D8%A9-%D8%A7%D8%AF%D9%8A%D8%B3%D9%88%D9%86-pdf
https://www.kotobati.com/%D9%83%D8%AA%D8%A7%D8%A8-%D8%AF%D9%8A%D9%88%D8%A7%D9%86-%D9%85%D8%AD%D9%85%D8%AF-%D8%A5%D9%82%D8%A8%D8%A7%D9%84-1-pdf
https://www.kotobati.com/%D9%83%D8%AA%D8%A7%D8%A8-%D9%85%D8%AA%D8%B9%D8%A9-%D8%A7%D9%84%D8%AD%D8%AF%D9%8A%D8%AB-pdf
https://www.kotobati.com/%D9%83%D8%AA%D8%A7%D8%A8-%D8%A7%D9%84%D8%AA%D8%A3%D9%85%D9%84-%D9%84%D9%85%D8%A7%D8%B0%D8%A7-%D9%86%D8%AA%D8%A3%D9%85%D9%84%D8%9F-%D8%A8%D9%84-%D9%84%D9%85-%D9%84%D8%A7-%D9%86%D8%AA%D8%A3%D9%85%D9%84%D8%9F-pdf
https://www.kotobati.com/%D8%B1%D9%88%D8%A7%D9%8A%D8%A9-%D8%A7%D9%84%D9%82%D9%88%D9%82%D8%B9%D8%A9-%D9%8A%D9%88%D9%85%D9%8A%D8%A7%D8%AA-%D9%85%D8%AA%D9%84%D8%B5%D8%B5
https://www.kotobati.com/%D8%B1%D9%88%D8%A7%D9%8A%D8%A9-%D9%84%D8%B9%D8%A8%D8%A9-%D8%A7%D9%84%D9%85%D8%BA%D8%B2%D9%84-pdf
https://www.kotobati.com/%D9%83%D8%AA%D8%A7%D8%A8-%E2%80%AB%D8%B3%D8%A4%D8%A7%D9%84-%D8%A7%D9%84%D8%A3%D8%AE%D9%84%D8%A7%D9%82-%D9%81%D9%8A-%D8%A7%D9%84%D8%AD%D8%B6%D8%A7%D8%B1%D8%A9-%D8%A7%D9%84%D8%B9%D8%B1%D8%A8%D9%8A%D8%A9-%D8%A7%D9%84%D8%A5%D8%B3%D9%84%D8%A7%D9%85%D9%8A%D8%A9-%E2%80%AC-pdf
https://www.kotobati.com/%D9%83%D8%AA%D8%A7%D8%A8-%D8%A3%D9%87%D9%85-50-%D9%83%D8%AA%D8%A7%D8%A8%D8%A7-%D8%B9%D9%86-%D8%A7%D9%84%D8%B1%D8%AE%D8%A7%D8%A1-pdf
https://www.kotobati.com/%D9%83%D8%AA%D8%A7%D8%A8-%D9%83%D9%84-%D8%B9%D9%84%D9%89-%D9%85%D8%A7-%D9%8A%D8%B1%D8%A7%D9%85-pdf
https://www.kotobati.com/%D9%83%D8%AA%D8%A7%D8%A8-%D9%88%D8%AD%D9%88%D8%B4-%D8%A7%D9%8A%D9%86%D8%B4%D8%AA%D8%A7%D9%8A%D9%86-%D8%AD%D9%8A%D8%A7%D8%A9-%D8%A7%D9%84%D8%AB%D9%82%D9%88%D8%A8-%D8%A7%D9%84%D8%B3%D9%88%D8%AF%D8%A7%D8%A1-%D9%88%D8%AA%D8%A7%D8%B1%D9%8A%D8%AE%D9%87%D8%A7%E2%80%8E-pdf
https://www.kotobati.com/%D8%B1%D9%88%D8%A7%D9%8A%D8%A9-%D9%88%D8%A3%D8%B7%D9%88%D9%81-%D8%B9%D8%A7%D8%B1%D9%8A%D8%A7-pdf
https://www.kotobati.com/%D9%83%D8%AA%D8%A7%D8%A8-%D8%A7%D9%84%D8%AF%D9%8A%D9%86-%D9%88%D8%A7%D9%84%D8%AF%D9%88%D9%84%D8%A9-%D9%88%D8%AA%D8%B7%D8%A8%D9%8A%D9%82-%D8%A7%D9%84%D8%B4%D8%B1%D9%8A%D8%B9%D8%A9-pdf
https://www.kotobati.com/%D9%83%D8%AA%D8%A7%D8%A8-%D8%AD%D9%88%D8%A7%D8%B1-%D8%B3%D8%A7%D8%AE%D9%86-pdf
https://www.kotobati.com/%D9%83%D8%AA%D8%A7%D8%A8-%D9%84%D8%A3%D9%88%D9%84-%D9%85%D8%B1%D8%A9-pdf
https://www.kotobati.com/%D9%83%D8%AA%D8%A7%D8%A8-%D9%87%D9%84-%D8%AA%D8%B3%D9%85%D8%B9%D9%8A%D9%86-%D8%B5%D9%87%D9%8A%D9%84-%D8%A3%D8%AD%D8%B2%D8%A7%D9%86%D9%8A-pdf
https://www.kotobati.com/%D8%B1%D9%88%D8%A7%D9%8A%D8%A9-%D8%AD%D8%AF%D9%8A%D8%AB-%D8%A7%D9%84%D8%B5%D8%A8%D8%A7%D8%AD-%D9%88%D8%A7%D9%84%D9%85%D8%B3%D8%A7%D8%A1-pdf
https://www.kotobati.com/%D9%83%D8%AA%D8%A7%D8%A8-%D9%85%D9%81%D8%A7%D8%AA%D9%8A%D8%AD-%D8%A7%D9%84%D9%86%D8%AC%D8%A7%D8%AD-pdf
https://www.kotobati.com/%D8%B1%D9%88%D8%A7%D9%8A%D8%A9-4321-pdf
https://www.kotobati.com/%D9%83%D8%AA%D8%A7%D8%A8-%D8%A7%D9%84%D8%A5%D8%AE%D9%88%D8%A7%D9%86-%D8%A7%D9%84%D9%85%D8%B3%D9%84%D9%85%D9%88%D9%86-%D8%A8%D9%8A%D9%86-%D8%B9%D8%A8%D8%AF-%D8%A7%D9%84%D9%86%D8%A7%D8%B5%D8%B1-%D9%88%D8%A7%D9%84%D8%B3%D8%A7%D8%AF%D8%A7%D8%AA-%D9%85%D9%86-%D8%A7%D9%84%D9%85%D9%86%D8%B4%D9%8A%D8%A9-%D8%A5%D9%84%D9%89-%D8%A7%D9%84%D9%85%D9%86%D8%B5%D8%A9-1952-1981-pdf
https://www.kotobati.com/%D9%83%D8%AA%D8%A7%D8%A8-%D8%A7%D9%84%D8%B4%D8%B1%D8%AD-%D8%A7%D9%84%D9%83%D8%A8%D9%8A%D8%B1-%D8%B9%D9%84%D9%89-%D8%A7%D9%84%D8%B9%D9%82%D9%8A%D8%AF%D8%A9-%D8%A7%D9%84%D8%B7%D8%AD%D8%A7%D9%88%D9%8A%D8%A9-pdf
https://www.kotobati.com/%D9%83%D8%AA%D8%A7%D8%A8-%D8%B4%D8%B1%D8%AD-%D8%A7%D9%84%D8%A8%D9%84%D8%A7%D8%BA%D8%A9-%D9%85%D9%86-%D9%83%D8%AA%D8%A7%D8%A8-%D9%82%D9%88%D8%A7%D8%B9%D8%AF-%D8%A7%D9%84%D9%84%D8%BA%D8%A9-%D8%A7%D9%84%D8%B9%D8%B1%D8%A8%D9%8A%D8%A9-pdf
https://www.kotobati.com/%D9%83%D8%AA%D8%A7%D8%A8-%D8%A3%D9%88%D9%87%D8%A7%D9%85-%D8%A7%D9%84%D8%AA%D8%A7%D8%B1%D9%8A%D8%AE-%D8%A7%D9%84%D9%8A%D9%87%D9%88%D8%AF%D9%8A-pdf
https://www.kotobati.com/%D9%83%D8%AA%D8%A7%D8%A8-%D9%84%D9%85%D8%A7%D8%B1-pdf
https://www.kotobati.com/%D9%83%D8%AA%D8%A7%D8%A8-%D8%A7%D9%84%D9%85%D9%88%D8%B3%D8%A7%D8%AF-%D8%A3%D9%83%D8%A8%D8%B1-%D9%85%D9%87%D8%A7%D9%85-%D8%AC%D9%87%D8%A7%D8%B2-%D8%A7%D9%84%D9%85%D8%AE%D8%A7%D8%A8%D8%B1%D8%A7%D8%AA-%D8%A7%D9%84%D8%A5%D8%B3%D8%B1%D8%A7%D8%A6%D9%8A%D9%84%D9%8A-pdf
https://www.kotobati.com/%D9%83%D8%AA%D8%A7%D8%A8-%D8%B4%D8%B1%D8%AD-%D8%B9%D9%84%D9%84-%D8%A7%D9%84%D8%AA%D8%B1%D9%85%D8%B0%D9%8A-1-pdf
https://www.kotobati.com/%D8%B1%D9%88%D8%A7%D9%8A%D8%A9-%D9%86%D8%B3%D8%A7%D8%A1-%D8%B9%D9%84%D9%89-%D8%A3%D8%AC%D9%86%D8%AD%D8%A9-%D8%A7%D9%84%D8%AD%D9%84%D9%85-pdf
https://www.kotobati.com/%D9%83%D8%AA%D8%A7%D8%A8-%D8%A7%D9%84%D8%BA%D9%88%D8%A7%D9%8A%D8%A9-pdf
https://www.kotobati.com/%D9%83%D8%AA%D8%A7%D8%A8-%D9%86%D9%87%D8%A7%D9%8A%D8%A9-%D8%A5%D8%B3%D8%B1%D8%A7%D8%A6%D9%8A%D9%84-pdf
https://www.kotobati.com/%D9%83%D8%AA%D8%A7%D8%A8-%D8%B1%D8%AC%D8%A7%D9%84-%D8%A7%D9%84%D9%82%D9%88%D9%85%D8%A9-%D9%88%D8%A7%D9%84%D8%A5%D8%B5%D9%84%D8%A7%D8%AD-pdf
https://www.kotobati.com/%D9%83%D8%AA%D8%A7%D8%A8-%D8%A7%D9%84%D9%85%D8%B9%D8%AC%D9%85-%D8%A7%D9%84%D9%85%D9%81%D8%B5%D9%84-%D9%81%D9%8A-%D8%A7%D9%84%D8%AC%D9%85%D9%88%D8%B9-pdf
https://www.kotobati.com/%D8%B1%D9%88%D8%A7%D9%8A%D8%A9-%D8%A3%D9%85%D8%B7%D8%A7%D8%B1-%D8%B5%D9%8A%D9%81%D9%8A%D8%A9-pdf
https://www.kotobati.com/le-temps-des-amours-pdf
https://www.kotobati.com/%D9%83%D8%AA%D8%A7%D8%A8-%D9%83%D9%84%D9%85%D8%A7%D8%AA-%D9%84%D9%87%D8%A7-pdf
https://www.kotobati.com/%D8%B1%D9%88%D8%A7%D9%8A%D8%A9-%D9%84%D8%B9%D8%A8%D8%A9-%D8%A7%D9%84%D9%85%D8%AD%D8%AA%D8%B1%D9%81%D9%8A%D9%86-pdf
https://www.kotobati.com/%D9%83%D8%AA%D8%A7%D8%A8-%D8%A7%D9%84%D9%82%D8%B1%D8%A2%D9%86-%D9%88%D8%A7%D9%84%D9%85%D8%AA%D8%BA%D9%8A%D8%B1%D8%A7%D8%AA-%D8%A7%D9%84%D8%A5%D8%AC%D8%AA%D9%85%D8%A7%D8%B9%D9%8A%D8%A9-%D9%88%D8%A7%D9%84%D8%AA%D8%A7%D8%B1%D9%8A%D8%AE%D9%8A%D8%A9-pdf
https://www.kotobati.com/%D8%B1%D9%88%D8%A7%D9%8A%D8%A9-%D8%AD%D9%83%D8%A7%D9%8A%D8%A9-%D8%AC%D8%A7%D8%AF-%D8%A7%D9%84%D9%84%D9%87-pdf
https://www.kotobati.com/%D9%83%D8%AA%D8%A7%D8%A8-%D9%85%D9%81%D9%87%D9%88%D9%85-%D8%A7%D9%84%D8%B9%D8%A7%D9%84%D9%85%D9%8A%D8%A9-%D9%85%D9%86-%D8%A7%D9%84%D9%83%D8%AA%D8%A7%D8%A8-%D8%A5%D9%84%D9%89-%D8%A7%D9%84%D8%B1%D8%A8%D8%A7%D9%86%D9%8A%D8%A9-pdf
https://www.kotobati.com/%D9%83%D8%AA%D8%A7%D8%A8-%D8%A7%D9%84%D9%84%D8%BA%D8%A9-%D9%88%D8%A7%D9%84%D8%A5%D8%A8%D8%AF%D8%A7%D8%B9-pdf
https://www.kotobati.com/%D9%83%D8%AA%D8%A7%D8%A8-%D8%B5%D8%A8%D8%A7%D8%AD-%D8%A7%D9%84%D8%AE%D9%8A%D8%B1
https://www.kotobati.com/%D9%83%D8%AA%D8%A7%D8%A8-%D8%A7%D9%84%D8%A5%D8%B3%D8%AA%D8%AD%D9%85%D8%A7%D8%B1-pdf
https://www.kotobati.com/%D9%83%D8%AA%D8%A7%D8%A8-%D8%A7%D9%84%D9%85%D8%B4%D8%A7%D8%B1%D9%83%D8%A9-%D8%A7%D9%84%D8%A5%D8%A8%D8%AF%D8%A7%D8%B9%D9%8A%D8%A9-pdf
https://www.kotobati.com/%D9%83%D8%AA%D8%A7%D8%A8-%D9%83%D9%8A%D9%81-%D8%A3%D9%82%D8%B1%D8%A3
https://www.kotobati.com/%D8%B1%D9%88%D8%A7%D9%8A%D8%A9-%D8%A3%D9%88%D9%82%D8%A7%D8%AA-%D8%B9%D8%B5%D9%8A%D8%A8%D8%A9-pdf
https://www.kotobati.com/%D9%83%D8%AA%D8%A7%D8%A8-%D9%81%D9%86-%D8%A7%D9%84%D8%AA%D9%86%D9%81%D8%B3-%D8%B3%D8%AA%D8%A9-%D8%AF%D8%B1%D9%88%D8%B3-%D8%A8%D8%B3%D9%8A%D8%B7%D8%A9-%D9%84%D8%AA%D8%AD%D8%B3%D9%8A%D9%86-%D8%A7%D9%84%D8%A3%D8%AF%D8%A7%D8%A1-%D9%88%D8%A7%D9%84%D8%B5%D8%AD%D8%A9-%D9%88%D8%A7%D9%84%D8%B3%D8%B9%D8%A7%D8%AF%D8%A9-pdf
https://www.kotobati.com/%D9%83%D8%AA%D8%A7%D8%A8-%D8%B3%D9%88%D9%81-%D8%AA%D8%B1%D8%A7%D9%87-%D8%B9%D9%86%D8%AF%D9%85%D8%A7-%D8%AA%D8%A4%D9%85%D9%86-%D8%A8%D9%87-pdf
https://www.kotobati.com/%D9%83%D8%AA%D8%A7%D8%A8-%D8%A7%D9%84%D8%AA%D9%81%D9%83%D9%8A%D8%B1-%D8%A7%D9%84%D8%B3%D9%84%D8%A8%D9%8A-%D9%88-%D8%A7%D9%84%D8%AA%D9%81%D9%83%D9%8A%D8%B1-%D8%A7%D9%84%D8%A7%D9%8A%D8%AC%D8%A7%D8%A8%D9%8A-pdf
https://www.kotobati.com/%D9%83%D8%AA%D8%A7%D8%A8-%D8%B1%D8%BA%D8%A8%D8%A7%D8%AA-%D9%85%D8%AD%D9%82%D9%82%D8%A9-pdf
https://www.kotobati.com/%D9%83%D8%AA%D8%A7%D8%A8-%D9%85%D8%B0%D9%83%D8%B1%D8%A7%D8%AA-%D9%85%D8%AD%D9%85%D8%AF-%D9%84%D8%B7%D9%81%D9%8A-%D8%AC%D9%85%D8%B9%D8%A9-pdf
https://www.kotobati.com/%D9%83%D8%AA%D8%A7%D8%A8-%D9%85%D9%82%D8%AF%D9%85%D8%A9-%D9%84%D9%83%D9%84-%D9%85%D9%8A%D8%AA%D8%A7%D9%81%D9%8A%D8%B2%D9%8A%D9%82%D8%A7-%D9%85%D9%82%D8%A8%D9%84%D8%A9-pdf
https://www.kotobati.com/%D9%83%D8%AA%D8%A7%D8%A8-%D8%A7%D9%84%D8%A8%D9%84%D8%A7%D8%A1-%D8%A7%D9%84%D8%B4%D8%AF%D9%8A%D8%AF-%D9%88%D8%A7%D9%84%D9%85%D9%8A%D9%84%D8%A7%D8%AF-%D8%A7%D9%84%D8%AC%D8%AF%D9%8A%D8%AF-pdf
https://www.kotobati.com/%D8%B1%D9%88%D8%A7%D9%8A%D8%A9-%D8%B1%D8%A7%D9%85%D8%A8%D9%88-%D8%A7%D9%84%D8%AD%D8%A8%D8%B4%D9%8A-pdf
https://www.kotobati.com/%D9%83%D8%AA%D8%A7%D8%A8-%D8%B1%D9%88%D8%A7%D8%A6%D8%B9-%D8%A7%D9%84%D9%85%D8%AA%D9%88%D9%86-%D9%88%D8%A8%D8%AF%D8%A7%D8%A6%D8%B9-%D8%A7%D9%84%D9%81%D9%86%D9%88%D9%86-pdf
https://www.kotobati.com/%D8%B1%D9%88%D8%A7%D9%8A%D8%A9-%D8%AB%D8%B9%D9%84%D8%A8-%D8%A7%D9%84%D8%AB%D9%84%D9%88%D8%AC-pdf
https://www.kotobati.com/%D8%B1%D9%88%D8%A7%D9%8A%D8%A9-%D8%B4%D8%B1%D9%8A%D8%B9%D8%A9-%D8%A7%D9%84%D8%BA%D8%A7%D8%A8-pdf
https://www.kotobati.com/%D9%83%D8%AA%D8%A7%D8%A8-%D8%A3%D8%AB%D8%B1-%D8%AF%D9%84%D8%A7%D9%84%D8%A9-%D8%AD%D8%B1%D9%88%D9%81-%D8%A7%D9%84%D8%AC%D8%B1-%D9%81%D9%8A-%D8%A7%D9%84%D8%AA%D9%81%D8%B3%D9%8A%D8%B1-%D8%AF%D8%B1%D8%A7%D8%B3%D8%A9-%D9%86%D8%B8%D8%B1%D9%8A%D8%A9-%D8%AA%D8%B7%D8%A8%D9%8A%D9%82%D9%8A%D8%A9-%D9%85%D9%86-%D8%A3%D9%88%D9%84-%D8%B3%D9%88%D8%B1%D8%A9-%D8%A7%D9%84%D8%AA%D9%88%D8%A8%D8%A9-%D8%A5%D9%84%D9%89-%D9%86%D9%87%D8%A7%D9%8A%D8%A9-%D8%B3%D9%88%D8%B1%D8%A9-%D9%87%D9%88%D8%AF-pdf
https://www.kotobati.com/%D9%83%D8%AA%D8%A7%D8%A8-%D9%85%D9%86-%D8%B4%D8%B1%D9%81%D8%A9-%D8%A7%D8%A8%D9%86-%D8%B1%D8%B4%D8%AF-pdf
https://www.kotobati.com/%D9%83%D8%AA%D8%A7%D8%A8-%D9%85%D9%88%D8%B3%D9%88%D8%B9%D8%A9-%D8%A7%D9%84%D8%B9%D8%B0%D8%A7%D8%A8-3-pdf
https://www.kotobati.com/%D9%83%D8%AA%D8%A7%D8%A8-%D8%A3%D8%AB%D8%B1-%D8%AF%D9%84%D8%A7%D9%84%D8%A9-%D8%AD%D8%B1%D9%88%D9%81-%D8%A7%D9%84%D8%AC%D8%B1-%D9%81%D9%8A-%D8%A7%D9%84%D8%AA%D9%81%D8%B3%D9%8A%D8%B1-%D8%AF%D8%B1%D8%A7%D8%B3%D8%A9-%D9%86%D8%B8%D8%B1%D9%8A%D8%A9-%D8%AA%D8%B7%D8%A8%D9%8A%D9%82%D9%8A%D8%A9-%D8%B9%D9%84%D9%89-%D8%B3%D9%88%D8%B1%D8%AA%D9%8A-%D8%A7%D9%84%D9%85%D8%A7%D8%A6%D8%AF%D8%A9-%D9%88%D8%A7%D9%84%D8%A3%D9%86%D8%B9%D8%A7%D9%85-pdf
https://www.kotobati.com/%D9%83%D8%AA%D8%A7%D8%A8-%D9%85%D8%AE%D8%B7%D9%88%D8%B7%D8%A9-%D9%88%D8%AC%D8%AF%D8%AA-%D9%81%D9%8A-%D8%B9%D9%83%D8%B1%D8%A7-pdf
https://www.kotobati.com/%D8%B1%D9%88%D8%A7%D9%8A%D8%A9-%D8%B1%D9%8A%D8%A7%D8%AD-%D8%A7%D9%84%D9%85%D8%A7%D8%B6%D9%8A-pdf
https://www.kotobati.com/%D9%83%D8%AA%D8%A7%D8%A8-%D9%85%D8%A7-%D9%8A%D9%81%D9%88%D9%82-%D8%AD%D9%88%D8%A7%D8%B3%D9%86%D8%A7-%D8%A7%D9%84%D8%AE%D9%85%D8%B3-pdf
https://www.kotobati.com/%D8%B1%D9%88%D8%A7%D9%8A%D8%A9-%D9%8A%D9%88%D9%85-%D8%AA%D8%B9%D9%84%D9%85%D8%AA-%D8%A3%D9%86-%D8%A3%D8%B9%D9%8A%D8%B4-pdf
https://www.kotobati.com/%D9%83%D8%AA%D8%A7%D8%A8-%D8%A7%D9%84%D8%A3%D8%B5%D9%88%D9%84-%D8%A7%D9%84%D8%AB%D9%84%D8%A7%D8%AB%D8%A9-%D9%88%D8%A3%D8%AF%D9%84%D8%AA%D9%87%D8%A7-pdf
https://www.kotobati.com/%D9%83%D8%AA%D8%A7%D8%A8-%D9%85%D9%81%D9%8A%D8%AF-%D8%A7%D9%84%D9%85%D8%B3%D8%AA%D9%81%D9%8A%D8%AF-%D9%81%D9%8A-%D9%83%D9%81%D8%B1-%D8%AA%D8%A7%D8%B1%D9%83-%D8%A7%D9%84%D8%AA%D9%88%D8%AD%D9%8A%D8%AF-pdf
https://www.kotobati.com/%D9%83%D8%AA%D8%A7%D8%A8-%D9%85%D8%B3%D8%A7%D8%A6%D9%84-%D8%A7%D9%84%D8%AC%D8%A7%D9%87%D9%84%D9%8A%D8%A9-pdf
https://www.kotobati.com/%D8%B1%D9%88%D8%A7%D9%8A%D8%A9-%D8%B9%D8%B5%D8%A8%D8%A9-%D8%A7%D9%84%D8%B4%D9%8A%D8%A7%D8%B7%D9%8A%D9%86
https://www.kotobati.com/%D9%83%D8%AA%D8%A7%D8%A8-%D8%A7%D9%84%D8%AD%D9%8A%D8%A7%D8%A9-%D8%B9%D9%84%D9%89-%D8%B3%D8%B7%D8%AD-%D8%A7%D9%84%D8%A8%D8%B7%D9%8A%D8%AE-pdf
https://www.kotobati.com/%D8%B1%D9%88%D8%A7%D9%8A%D8%A9-%D9%86%D8%A8%D8%B6-%D8%A7%D9%84%D8%AE%D9%84%D9%88%D8%AF-pdf
https://www.kotobati.com/%D9%83%D8%AA%D8%A7%D8%A8-%D8%AA%D8%A7%D8%B1%D9%8A%D8%AE-%D8%A7%D8%A8%D9%86-%D8%AE%D9%84%D8%AF%D9%88%D9%86-3-pdf
https://www.kotobati.com/%D9%83%D8%AA%D8%A7%D8%A8-%D8%AA%D8%A7%D8%B1%D9%8A%D8%AE-%D8%A7%D8%A8%D9%86-%D8%AE%D9%84%D8%AF%D9%88%D9%86-5-pdf
https://www.kotobati.com/%D9%83%D8%AA%D8%A7%D8%A8-%D8%AA%D8%A7%D8%B1%D9%8A%D8%AE-%D8%A7%D8%A8%D9%86-%D8%AE%D9%84%D8%AF%D9%88%D9%86-1-pdf
https://www.kotobati.com/%D9%83%D8%AA%D8%A7%D8%A8-%D8%AA%D8%A7%D8%B1%D9%8A%D8%AE-%D8%A7%D8%A8%D9%86-%D8%AE%D9%84%D8%AF%D9%88%D9%86-4-pdf
https://www.kotobati.com/%D9%83%D8%AA%D8%A7%D8%A8-%D8%AA%D8%A7%D8%B1%D9%8A%D8%AE-%D8%A7%D8%A8%D9%86-%D8%AE%D9%84%D8%AF%D9%88%D9%86-6-pdf
https://www.kotobati.com/%D9%83%D8%AA%D8%A7%D8%A8-%D8%AA%D8%A7%D8%B1%D9%8A%D8%AE-%D9%81%D9%84%D8%A7%D8%B3%D9%81%D8%A9-%D8%A7%D9%84%D8%A7%D8%B3%D9%84%D8%A7%D9%85-%D9%81%D9%8A-%D8%A7%D9%84%D9%85%D8%B4%D8%B1%D9%82-%D9%88%D8%A7%D9%84%D9%85%D8%BA%D8%B1%D8%A8-pdf
https://www.kotobati.com/%D9%83%D8%AA%D8%A7%D8%A8-%D9%81%D9%8A-%D9%85%D9%87%D8%A8-%D8%A7%D9%84%D8%B1%D9%8A%D8%AD-pdf
https://www.kotobati.com/%D9%83%D8%AA%D8%A7%D8%A8-%D8%A7%D9%84%D8%B9%D9%84%D9%85%D8%A7%D9%86%D9%8A%D8%A9-pdf
https://www.kotobati.com/%D8%B1%D9%88%D8%A7%D9%8A%D8%A9-%D8%A3%D8%AD%D9%85%D8%AF-%D8%B3%D9%85%D8%A7%D8%B9%D9%8A%D9%86-%D8%B3%D9%8A%D8%B1%D8%A9-%D8%A5%D9%86%D8%B3%D8%A7%D9%86-pdf
https://www.kotobati.com/%D9%83%D8%AA%D8%A7%D8%A8-%D8%A7%D9%84%D9%81%D8%AC%D9%88%D8%B1-%D8%A7%D9%84%D8%B3%D9%8A%D8%A7%D8%B3%D9%8A-%D9%88%D8%A7%D9%84%D8%AD%D8%B1%D9%83%D8%A9-%D8%A7%D9%84%D8%A5%D8%B3%D9%84%D8%A7%D9%85%D9%8A%D8%A9-%D8%A8%D8%A7%D9%84%D9%85%D8%BA%D8%B1%D8%A8-pdf
https://www.kotobati.com/%D9%83%D8%AA%D8%A7%D8%A8-%D9%85%D8%AE%D8%A7%D8%B7%D8%B1-%D8%A7%D9%84%D8%B9%D9%88%D9%84%D9%85%D8%A9-%D8%B9%D9%84%D9%89-%D8%A7%D9%84%D9%87%D9%88%D9%8A%D8%A9-%D8%A7%D9%84%D8%AB%D9%82%D8%A7%D9%81%D9%8A%D8%A9-pdf
https://www.kotobati.com/%D9%83%D8%AA%D8%A7%D8%A8-%D8%A7%D9%84%D9%85%D8%B9%D8%AA%D8%B2%D9%84%D8%A9-%D9%88%D9%85%D8%B4%D9%83%D9%84%D8%A9-%D8%A7%D9%84%D8%AD%D8%B1%D9%8A%D8%A9-%D8%A7%D9%84%D8%A5%D9%86%D8%B3%D8%A7%D9%86%D9%8A%D8%A9-pdf
https://www.kotobati.com/%D9%83%D8%AA%D8%A7%D8%A8-%D9%85%D9%8A%D8%AA%D8%A7%D9%81%D9%8A%D8%B2%D9%8A%D9%82-%D8%A7%D9%84%D8%AB%D8%B9%D9%84%D8%A8-pdf
https://www.kotobati.com/%D9%83%D8%AA%D8%A7%D8%A8-%D8%A7%D9%84%D8%A5%D8%B3%D9%84%D8%A7%D9%85-%D9%88%D8%A7%D9%84%D9%81%D9%86%D9%88%D9%86-%D8%A7%D9%84%D8%AC%D9%85%D9%8A%D9%84%D8%A9-pdf
https://www.kotobati.com/%D9%83%D8%AA%D8%A7%D8%A8-%E2%80%AB%D8%A7%D9%84%D8%B3%D9%85%D8%A7%D8%AD%D8%A9-%D8%A7%D9%84%D8%A5%D8%B3%D9%84%D8%A7%D9%85%D9%8A%D8%A9%E2%80%AC-pdf
https://www.kotobati.com/%D9%83%D8%AA%D8%A7%D8%A8-%D9%85%D8%A8%D8%A7%D9%87%D8%AC-%D8%A7%D9%84%D9%81%D9%84%D8%B3%D9%81%D8%A9-%D8%A7%D9%84%D9%83%D8%AA%D8%A7%D8%A8-%D8%A7%D9%84%D8%A3%D9%88%D9%84-pdf
https://www.kotobati.com/%D9%83%D8%AA%D8%A7%D8%A8-%D8%A7%D9%84%D9%85%D8%B3%D8%B1%D8%AD-%D8%A7%D9%84%D8%B9%D8%B1%D8%A8%D9%8A-%D8%A8%D9%8A%D9%86-%D8%A7%D9%84%D9%86%D9%82%D9%84-%D9%88%D8%A7%D9%84%D8%AA%D8%A3%D8%B5%D9%8A%D9%84-pdf
https://www.kotobati.com/%D8%B1%D9%88%D8%A7%D9%8A%D8%A9-%D9%82%D8%B6%D9%8A%D8%A9-%D9%82%D8%AA%D9%8A%D9%84-%D8%A7%D9%84%D9%81%D9%86%D8%AF%D9%82-pdf
https://www.kotobati.com/%D9%83%D8%AA%D8%A7%D8%A8-%D9%81%D8%B5%D9%88%D8%B5-%D8%A7%D9%84%D8%AD%D9%83%D9%85-pdf
https://www.kotobati.com/%D9%83%D8%AA%D8%A7%D8%A8-%D8%A7%D9%84%D8%B9%D9%82%D9%8A%D8%AF%D8%A9-%D8%A7%D9%84%D8%A5%D8%B3%D9%84%D8%A7%D9%85%D9%8A%D8%A9-%D9%88%D8%A3%D8%B3%D8%B3%D9%87%D8%A7-pdf
https://www.kotobati.com/%D9%83%D8%AA%D8%A7%D8%A8-%D8%AA%D8%A7%D8%B1%D9%8A%D8%AE-%D8%A7%D9%84%D8%A8%D8%AD%D8%B1%D9%8A%D9%86-%D8%A7%D9%84%D8%AD%D8%AF%D9%8A%D8%AB-pdf
https://www.kotobati.com/%D9%83%D8%AA%D8%A7%D8%A8-%D9%84%D8%A7-%D8%AA%D8%B9%D8%AA%D8%B0%D8%B1-%D8%B9%D9%85%D8%A7-%D9%81%D8%B9%D9%84%D8%AA-pdf
https://www.kotobati.com/%D8%B1%D9%88%D8%A7%D9%8A%D8%A9-%D9%82%D8%B6%D9%8A%D8%A9-%D8%B9%D9%8A%D9%86-%D8%A7%D9%84%D8%B4%D8%B1-pdf
https://www.kotobati.com/%D9%83%D8%AA%D8%A7%D8%A8-%D8%AF%D9%81%D8%A7%D8%AA%D8%B1-%D9%81%D9%84%D8%B3%D8%B7%D9%8A%D9%86%D9%8A%D8%A9-pdf
https://www.kotobati.com/%D8%B1%D9%88%D8%A7%D9%8A%D8%A9-%D9%85%D9%85%D9%84%D9%83%D8%A9-%D8%A7%D9%84%D8%AC%D9%88%D8%A7%D8%B1%D9%8A-pdf
https://www.kotobati.com/%D9%83%D8%AA%D8%A7%D8%A8-%D9%85%D8%B1%D8%A7%D8%AC%D8%B9%D8%A7%D8%AA-%D9%81%D9%8A-%D8%A7%D9%84%D8%A2%D8%AF%D8%A7%D8%A8-%D9%88%D8%A7%D9%84%D9%81%D9%86%D9%88%D9%86-pdf
https://www.kotobati.com/%D9%83%D8%AA%D8%A7%D8%A8-%D8%A7%D9%84%D8%A5%D9%85%D8%A7%D9%85-%D8%B9%D9%84%D9%8A-%D8%B5%D9%88%D8%AA-%D8%A7%D9%84%D8%B9%D8%AF%D8%A7%D9%84%D8%A9-%D8%A7%D9%84%D8%A7%D9%86%D8%B3%D8%A7%D9%86%DB%8C%D8%A9-%D8%A7%D9%84%D9%85%D8%AC%D9%84%D8%AF-%D8%A7%D9%84%D8%A3%D9%88%D9%84-pdf
https://www.kotobati.com/%D9%83%D8%AA%D8%A7%D8%A8-%D8%A7%D9%84%D8%B5%D8%AF%D9%8A%D9%82%D8%A9-%D8%A8%D9%86%D8%AA-%D8%A7%D9%84%D8%B5%D8%AF%D9%8A%D9%82-pdf
https://www.kotobati.com/%D9%83%D8%AA%D8%A7%D8%A8-%D8%A3%D8%B4%D9%87%D8%B1-%D8%A7%D9%84%D8%A3%D8%B7%D9%81%D8%A7%D9%84-%D9%81%D9%8A-%D8%A7%D9%84%D8%B3%D9%8A%D9%86%D9%85%D8%A7-%D8%A7%D9%84%D9%85%D8%B5%D8%B1%D9%8A%D8%A9-pdf
https://www.kotobati.com/%D9%83%D8%AA%D8%A7%D8%A8-%D8%A7%D9%84%D9%84%D8%BA%D8%A9-%D8%A7%D9%84%D8%B4%D8%A7%D8%B9%D8%B1%D8%A9-pdf
https://www.kotobati.com/%D9%83%D8%AA%D8%A7%D8%A8-%D8%AC%D8%A7%D9%85%D8%B9-%D8%B5%D8%AD%D9%8A%D8%AD-%D8%A7%D9%84%D8%A3%D8%B0%D9%83%D8%A7%D8%B1-pdf
https://www.kotobati.com/%D9%83%D8%AA%D8%A7%D8%A8-%D9%85%D9%88%D8%B3%D9%88%D8%B9%D8%A9-%D8%A3%D8%B3%D9%85%D8%A7%D8%A1-%D8%A7%D9%84%D9%84%D9%87-%D8%A7%D9%84%D8%AD%D8%B3%D9%86%D9%89-pdf
https://www.kotobati.com/%D9%83%D8%AA%D8%A7%D8%A8-%D9%86%D9%82%D8%AF-%D8%A7%D9%84%D8%AE%D8%B7%D8%A7%D8%A8-%D8%A7%D9%84%D9%82%D9%88%D9%85%D9%8A-pdf
https://www.kotobati.com/%D9%83%D8%AA%D8%A7%D8%A8-%D8%AD%D8%B7%D9%85%D8%AA-%D8%AD%D9%8A%D8%A7%D8%AA%D9%8A-pdf
https://www.kotobati.com/%D8%B1%D9%88%D8%A7%D9%8A%D8%A9-%D8%AC%D8%B1%D8%A7%D9%81%D9%8A%D8%AA-pdf
https://www.kotobati.com/%D9%83%D8%AA%D8%A7%D8%A8-%D8%AF%D9%88%D9%85%D8%A9-%D9%88%D8%AF-%D8%AD%D8%A7%D9%85%D8%AF-pdf
https://www.kotobati.com/%D8%B1%D9%88%D8%A7%D9%8A%D8%A9-%D9%85%D8%B9%D8%B1%D9%83%D8%A9-%D8%A7%D9%84%D9%82%D9%85%D8%A9-pdf
https://www.kotobati.com/welcome-to-the-monkey-house-pdf
https://www.kotobati.com/%D9%83%D8%AA%D8%A7%D8%A8-%D8%A7%D9%84%D8%A7%D9%82%D8%AA%D8%B5%D8%A7%D8%AF-%D8%A7%D9%84%D8%AC%D8%B2%D8%A6%D9%8A-pdf
https://www.kotobati.com/%D9%83%D8%AA%D8%A7%D8%A8-%D8%A5%D8%AD%D9%8A%D8%A7%D8%A1-%D8%B9%D9%84%D9%88%D9%85-%D8%A7%D9%84%D8%AF%D9%8A%D9%86-%D8%A7%D9%84%D9%85%D8%AC%D9%84%D8%AF-1-pdf
https://www.kotobati.com/%D8%B1%D9%88%D8%A7%D9%8A%D8%A9-%D9%85%D8%A8%D8%B9%D9%88%D8%AB-%D8%A7%D9%84%D8%AC%D8%AD%D9%8A%D9%85-pdf
https://www.kotobati.com/%D9%83%D8%AA%D8%A7%D8%A8-%D8%A7%D9%84%D8%B9%D9%82%D8%A7%D8%A6%D8%AF-%D9%88%D8%A7%D9%84%D9%85%D8%B0%D8%A7%D9%87%D8%A8-3-pdf
https://www.kotobati.com/%D8%B1%D9%88%D8%A7%D9%8A%D8%A9-%D8%A3%D8%B1%D8%B3%D9%8A%D9%86-%D9%84%D9%88%D8%A8%D9%8A%D9%86-%D9%81%D9%8A-%D8%A7%D9%84%D8%B3%D8%AC%D9%86%C2%A0-pdf
https://www.kotobati.com/%D9%83%D8%AA%D8%A7%D8%A8-%D8%A7%D9%84%D9%88%D8%AC%D9%88%D8%AF-%D9%88%D8%A7%D9%84%D8%B9%D8%B2%D8%A7%D8%A1-pdf
https://www.kotobati.com/%D9%83%D8%AA%D8%A7%D8%A8-%D8%B4%D8%A8%D8%A7%D8%A8%D9%83-%D9%83%D9%8A%D9%81-%D8%AA%D8%AD%D8%A7%D9%81%D8%B8-%D8%B9%D9%84%D9%8A%D9%87-pdf
https://www.kotobati.com/%D8%B1%D9%88%D8%A7%D9%8A%D8%A9-%D9%85%D8%B1%D8%A2%D8%A9-%D8%A7%D9%84%D8%BA%D8%AF-pdf
https://www.kotobati.com/%D9%83%D8%AA%D8%A7%D8%A8-%D9%81%D9%8A-%D8%AE%D9%8A%D9%85%D8%A9-%D8%A7%D9%84%D9%82%D8%B0%D8%A7%D9%81%D9%8A-pdf
https://www.kotobati.com/%D9%83%D8%AA%D8%A7%D8%A8-%D8%A7%D9%84%D9%81%D8%B1%D8%AF%D9%88%D8%B3-%D8%A7%D9%84%D8%A3%D8%B1%D8%B6%D9%8A-%D8%AF%D8%B1%D8%A7%D8%B3%D8%A7%D8%AA-%D9%88%D8%A7%D9%86%D8%B7%D8%A8%D8%A7%D8%B9%D8%A7%D8%AA-%D8%B9%D9%86-%D8%A7%D9%84%D8%AD%D8%B6%D8%A7%D8%B1%D8%A9-%D8%A7%D9%84%D8%A3%D9%85%D8%B1%D9%8A%D9%83%D9%8A%D8%A9-%D8%A7%D9%84%D8%AD%D8%AF%D9%8A%D8%AB%D8%A9
https://www.kotobati.com/%D9%83%D8%AA%D8%A7%D8%A8-%D8%AA%D8%A7%D8%A8%D8%B9-%D8%A7%D9%84%D8%B4%D9%8A%D8%B7%D8%A7%D9%86-pdf
https://www.kotobati.com/%D9%83%D8%AA%D8%A7%D8%A8-%D8%A7%D9%84%D8%B9%D8%AF%D9%88%D8%A7%D9%86-%D8%B9%D9%84%D9%89-%D8%A7%D9%84%D8%B9%D8%B1%D8%A8%D9%8A%D8%A9
https://www.kotobati.com/%D8%B1%D9%88%D8%A7%D9%8A%D8%A9-%D8%A7%D9%84%D9%83%D8%B1%D9%86%D9%83-pdf
https://www.kotobati.com/%D9%83%D8%AA%D8%A7%D8%A8-%D8%B5%D9%88%D8%B1-%D9%85%D9%86-%D8%AD%D9%8A%D8%A7%D8%A9-%D8%A7%D9%84%D8%AA%D8%A7%D8%A8%D8%B9%D9%8A%D9%86
https://www.kotobati.com/%D8%B1%D9%88%D8%A7%D9%8A%D8%A9-%D8%A7%D9%84%D9%81%D8%B1%D9%90%D9%8A%D8%B3%D8%A9-%D9%88%D8%A7%D9%84%D8%B5%D9%8A%D8%A7%D8%AF-2-pdf
https://www.kotobati.com/%D9%83%D8%AA%D8%A7%D8%A8-%D8%AF%D8%B1%D8%B1-%D8%A7%D9%84%D8%A3%D8%AD%D9%83%D8%A7%D9%85-%D9%81%D9%8A-%D8%B4%D8%B1%D8%AD-%D8%A3%D8%B1%D9%83%D8%A7%D9%86-%D8%A7%D9%84%D8%A5%D8%B3%D9%84%D8%A7%D9%85-pdf
https://www.kotobati.com/%D9%83%D8%AA%D8%A7%D8%A8-%D8%B5%D8%B9%D9%88%D8%A8%D8%A7%D8%AA-%D8%A7%D9%84%D8%AA%D8%B9%D9%84%D9%85-%D8%A8%D9%8A%D9%86-%D8%A7%D9%84%D9%85%D9%87%D8%A7%D8%B1%D8%A7%D8%AA-%D9%88%D8%A7%D9%84%D8%A7%D8%B6%D8%B7%D8%B1%D8%A7%D8%A8%D8%A7%D8%AA-pdf
https://www.kotobati.com/%D9%83%D8%AA%D8%A7%D8%A8-%D8%B3%D9%85%D8%A7%D8%A1-%D9%81%D9%88%D9%82-%D8%A5%D9%81%D8%B1%D9%8A%D9%82%D9%8A%D8%A7-pdf
https://www.kotobati.com/%D8%B1%D9%88%D8%A7%D9%8A%D8%A9-%D8%A7%D9%84%D9%87%D9%88%D9%8A%D8%A9-pdf
https://www.kotobati.com/%D9%83%D8%AA%D8%A7%D8%A8-%D8%BA%D8%B1%D8%A7%D9%85%D9%8A%D8%A7%D8%AA-%D9%85%D8%B1%D8%AD%D8%A9-pdf
https://www.kotobati.com/%D8%B1%D9%88%D8%A7%D9%8A%D8%A9-%D9%83%D8%AA%D8%A7%D8%A8-%D8%A7%D9%84%D8%B6%D8%AD%D9%83-%D9%88-%D8%A7%D9%84%D9%86%D8%B3%D9%8A%D8%A7%D9%86-pdf
https://www.kotobati.com/%D8%B1%D9%88%D8%A7%D9%8A%D8%A9-%D8%A7%D9%84%D8%AC%D9%87%D9%84-pdf
https://www.kotobati.com/%D9%83%D8%AA%D8%A7%D8%A8-%D8%B9%D9%88%D8%A7%D8%A6%D9%82-%D8%A7%D9%84%D9%86%D9%87%D8%B6%D8%A9-%D8%A7%D9%84%D8%A5%D8%B3%D9%84%D8%A7%D9%85%D9%8A%D8%A9
https://www.kotobati.com/%D9%83%D8%AA%D8%A7%D8%A8-%D8%A7%D9%84%D8%A5%D8%B3%D9%84%D8%A7%D9%85-%D8%A8%D9%8A%D9%86-%D8%A7%D9%84%D8%B4%D8%B1%D9%82-%D9%88%D8%A7%D9%84%D8%BA%D8%B1%D8%A8
https://www.kotobati.com/%D9%83%D8%AA%D8%A7%D8%A8-%D9%87%D8%B1%D9%88%D8%A8%D9%8A-%D8%A5%D9%84%D9%89-%D8%A7%D9%84%D8%AD%D8%B1%D9%8A%D8%A9
https://www.kotobati.com/post-office-pdf
https://www.kotobati.com/%D9%83%D8%AA%D8%A7%D8%A8-%D8%B3%D9%88%D8%A7%D8%B1-%D8%A3%D9%85%D9%8A-pdf
https://www.kotobati.com/%D8%B1%D9%88%D8%A7%D9%8A%D8%A9-%D8%B4%D9%82%D8%A9-%D8%A7%D9%84%D9%87%D8%B1%D9%85-pdf
https://www.kotobati.com/%D9%83%D8%AA%D8%A7%D8%A8-%D8%A7%D8%A7%D9%84%D8%B3%D9%84%D8%B7%D8%A7%D9%86-%D8%B3%D9%84%D9%8A%D9%85%D8%A7%D9%86-%D8%A7%D9%84%D9%82%D8%A7%D9%86%D9%88%D9%86%D9%8A-%D9%85%D8%B1%D8%A7%D8%B1%D8%A9-%D8%A7%D9%84%D9%88%D8%A7%D9%82%D8%B9-%D9%88-%D8%AF%D8%B1%D8%A7%D9%85%D8%A7-%D9%83%D8%A7%D8%B0%D8%A8%D8%A9-pdf
https://www.kotobati.com/%D8%B1%D9%88%D8%A7%D9%8A%D8%A9-%D8%AC%D9%85%D9%8A%D9%84%D8%A9-%D8%A7%D9%83%D8%AA%D9%88%D8%A8%D8%B1-pdf
https://www.kotobati.com/%D9%83%D8%AA%D8%A7%D8%A8-%D8%A3%D8%B2%D9%85%D8%A9-%D9%83%D9%8A%D8%B3%D9%86%D8%AC%D8%B1-pdf
https://www.kotobati.com/%D9%83%D8%AA%D8%A7%D8%A8-%D8%A3%D8%B2%D9%85%D8%A9-%D8%A7%D9%84%D8%AF%D9%88%D9%84%D8%A9-%D9%81%D9%8A-%D8%A7%D9%84%D9%88%D8%B7%D9%86-%D8%A7%D9%84%D8%B9%D8%B1%D8%A8%D9%8A-pdf
https://www.kotobati.com/%D9%83%D8%AA%D8%A7%D8%A8-%D8%A7%D9%84%D8%B3%D9%8A%D9%86%D9%85%D8%A7-%D9%88%D8%A7%D9%84%D8%B3%D9%8A%D8%A7%D8%B3%D8%A9-pdf
https://www.kotobati.com/%D9%83%D8%AA%D8%A7%D8%A8-%D9%82%D8%B6%D9%8A%D8%A9-%D8%A7%D9%84%D8%AA%D8%B5%D9%88%D9%81-pdf
https://www.kotobati.com/%D9%83%D8%AA%D8%A7%D8%A8-%D8%A7%D9%84%D9%81%D8%B1%D9%82%D8%A7%D9%86-%D8%A8%D9%8A%D9%86-%D8%A3%D9%88%D9%84%D9%8A%D8%A7%D8%A1-%D8%A7%D9%84%D8%B1%D8%AD%D9%85%D9%86-%D9%88%D8%A3%D9%88%D9%84%D9%8A%D8%A7%D8%A1-%D8%A7%D9%84%D8%B4%D9%8A%D8%B7%D8%A7%D9%86-pdf
https://www.kotobati.com/%D9%83%D8%AA%D8%A7%D8%A8-%D8%A7%D9%84%D9%86%D9%85%D9%88%D8%B1-%D9%81%D9%8A-%D8%A7%D9%84%D9%8A%D9%88%D9%85-%D8%A7%D9%84%D8%B9%D8%A7%D8%B4%D8%B1-pdf
https://www.kotobati.com/%D9%83%D8%AA%D8%A7%D8%A8-%D8%AA%D8%A7%D8%B1%D9%8A%D8%AE-%D8%A7%D9%84%D9%86%D8%B8%D8%B1%D9%8A%D8%A7%D8%AA-%D8%A7%D9%84%D9%81%D9%82%D9%87%D9%8A%D8%A9-%D9%81%D9%8A-%D8%A7%D9%84%D8%A5%D8%B3%D9%84%D8%A7%D9%85-pdf
https://www.kotobati.com/%D8%B1%D9%88%D8%A7%D9%8A%D8%A9-%D8%AA%D9%81%D9%88%D9%8A%D8%B6-%D8%A8%D8%A7%D9%84%D9%82%D8%AA%D9%84-pdf
https://www.kotobati.com/%D9%83%D8%AA%D8%A7%D8%A8-%D8%AF%D9%81%D8%A7%D8%B9-%D8%B9%D9%86-%D8%A7%D9%84%D9%85%D8%AB%D9%82%D9%81%D9%8A%D9%86-pdf
https://www.kotobati.com/%D9%83%D8%AA%D8%A7%D8%A8-%D9%82%D8%B5%D8%B5-%D8%A3%D8%B9%D8%AC%D8%A8%D8%AA-%D8%B7%D9%84%D8%A7%D8%A8%D9%8A-pdf
https://www.kotobati.com/%D9%83%D8%AA%D8%A7%D8%A8-%D8%A3%D8%B5%D9%84-%D8%A7%D9%84%D8%AA%D9%81%D8%A7%D9%88%D8%AA-%D8%A8%D9%8A%D9%86-%D8%A7%D9%84%D9%86%D8%A7%D8%B3-pdf
https://www.kotobati.com/%D9%83%D8%AA%D8%A7%D8%A8-%D8%AF%D9%8A%D9%88%D8%A7%D9%86-%D8%B9%D8%A7%D8%A8%D8%B1-%D8%B3%D8%A8%D9%8A%D9%84-pdf
https://www.kotobati.com/%D9%83%D8%AA%D8%A7%D8%A8-%D8%B3%D9%8A%D8%B1%D8%A9-%D8%B0%D8%A7%D8%AA%D9%8A%D8%A9-%D9%88%D8%A3%D8%B3%D8%A6%D9%84%D8%A9-%D9%84%D8%A7-%D9%85%D9%81%D8%B1-%D9%85%D9%86%D9%87%D8%A7
https://www.kotobati.com/%D9%83%D8%AA%D8%A7%D8%A8-%D9%85%D8%B0%D9%83%D8%B1%D8%A7%D8%AA-%D8%B9%D9%84%D9%8A-%D8%B9%D8%B2%D8%AA-%D8%A8%D9%8A%D8%AC%D9%88%D9%81%D9%8A%D8%AA%D8%B4-pdf
https://www.kotobati.com/%D9%83%D8%AA%D8%A7%D8%A8-%D8%AA%D9%81%D8%B3%D9%8A%D8%B1-%D8%A7%D9%84%D8%B7%D8%A8%D8%B1%D9%8A-%D8%AC%D8%A7%D9%85%D8%B9-%D8%A7%D9%84%D8%A8%D9%8A%D8%A7%D9%86-%D8%B9%D9%86-%D8%AA%D8%A3%D9%88%D9%8A%D9%84-%D8%A2%D9%8A-%D8%A7%D9%84%D9%82%D8%B1%D8%A2%D9%866-pdf
https://www.kotobati.com/%D8%B1%D9%88%D8%A7%D9%8A%D8%A9-%D8%B3%D9%8A%D8%B1%D8%A9-%D8%A7%D9%84%D9%88%D8%AC%D8%B9-pdf
https://www.kotobati.com/%D9%83%D8%AA%D8%A7%D8%A8-%D8%A5%D8%AB%D8%A8%D8%A7%D8%AA-%D8%A7%D9%84%D8%AE%D8%B7%D8%A3-%D8%A7%D9%84%D8%B7%D8%A8%D9%8A-%D8%A3%D9%85%D8%A7%D9%85-%D8%A7%D9%84%D9%82%D8%A7%D8%B6%D9%8A-%D8%A7%D9%84%D9%85%D8%AF%D9%86%D9%8A-pdf
https://www.kotobati.com/%D9%83%D8%AA%D8%A7%D8%A8-%D8%A7%D9%84%D8%A3%D8%B9%D9%85%D8%A7%D9%84-%D8%A7%D9%84%D8%B4%D8%B9%D8%B1%D9%8A%D8%A9-%D8%A7%D9%84%D9%83%D8%A7%D9%85%D9%84%D8%A9-%D8%B3%D9%8A%D9%84%D9%81%D9%8A%D8%A7-%D8%A8%D9%84%D8%A7%D8%AB
https://www.kotobati.com/%D9%83%D8%AA%D8%A7%D8%A8-%D9%82%D9%88%D8%A7%D9%86%D9%8A%D9%86-%D8%A7%D9%84%D8%AA%D8%AC%D8%A7%D8%B1%D8%A9-%D8%A7%D9%84%D8%AD%D8%B6%D8%B1%D9%85%D9%8A%D8%A9-pdf
https://www.kotobati.com/%D8%B1%D9%88%D8%A7%D9%8A%D8%A9-%D8%B4%D9%8A%D9%81%D8%A7-pdf
https://www.kotobati.com/%D8%B1%D9%88%D8%A7%D9%8A%D8%A9-%D8%B1%D9%8A%D8%A7%D8%AD-%D9%87%D8%AC%D8%B1
https://www.kotobati.com/%D8%B1%D9%88%D8%A7%D9%8A%D8%A9-%D8%AE%D9%88%D9%81-2
https://www.kotobati.com/%D8%B1%D9%88%D8%A7%D9%8A%D8%A9-%D9%85%D8%B3%D8%AA%D8%B1-%D9%81%D9%8A%D8%B1%D8%AA%D9%8A%D8%AC%D9%88-pdf
https://www.kotobati.com/%D9%83%D8%AA%D8%A7%D8%A8-%D8%A7%D9%84%D8%B5%D9%8A%D8%AF-%D8%B9%D9%86%D8%AF-%D8%A7%D9%84%D8%B9%D8%B1%D8%A8
https://www.kotobati.com/%D8%B1%D9%88%D8%A7%D9%8A%D8%A9-%D9%81%D9%8A-%D8%B9%D8%B4%D9%82-%D8%A7%D9%85%D8%B1%D8%A3%D8%A9-%D8%B9%D8%A7%D9%82%D8%B1-pdf
https://www.kotobati.com/%D9%83%D8%AA%D8%A7%D8%A8-%D8%B5%D9%86%D8%A7%D8%B9%D8%A9-%D8%A7%D9%84%D8%AB%D9%82%D8%A7%D9%81%D8%A9
https://www.kotobati.com/%D9%83%D8%AA%D8%A7%D8%A8-%D8%A7%D9%84%D8%A5%D8%B9%D9%84%D8%A7%D9%86-%D8%A7%D9%84%D8%A5%D8%B3%D9%84%D8%A7%D9%85%D9%8A
https://www.kotobati.com/%D9%83%D8%AA%D8%A7%D8%A8-%D8%A7%D9%84%D8%AA%D8%AD%D9%88%D9%84%D8%A7%D8%AA-%D8%A7%D9%84%D9%81%D9%83%D8%B1%D9%8A%D8%A9-pdf
https://www.kotobati.com/%D8%B1%D9%88%D8%A7%D9%8A%D8%A9-%D8%B1%D9%85
https://www.kotobati.com/%D9%83%D8%AA%D8%A7%D8%A8-%D8%A7%D9%84%D8%AF%D9%81%D8%AA%D8%B1-%D8%A7%D9%84%D8%A3%D8%B3%D9%88%D8%AF
https://www.kotobati.com/%D8%B1%D9%88%D8%A7%D9%8A%D8%A9-%D8%A7%D9%84%D8%B9%D8%B1%D8%AC%D8%A7%D8%A1
https://www.kotobati.com/%D9%83%D8%AA%D8%A7%D8%A8-%D8%A7%D9%84%D9%85%D8%BA%D9%81%D9%84%D8%A9-pdf
https://www.kotobati.com/%D9%83%D8%AA%D8%A7%D8%A8-%D8%A3%D8%B2%D9%85%D8%A9-%D8%A7%D9%84%D8%AA%D8%B9%D9%84%D9%8A%D9%85-%D8%A7%D9%84%D9%85%D8%B9%D8%A7%D8%B5%D8%B1-%D9%88%D8%AD%D9%84%D9%88%D9%84%D9%87%D8%A7-%D8%A7%D9%84%D8%A3%D8%B3%D9%84%D8%A7%D9%85%D9%8A%D8%A9-pdf
https://www.kotobati.com/%D9%83%D8%AA%D8%A7%D8%A8-%D8%AF%D8%B1%D8%A7%D8%B3%D8%A9-%D9%81%D9%8A-%D9%85%D8%B5%D8%A7%D8%AF%D8%B1-%D8%A7%D9%84%D8%A3%D8%AF%D8%A8-pdf
https://www.kotobati.com/%D9%83%D8%AA%D8%A7%D8%A8-%D8%B9%D9%84%D9%85-%D8%A7%D9%84%D9%86%D9%81%D8%B3-%D9%88%D8%AA%D8%B1%D8%A8%D9%8A%D8%A9-%D8%A7%D9%84%D8%A3%D9%8A%D8%AA%D8%A7%D9%85-pdf
https://www.kotobati.com/%D9%83%D8%AA%D8%A7%D8%A8-%D9%87%D8%B0%D9%87-%D9%87%D9%8A-%D8%A7%D9%84%D9%88%D9%87%D8%A7%D8%A8%D9%8A%D8%A9-pdf
https://www.kotobati.com/%D9%83%D8%AA%D8%A7%D8%A8-%D9%87%D9%83%D8%B0%D8%A7-%D8%AA%D8%B2%D8%B1%D8%B9-%D8%A7%D9%84%D8%AB%D9%82%D8%A9-%D9%81%D9%8A-%D9%86%D9%81%D8%B3-%D8%B7%D9%81%D9%84%D9%83%D8%8C-10-%D9%85%D9%85%D8%A7%D8%B1%D8%B3%D8%A7%D8%AA-%D9%84%D8%A7-%D8%A8%D8%AF-%D9%85%D9%86%D9%87%D8%A7-pdf
https://www.kotobati.com/%D9%83%D8%AA%D8%A7%D8%A8-%D9%82%D8%A8%D9%84-%D8%A3%D9%86-%D9%8A%D8%BA%D8%A7%D8%AF%D8%B1%D9%86%D8%A7-%D8%A7%D9%84%D8%AA%D8%A7%D8%B1%D9%8A%D8%AE-pdf
https://www.kotobati.com/%D9%83%D8%AA%D8%A7%D8%A8-%D8%A7%D9%84%D9%85%D8%AC%D9%85%D9%88%D8%B9%D8%A7%D8%AA-%D8%A7%D9%84%D8%B4%D8%B9%D8%B1%D9%8A%D8%A9-pdf
https://www.kotobati.com/%D9%83%D8%AA%D8%A7%D8%A8-%D9%85%D9%82%D8%A7%D8%B5%D8%AF-%D8%A7%D9%84%D8%B9%D8%A8%D8%A7%D8%AF%D8%A7%D8%AA-pdf
https://www.kotobati.com/%D9%83%D8%AA%D8%A7%D8%A8-%D8%AA%D8%B3%D8%A7%D8%A4%D9%84%D8%A7%D8%AA-%D9%88%D8%AA%D8%AD%D8%AF%D9%8A%D8%A7%D8%AA-%D8%B9%D9%84%D9%89-%D8%B7%D8%B1%D9%8A%D9%82-%D8%A7%D9%84%D8%AF%D8%B9%D9%88%D8%A9-pdf
https://www.kotobati.com/%D9%83%D8%AA%D8%A7%D8%A8-%D8%A7%D9%84%D8%AF%D8%B9%D8%A7%D8%B1%D8%A9-%D8%A7%D9%84%D8%AD%D9%84%D8%A7%D9%84-pdf
https://www.kotobati.com/%D8%B1%D9%88%D8%A7%D9%8A%D8%A9-%D8%B9%D9%8A%D8%A7%D8%B4-pdf
https://www.kotobati.com/%D9%83%D8%AA%D8%A7%D8%A8-%D9%87%D9%83%D8%B0%D8%A7-%D8%A3%D8%AA%D9%8A%D9%86%D8%A7-%D8%A5%D9%84%D9%89-%D8%A7%D9%84%D8%AD%D9%8A%D8%A7%D8%A9-%D8%AC1-%D8%B0%D9%83%D8%B1%D9%8A%D8%A7%D8%AA-%D8%A7%D9%84%D8%B7%D9%81%D9%88%D9%84%D8%A9-pdf
https://www.kotobati.com/%D9%83%D8%AA%D8%A7%D8%A8-%D8%A7%D9%84%D8%B3%D8%AD%D8%A7%D8%A8-%D8%A7%D9%84%D8%A3%D8%AD%D9%85%D8%B1-pdf
https://www.kotobati.com/%D9%83%D8%AA%D8%A7%D8%A8-%D8%A8%D9%86%D8%A7%D8%A1-%D8%A7%D9%84%D9%88%D8%B9%D9%8A-pdf
