https://www.kotobati.com/%D8%B1%D9%88%D8%A7%D9%8A%D8%A9-%D8%A7%D9%84%D9%85%D8%B4%D8%AA%D8%A8%D9%87-%D8%A8%D9%87-%D8%A7%D9%84%D9%80-17
https://www.kotobati.com/%D8%B1%D9%88%D8%A7%D9%8A%D8%A9-%D8%B5%D9%86%D8%AF%D9%88%D9%82-%D8%A7%D9%84%D8%AF%D9%85%D9%89-pdf
https://www.kotobati.com/%D8%B1%D9%88%D8%A7%D9%8A%D8%A9-%D8%A7%D9%84%D8%AE%D8%A8%D9%8A%D8%A6%D8%A9-pdf
https://www.kotobati.com/%D9%83%D8%AA%D8%A7%D8%A8-%D8%A7%D9%84%D8%AA%D8%AC%D9%88%D9%8A%D8%AF-%D8%A7%D9%84%D9%85%D8%B5%D9%88%D8%B1-%D8%A7%D9%84%D8%AC%D8%B2%D8%A1-%D8%A7%D9%84%D8%AB%D8%A7%D9%86%D9%8A-pdf
https://www.kotobati.com/%D8%B1%D9%88%D8%A7%D9%8A%D8%A9-%D8%A7%D9%84%D8%AD%D8%A7%D9%84%D9%85-pdf
https://www.kotobati.com/%D9%83%D8%AA%D8%A7%D8%A8-%D8%A7%D9%84%D8%AD%D9%85%D9%84%D8%A9-%D8%A7%D9%84%D8%B5%D9%84%D9%8A%D8%A8%D9%8A%D8%A9-%D8%A7%D9%84%D8%A3%D9%88%D9%84%D9%89-pdf
https://www.kotobati.com/%D9%83%D8%AA%D8%A7%D8%A8-%D8%B4%D8%B1%D8%AD-%D9%83%D8%AA%D8%A7%D8%A8-%D8%A7%D9%84%D9%85%D9%86%D8%B7%D9%82-3-pdf
https://www.kotobati.com/%D9%83%D8%AA%D8%A7%D8%A8-%D8%A3%D8%A8%D9%86%D8%A7%D8%A1-%D8%A7%D9%84%D8%A3%D8%B2%D9%85%D9%86%D8%A9-%D8%A7%D9%84%D8%A3%D8%AE%D9%8A%D8%B1%D8%A9-pdf
https://www.kotobati.com/%D9%83%D8%AA%D8%A7%D8%A8-%D9%84%D9%84%D8%AD%D8%B2%D9%86-%D9%85%D9%85%D8%B4%D9%89
https://www.kotobati.com/%D8%B1%D9%88%D8%A7%D9%8A%D8%A9-%D8%AC%D9%81%D8%AA-%D8%A7%D9%84%D8%AF%D9%85%D9%88%D8%B9-%D8%A7%D9%84%D8%AC%D8%B2%D8%A1-%D8%A7%D9%84%D8%AB%D8%A7%D9%86%D9%8A-pdf
https://www.kotobati.com/%D8%B1%D9%88%D8%A7%D9%8A%D8%A9-%D8%AD%D8%A8-%D9%81%D9%8A-%D8%B2%D9%85%D9%86-%D8%A7%D9%84%D9%81%D9%8A%D8%B3%D8%A8%D9%88%D9%83-pdf
https://www.kotobati.com/%D9%83%D8%AA%D8%A7%D8%A8-%D8%A7%D9%84%D8%A8%D8%AD%D8%AB-%D8%B9%D9%86-%D8%A7%D8%A8%D8%AA%D8%B3%D8%A7%D9%85%D8%A9-pdf-0
https://www.kotobati.com/%D9%83%D8%AA%D8%A7%D8%A8-%D8%B9%D8%B2%D9%8A%D8%B2%D9%8A-%D8%B1%D9%81%D8%B9%D8%AA-pdf
https://www.kotobati.com/%D9%83%D8%AA%D8%A7%D8%A8-%D9%83%D9%84%D9%86%D8%A7-%D8%B3%D8%AC%D9%86%D8%A7%D8%A1-pdf
https://www.kotobati.com/%D8%B1%D9%88%D8%A7%D9%8A%D8%A9-%D8%B3%D8%B9%D9%88%D8%AF%D9%8A%D8%A7%D8%AA-pdf
https://www.kotobati.com/%D8%B1%D9%88%D8%A7%D9%8A%D8%A9-%D9%84%D8%B9%D8%A8%D8%A9-%D9%86%D8%A7%D8%B2%D8%B9-%D8%A7%D9%84%D8%A3%D8%AD%D8%B4%D8%A7%D8%A1-pdf
https://www.kotobati.com/%D8%B1%D9%88%D8%A7%D9%8A%D8%A9-%D9%85%D9%86%D8%B7%D9%82%D8%A9-%D8%A7%D9%84%D8%B6%D9%8A%D8%A7%D8%B9-pdf
https://www.kotobati.com/%D9%83%D8%AA%D8%A7%D8%A8-%D8%A8%D9%84%D8%A7%D8%AF-%D8%A7%D9%84%D8%AF%D8%A7%D8%BA%D8%B3%D8%AA%D8%A7%D9%86-pdf
https://www.kotobati.com/%D8%A3%D8%B4%D9%88%D8%A7%D9%83-%D8%A7%D9%84%D8%B3%D9%84%D8%A7%D9%85-pdf
https://www.kotobati.com/%D9%83%D8%AA%D8%A7%D8%A8-%D8%AE%D8%A7%D8%B1%D8%AC-%D8%A7%D9%84%D8%AA%D8%BA%D8%B7%D9%8A%D8%A9-pdf
https://www.kotobati.com/%D8%B1%D9%88%D8%A7%D9%8A%D8%A9-%D9%88%D8%AF%D8%A7%D8%B9%D8%A7%D9%8B-%D9%84%D9%84%D8%B3%D9%84%D8%A7%D8%AD-pdf
https://www.kotobati.com/%D8%B1%D9%88%D8%A7%D9%8A%D8%A9-%D8%A7%D9%84%D8%B5%D8%AF%D9%85%D8%A9-pdf
https://www.kotobati.com/%D9%83%D8%AA%D8%A7%D8%A8-%D8%A3%D8%B2%D9%85%D8%A9-%D8%A7%D9%84%D8%A5%D8%B1%D8%A7%D8%AF%D8%A9-%D9%88%D8%A7%D9%84%D9%88%D8%AC%D8%AF%D8%A7%D9%86-%D8%A7%D9%84%D9%85%D8%B3%D9%84%D9%85-pdf
https://www.kotobati.com/%D9%83%D8%AA%D8%A7%D8%A8-%D8%A7%D9%84%D8%B3%D8%A7%D9%82%D8%B7%D8%A9-pdf
https://www.kotobati.com/%D8%B1%D9%88%D8%A7%D9%8A%D8%A9-%D8%A7%D9%84%D9%83%D9%88%D8%AF-%D8%A7%D9%84%D8%B3%D8%B1%D9%8A-pdf
https://www.kotobati.com/%D9%83%D8%AA%D8%A7%D8%A8-%D8%A7%D9%84%D8%AF%D9%8A%D9%86-%D8%A7%D9%84%D9%82%D9%8A%D9%85
https://www.kotobati.com/%D9%83%D8%AA%D8%A7%D8%A8-%D8%A3%D8%B7%D9%84%D8%B3-%D8%A7%D9%84%D8%AA%D8%AC%D9%88%D9%8A%D8%AF
https://www.kotobati.com/%D8%B1%D9%88%D8%A7%D9%8A%D8%A9-%D8%A7%D9%84%D8%AE%D8%B7%D9%8A%D8%A6%D8%A9-14-%D8%A7%D9%84%D9%82%D8%A7%D8%AA%D9%84%D8%A9
https://www.kotobati.com/%D9%83%D8%AA%D8%A7%D8%A8-%D8%AF%D9%8A%D9%88%D8%A7%D9%86-%D8%A3%D9%85%D9%84-%D8%AF%D9%86%D9%82%D9%84-pdf
https://www.kotobati.com/%D9%83%D8%AA%D8%A7%D8%A8-%D9%86%D8%AD%D9%88-%D9%85%D8%B0%D9%87%D8%A8-%D8%A5%D8%B3%D9%84%D8%A7%D9%85%D9%8A-%D9%81%D9%8A-%D8%A7%D9%84%D8%A3%D8%AF%D8%A8-%D9%88-%D8%A7%D9%84%D9%86%D9%82%D8%AF
https://www.kotobati.com/%D8%B1%D9%88%D8%A7%D9%8A%D8%A9-%D8%B3%D9%84%D8%A7%D9%84%D9%85-%D8%AA%D8%B1%D9%88%D9%84%D8%A7%D8%B1-pdf
https://www.kotobati.com/%D9%83%D8%AA%D8%A7%D8%A8-%D8%A7%D9%84%D8%B9%D9%88%D8%AF%D8%A9-%D8%A7%D9%84%D9%85%D8%AD%D8%B2%D9%86%D8%A9-%D8%A5%D9%84%D9%89-%D8%A7%D9%84%D8%A8%D8%AD%D8%B1-pdf
https://www.kotobati.com/%D9%83%D8%AA%D8%A7%D8%A8-%D8%AB%D9%84%D8%A7%D8%AB-%D9%83%D9%84%D9%85%D8%A7%D8%AA-%D8%AA%D9%82%D8%A7%D9%84-%D8%A8%D8%A3%D9%85%D8%A7%D9%86%D8%A9-%D8%B9%D9%86-%D9%85%D8%B4%D9%83%D9%84%D8%A9-%D8%A7%D9%84%D8%AA%D8%B1%D8%A7%D8%AB-%D8%A7%D9%84%D8%B9%D8%B1%D8%A8%D9%8A-pdf
https://www.kotobati.com/%D9%83%D8%AA%D8%A7%D8%A8-%D8%B3%D8%B1%D8%AF%D9%8A%D8%A7%D8%AA-%D8%B1%D9%88%D8%A7%D9%82%D9%8A
https://www.kotobati.com/%D9%83%D8%AA%D8%A7%D8%A8-%D9%87%D8%B0%D9%87-%D9%85%D8%B4%D9%83%D9%84%D8%A7%D8%AA%D9%87%D9%85-pdf
https://www.kotobati.com/%D9%83%D8%AA%D8%A7%D8%A8-%D9%83%D9%84%D9%85%D8%A9-%D9%88%D9%83%D9%84%D9%8A%D9%85%D8%A9-pdf
https://www.kotobati.com/%D8%B1%D9%88%D8%A7%D9%8A%D8%A9-%D9%86%D8%AF%D8%A7%D8%A1-%D8%A3%D8%AE%D9%8A%D8%B1-%D9%84%D9%84%D8%B1%D9%83%D8%A7%D8%A8-pdf
https://www.kotobati.com/%D9%83%D8%AA%D8%A7%D8%A8-%D8%A3%D9%85-%D8%B1%D8%AA%D9%8A%D8%A8%D8%A9-%D8%AC%D9%85%D8%B9%D9%8A%D8%A9-%D9%82%D8%AA%D9%84-%D8%A7%D9%84%D8%B2%D9%88%D8%AC%D8%A7%D8%AA-pdf
https://www.kotobati.com/%D9%83%D8%AA%D8%A7%D8%A8-%D8%A8%D8%B9%D8%AB-%D8%A7%D9%84%D8%B9%D8%B1%D8%A7%D9%82-pdf
https://www.kotobati.com/%D9%83%D8%AA%D8%A7%D8%A8-%D8%AC%D8%B1%D9%8A%D9%85%D8%A9-%D8%A7%D9%86%D8%AA%D9%82%D8%A7%D9%85-pdf
https://www.kotobati.com/%D8%B1%D9%88%D8%A7%D9%8A%D8%A9-%D8%A3%D9%85%D9%8A%D8%B1-%D8%A7%D9%84%D9%83%D9%88%D8%A7%D8%A8%D9%8A%D8%B3-%D8%B3%D9%8A%D9%86%D8%A7%D8%B1%D9%8A%D9%88-%D8%A7%D9%84%D8%B8%D9%84%D8%A7%D9%85-1-pdf
https://www.kotobati.com/%D9%83%D8%AA%D8%A7%D8%A8-%D9%86%D9%88%D9%85%D9%8A%D8%AF%D9%88%D8%B3-pdf
https://www.kotobati.com/%D9%83%D8%AA%D8%A7%D8%A8-%D8%B0%D9%83%D8%B1%D9%8A%D8%A7%D8%AA-%D8%A7%D9%84%D8%AC%D9%86%D8%A9
https://www.kotobati.com/%D9%83%D8%AA%D8%A7%D8%A8-%D8%A7%D9%84%D8%B1%D8%B3%D8%A7%D9%84%D8%A9-%D8%A7%D9%84%D8%AA%D8%AF%D9%85%D8%B1%D9%8A%D8%A9-pdf
https://www.kotobati.com/%D9%83%D8%AA%D8%A7%D8%A8-%D8%B5%D8%B1%D8%AE%D8%A9-%D8%A3%D8%B7%D9%81%D8%A7%D9%84-%D8%A7%D9%84%D8%B4%D9%88%D8%A7%D8%B1%D8%B9-pdf
https://www.kotobati.com/%D9%83%D8%AA%D8%A7%D8%A8-%D8%A3%D8%AD%D8%A8%D8%A8%D8%AA-%D8%A3%D8%B3%D8%AA%D8%A7%D8%B0%D9%8A-pdf
https://www.kotobati.com/%D9%83%D8%AA%D8%A7%D8%A8-%D8%B5%D9%86%D8%A7%D8%B9%D8%A9-%D8%A7%D9%84%D9%82%D8%A7%D8%A6%D8%AF
https://www.kotobati.com/%D8%B1%D9%88%D8%A7%D9%8A%D8%A9-%D8%A7%D9%84%D9%8A%D8%A7%D8%B7%D8%B1-pdf
https://www.kotobati.com/%D9%83%D8%AA%D8%A7%D8%A8-%D8%A7%D9%84%D9%81%D9%82%D9%87-%D8%B9%D9%84%D9%89-%D8%A7%D9%84%D9%85%D8%B0%D8%A7%D9%87%D8%A8-%D8%A7%D9%84%D8%AE%D9%85%D8%B3%D8%A9-pdf
https://www.kotobati.com/%D8%B1%D9%88%D8%A7%D9%8A%D8%A9-%D8%AD%D8%A8-%D9%81%D9%8A-%D8%AE%D8%B1%D9%8A%D9%81-%D9%85%D8%A7%D8%A6%D9%84-pdf
https://www.kotobati.com/%D8%B1%D9%88%D8%A7%D9%8A%D8%A9-%D8%A7%D9%84%D9%86%D8%A8%D8%A7%D8%B4-pdf
https://www.kotobati.com/%D9%83%D8%AA%D8%A7%D8%A8-%D8%B1%D9%88%D8%A7%D8%A1-%D8%A7%D9%84%D8%B8%D9%85%D8%A7%D8%A1-%D8%A8%D8%B4%D8%B1%D8%AD-%D8%A3%D8%B0%D9%83%D8%A7%D8%B1-%D8%A7%D9%84%D8%B5%D8%A8%D8%A7%D8%AD-%D9%88%D8%A7%D9%84%D9%85%D8%B3%D8%A7%D8%A1-pdf
https://www.kotobati.com/%D9%83%D8%AA%D8%A7%D8%A8-%D9%85%D9%84%D8%AD%D9%82-%D9%85%D9%88%D8%B3%D9%88%D8%B9%D8%A9-%D8%A7%D9%84%D9%81%D9%84%D8%B3%D9%81%D8%A9-pdf
https://www.kotobati.com/%D9%83%D8%AA%D8%A7%D8%A8-%D8%A7%D9%84%D8%B9%D8%A7%D9%84%D9%85-%D9%88%D8%A7%D9%84%D9%86%D8%B5-%D9%88%D8%A7%D9%84%D9%86%D8%A7%D9%82%D8%AF-pdf
https://www.kotobati.com/%D9%83%D8%AA%D8%A7%D8%A8-%D8%AB%D8%B1%D9%88%D8%A9-%D8%AA%D8%AD%D8%AA-%D8%A7%D9%84%D8%A3%D8%B1%D8%B6-pdf
https://www.kotobati.com/%D9%83%D8%AA%D8%A7%D8%A8-%D8%A7%D9%84%D8%AC%D9%88%D8%A7%D9%86%D8%A8-%D8%A7%D9%84%D8%B9%D8%A7%D8%B7%D9%81%D9%8A%D8%A9-%D9%81%D9%8A-%D8%AD%D9%8A%D8%A7%D8%A9-%D8%A7%D9%84%D8%A3%D9%86%D8%A8%D9%8A%D8%A7%D8%A1-%D9%83%D8%B4%D9%81-%D9%88%D8%AA%D8%A3%D9%85%D9%84%D8%A7%D8%AA-pdf
https://www.kotobati.com/%D9%83%D8%AA%D8%A7%D8%A8-%D8%AB%D9%84%D8%A7%D8%AB%D9%88%D9%86-%D8%B3%D8%A8%D8%A8%D8%A7-%D9%84%D9%84%D8%B3%D8%B9%D8%A7%D8%AF%D8%A9-pdf
https://www.kotobati.com/%D8%B1%D9%88%D8%A7%D9%8A%D8%A9-%D8%A3%D8%B1%D8%B6-%D8%A7%D9%84%D8%A8%D8%B7%D9%88%D9%84%D8%A7%D8%AA
https://www.kotobati.com/%D9%83%D8%AA%D8%A7%D8%A8-%D8%A7%D9%84%D8%A5%D9%85%D8%A7%D9%85-%D8%A7%D9%84%D8%B4%D8%A7%D9%81%D8%B9%D9%8A-%D8%A7%D9%84%D8%B3%D9%8A%D8%B1%D8%A9-%D8%A7%D9%84%D9%85%D8%B5%D9%88%D8%B1%D8%A9
https://www.kotobati.com/%D9%83%D8%AA%D8%A7%D8%A8-%D8%A7%D9%84%D9%85%D8%AB%D9%82%D9%81%D9%88%D9%86-%D8%A7%D9%84%D8%B9%D8%B1%D8%A8-%D9%88%D8%A5%D8%B3%D8%B1%D8%A7%D8%A6%D9%8A%D9%84-pdf
https://www.kotobati.com/%D9%83%D8%AA%D8%A7%D8%A8-%D8%A7%D9%84%D8%A8%D8%A7%D8%A8-%D8%A7%D9%84%D8%AB%D8%A7%D9%84%D8%AB
https://www.kotobati.com/%D9%83%D8%AA%D8%A7%D8%A8-%E2%80%AB%D9%86%D8%AC%D9%88%D9%89-%D8%A7%D9%84%D8%BA%D8%B1%D9%88%D8%A8%E2%80%AC-pdf
https://www.kotobati.com/%D9%83%D8%AA%D8%A7%D8%A8-%D8%A7%D9%84%D8%B9%D8%AF%D9%88%D9%89-%D8%A8%D9%8A%D9%86-%D8%A7%D9%84%D8%B7%D8%A8-%D9%88%D8%AD%D8%AF%D9%8A%D8%AB-%D8%A7%D9%84%D9%85%D8%B5%D8%B7%D9%81%D9%89-pdf
https://www.kotobati.com/%D9%83%D8%AA%D8%A7%D8%A8-%D8%A7%D9%84%D8%B7%D9%81%D9%84-%D8%A7%D9%84%D9%82%D8%A7%D8%B1%D8%A6
https://www.kotobati.com/%D9%83%D8%AA%D8%A7%D8%A8-%D8%A8%D8%B3%D8%B7-%D8%A7%D9%84%D9%83%D9%81-%D9%81%D9%8A-%D8%A5%D8%AA%D9%85%D8%A7%D9%85-%D8%A7%D9%84%D8%B5%D9%81-pdf
https://www.kotobati.com/%D9%83%D8%AA%D8%A7%D8%A8-%D9%81%D9%86-%D8%A7%D9%84%D8%A7%D9%85%D8%AA%D8%AD%D8%A7%D9%86%D8%A7%D8%AA-%D8%A8%D9%8A%D9%86-%D8%A7%D9%84%D8%B7%D8%A7%D9%84%D8%A8-%D9%88%D8%A7%D9%84%D9%85%D8%B9%D9%84%D9%85
https://www.kotobati.com/%D9%83%D8%AA%D8%A7%D8%A8-%D8%A7%D9%84%D9%85%D8%AF%D9%8A%D9%86%D8%A9-%D8%A7%D9%84%D9%85%D9%8A%D8%AA%D8%A9
https://www.kotobati.com/%D9%83%D8%AA%D8%A7%D8%A8-%D8%A5%D8%B1%D8%B4%D8%A7%D8%AF-%D8%A3%D9%88%D9%84%D9%8A-%D8%A7%D9%84%D8%A8%D8%B5%D8%A7%D8%A6%D8%B1-%D9%88%D8%A7%D9%84%D8%A3%D9%84%D8%A8%D8%A7%D8%A8-%D9%84%D9%86%D9%8A%D9%84-%D8%A7%D9%84%D9%81%D9%82%D9%87-%D8%A8%D8%A3%D9%82%D8%B1%D8%A8-%D8%A7%D9%84%D8%B7%D8%B1%D9%82-%D9%88%D8%A3%D9%8A%D8%B3%D8%B1-%D8%A7%D9%84%D8%A3%D8%B3%D8%A8%D8%A7%D8%A8-pdf
https://www.kotobati.com/%D9%83%D8%AA%D8%A7%D8%A8-%D8%A7%D9%84%D8%B9%D8%A7%D8%A8%D8%B1-pdf
https://www.kotobati.com/%D9%83%D8%AA%D8%A7%D8%A8-%D8%A7%D9%84%D8%AF%D9%88%D8%AF%D8%A9-%D9%88%D8%A7%D9%84%D8%AB%D8%B9%D8%A8%D8%A7%D9%86-pdf
https://www.kotobati.com/yes-pdf
https://www.kotobati.com/%D8%B1%D9%88%D8%A7%D9%8A%D8%A9-%D8%A7%D9%84%D9%85%D8%AE%D8%A7%D8%AF%D8%B9-%D8%A7%D9%84%D8%AD%D9%82%D9%8A%D9%82%D9%8A-pdf
https://www.kotobati.com/%D9%83%D8%AA%D8%A7%D8%A8-%D9%85%D8%A7-%D8%AA%D8%A8%D9%82%D9%89-%D9%84%D9%83%D9%85-pdf
https://www.kotobati.com/%D9%83%D8%AA%D8%A7%D8%A8-%D8%AC%D9%88%D9%87%D8%B1-%D8%A7%D9%84%D8%A5%D8%B3%D9%84%D8%A7%D9%85-pdf
https://www.kotobati.com/%D9%83%D8%AA%D8%A7%D8%A8-%D8%B9%D9%85%D8%B1%D9%88-%D8%A8%D9%86-%D8%A7%D9%84%D8%B9%D8%A7%D8%B5-pdf
https://www.kotobati.com/%D9%83%D8%AA%D8%A7%D8%A8-%D8%B5%D9%86%D8%A7%D8%B9%D8%A9-%D8%A7%D9%84%D9%86%D8%AC%D8%A7%D8%AD
https://www.kotobati.com/%D9%83%D8%AA%D8%A7%D8%A8-%D9%81%D9%8A-%D8%AD%D9%88%D8%A7%D8%B1-%D9%87%D8%A7%D8%AF%D8%A6-%D9%85%D8%B9-%D9%85%D8%AD%D9%85%D8%AF-%D8%A7%D9%84%D8%BA%D8%B2%D8%A7%D9%84%D9%8A-pdf
https://www.kotobati.com/%D9%83%D8%AA%D8%A7%D8%A8-%D8%A7%D9%84%D8%AD%D9%82%D9%8A%D9%82%D8%A9-%D8%A7%D9%84%D8%AF%D8%A7%D9%85%D8%BA%D8%A9-pdf
https://www.kotobati.com/%D9%83%D8%A7%D8%AA%D8%A8-%D8%B3%D8%A7%D8%B9%D9%8A-%D8%A7%D9%84%D8%A8%D8%B1%D9%8A%D8%AF-pdf
https://www.kotobati.com/%D9%83%D8%AA%D8%A7%D8%A8-%D9%82%D8%B7%D8%A9-%D9%81%D9%8A-%D8%A7%D9%84%D9%85%D8%B7%D8%B1-pdf
https://www.kotobati.com/%D9%83%D8%AA%D8%A7%D8%A8-%D8%A8%D8%B1%D9%82%D9%8A%D8%A9-%D8%A3%D9%86%D8%AB%D9%89-pdf
https://www.kotobati.com/%D9%83%D8%AA%D8%A7%D8%A8-%D8%A3%D9%84%D9%88%D8%A7%D9%86-pdf
https://www.kotobati.com/%D9%83%D8%AA%D8%A7%D8%A8-%D8%A7%D9%84%D8%A5%D9%85%D8%A7%D9%85-%D8%A3%D8%A8%D9%88-%D8%AD%D9%86%D9%8A%D9%81%D8%A9-%D8%A7%D9%84%D9%86%D8%B9%D9%85%D8%A7%D9%86-%D8%A7%D9%84%D8%B3%D9%8A%D8%B1%D8%A9-%D8%A7%D9%84%D9%85%D8%B5%D9%88%D8%B1%D8%A9
https://www.kotobati.com/%D9%83%D8%AA%D8%A7%D8%A8-%D8%A7%D9%84%D9%85%D9%86%D8%AA%D9%82%D9%89-%D9%85%D9%86-%D8%A8%D8%B7%D9%88%D9%86-%D8%A7%D9%84%D9%83%D8%AA%D8%A8-%D8%A7%D9%84%D9%85%D8%AC%D9%85%D9%88%D8%B9%D8%A9-%D8%A7%D9%84%D8%A3%D9%88%D9%84%D9%89-pdf
https://www.kotobati.com/%D9%83%D8%AA%D8%A7%D8%A8-%D9%88%D8%A7%D9%85%D8%AD%D9%85%D8%AF%D8%A7%D9%87-%D8%A5%D9%86-%D8%B4%D8%A7%D9%86%D8%A6%D9%83-%D9%87%D9%88-%D8%A7%D9%84%D8%A3%D8%A8%D8%AA%D8%B11-pdf
https://www.kotobati.com/%D9%83%D8%AA%D8%A7%D8%A8-%D8%A7%D9%84%D8%A5%D9%85%D8%A7%D9%85-%D9%85%D8%A7%D9%84%D9%83-%D8%A7%D9%84%D8%B3%D9%8A%D8%B1%D8%A9-%D8%A7%D9%84%D9%85%D8%B5%D9%88%D8%B1%D8%A9
https://www.kotobati.com/%D9%83%D8%AA%D8%A7%D8%A8-%D8%B9%D9%84%D8%A7%D8%AC-%D8%A7%D9%84%D9%87%D9%85%D9%88%D9%85-pdf
https://www.kotobati.com/%D9%83%D8%AA%D8%A7%D8%A8-%D8%A7%D9%84%D9%86%D9%87%D8%B6%D8%A9-%D8%A7%D9%84%D9%8A%D8%A7%D8%A8%D8%A7%D9%86%D9%8A%D8%A9-%D8%A7%D9%84%D8%AD%D8%AF%D9%8A%D8%AB%D8%A9-pdf
https://www.kotobati.com/%D8%B1%D9%88%D8%A7%D9%8A%D8%A9-%D8%A8%D8%B1%D8%AC-%D8%A7%D9%84%D8%B9%D8%B0%D8%B1%D8%A7%D8%A1-pdf
https://www.kotobati.com/%D9%83%D8%AA%D8%A7%D8%A8-%D9%87%D9%83%D8%B0%D8%A7-%D8%B9%D9%84%D9%85-%D8%A7%D9%84%D8%A3%D9%86%D8%A8%D9%8A%D8%A7%D8%A1-pdf
https://www.kotobati.com/%D9%83%D8%AA%D8%A7%D8%A8-%D9%87%D9%83%D8%B0%D8%A7-%D8%B9%D9%84%D9%85-%D8%A7%D9%84%D8%A3%D9%86%D8%A8%D9%8A%D8%A7%D8%A1-pdfhttps://www.kotobati.com/%D9%83%D8%AA%D8%A7%D8%A8-%D8%A7%D9%85%D8%A7%D9%84%D9%8A-%D8%A7%D9%84%D8%B3%D9%8A%D8%AF-%D8%B7%D8%A7%D9%84%D8%A8-%D8%A7%D9%84%D8%B1%D9%81%D8%A7%D8%B9%D9%8A-pdf
https://www.kotobati.com/%D9%83%D8%AA%D8%A7%D8%A8-%D8%A7%D9%84%D8%A3%D8%AF%D8%A8-%D9%88%D9%85%D8%B0%D8%A7%D9%87%D8%A8%D9%87-pdf
https://www.kotobati.com/%D9%83%D8%AA%D8%A7%D8%A8-%D9%85%D8%AF%D8%AE%D9%84-%D8%A5%D9%84%D9%89-%D8%A7%D9%84%D8%AA%D9%86%D9%88%D9%8A%D8%B1-%D8%A7%D9%84%D8%A3%D9%88%D8%B1%D9%88%D8%A8%D9%8A-pdf
https://www.kotobati.com/%D9%83%D8%AA%D8%A7%D8%A8-%D9%85%D8%A8%D8%A7%D8%AF%D8%A6-%D8%A7%D9%84%D8%A5%D8%A8%D8%AF%D8%A7%D8%B9
https://www.kotobati.com/%D9%83%D8%AA%D8%A7%D8%A8-%D8%A7%D9%84%D8%AA%D9%88%D8%AD%D9%8A%D8%AF-pdf-1
https://www.kotobati.com/%D9%83%D8%AA%D8%A7%D8%A8-%D8%A7%D9%84%D8%B9%D8%A7%D9%84%D9%85-%D8%B1%D9%82%D8%B9%D8%A9-%D8%B4%D8%B7%D8%B1%D9%86%D8%AC-%D9%85%D9%86%D8%B8%D9%85%D8%A7%D8%AA-%D8%B3%D8%B1%D9%8A%D8%A9-%D8%AA%D8%AD%D8%B1%D9%83-%D8%A7%D9%84%D8%B9%D8%A7%D9%84%D9%85-%D9%82%D8%AF%D9%8A%D9%85-%D9%88%D8%AD%D8%AF%D9%8A%D8%AB%D8%A7%D9%8B-pdf
https://www.kotobati.com/%D8%B1%D9%88%D8%A7%D9%8A%D8%A9-%D8%A3%D9%86-%D8%AA%D8%AC%D8%AF-%D8%A7%D9%84%D8%AD%D8%A8-%D9%81%D9%8A-%D9%85%D9%83%D8%AA%D8%A8%D8%A9-pdf
https://www.kotobati.com/%D9%83%D8%AA%D8%A7%D8%A8-%D8%A8%D8%B1-%D8%A7%D9%84%D9%88%D8%A7%D9%84%D8%AF%D9%8A%D9%86-pdf
https://www.kotobati.com/%D9%83%D8%AA%D8%A7%D8%A8-%D8%B5%D8%AF%D9%8A%D9%82%D9%8A-%D8%A7%D9%84%D9%84%D9%87-pdf
https://www.kotobati.com/%D9%83%D8%AA%D8%A7%D8%A8-%E2%80%AB%D8%AA%D8%B3%D9%83%D8%B9-%D9%81%D9%8A-%D8%A3%D9%85%D8%B1%D9%8A%D9%83%D8%A7-%D8%A7%D9%84%D9%84%D8%A7%D8%AA%D9%8A%D9%86%D9%8A%D8%A9%E2%80%AC
https://www.kotobati.com/%D8%B1%D9%88%D8%A7%D9%8A%D8%A9-%D8%B4%D8%B1%D9%82-%D8%A7%D9%84%D9%86%D8%AE%D9%8A%D9%84-pdf
https://www.kotobati.com/%D9%83%D8%AA%D8%A7%D8%A8-%D9%85%D8%B9%D8%AC%D8%B2%D8%A7%D8%AA-%D8%A7%D9%84%D8%B9%D8%B5%D8%B1-%D8%A7%D9%84%D8%AD%D8%AF%D9%8A%D8%AB
https://www.kotobati.com/%D8%B1%D9%88%D8%A7%D9%8A%D8%A9-%D8%A7%D9%84%D8%B1%D8%AC%D9%84-%D8%B0%D9%88-%D8%A7%D9%84%D9%84%D8%AD%D9%8A%D8%A9-%D8%A7%D9%84%D8%B3%D9%88%D8%AF%D8%A7%D8%A1-pdf
https://www.kotobati.com/the-madman-pdf
https://www.kotobati.com/%D9%83%D8%AA%D8%A7%D8%A8-%D8%B4%D8%B1%D8%AD-%D8%A7%D9%84%D9%82%D8%B5%D9%8A%D8%AF%D8%A9-%D8%A7%D9%84%D8%AA%D8%A7%D8%A6%D9%8A%D8%A9-%D9%81%D9%8A-%D8%A7%D9%84%D9%82%D8%AF%D8%B1-pdf
https://www.kotobati.com/%D8%B1%D9%88%D8%A7%D9%8A%D8%A9-%D8%A7%D9%85%D8%B1%D8%A3%D8%A9-%D8%B9%D9%84%D9%89-%D8%A7%D8%B3%D9%85-%D9%86%D8%AC%D9%85%D8%A9-pdf
https://www.kotobati.com/%D9%83%D8%AA%D8%A7%D8%A8-%D8%A3%D9%84%D8%B2%D9%87%D8%A7%D9%8A%D9%85%D8%B1-pdf
https://www.kotobati.com/%D9%83%D8%AA%D8%A7%D8%A8-%D8%A3%D8%B6%D9%88%D8%A7%D8%A1-%D9%85%D9%86-%D9%81%D8%AA%D8%A7%D9%88%D9%89-%D8%B4%D9%8A%D8%AE-%D8%A7%D9%84%D8%A5%D8%B3%D9%84%D8%A7%D9%85-%D8%A7%D8%A8%D9%86-%D8%AA%D9%8A%D9%85%D9%8A%D8%A9-%D9%81%D9%8A-%D8%A7%D9%84%D8%B9%D9%82%D9%8A%D8%AF%D8%A9-pdf
https://www.kotobati.com/%D9%83%D8%AA%D8%A7%D8%A8-%D8%A7%D9%84%D9%83%D8%B4%D9%83%D9%88%D9%84-%D8%A7%D9%84%D9%84%D8%B7%D9%8A%D9%81-pdf
https://www.kotobati.com/%D8%B1%D9%88%D8%A7%D9%8A%D8%A9-%D8%A7%D8%B3%D8%AA%D8%AC%D9%85%D8%A7%D8%AA%D9%8A%D8%B2%D9%85
https://www.kotobati.com/%D9%83%D8%AA%D8%A7%D8%A8-%D8%A7%D9%84%D9%83%D8%AA%D8%A7%D8%A8%D8%A9-pdf
https://www.kotobati.com/%D8%B1%D9%88%D8%A7%D9%8A%D8%A9-%D9%85%D8%AC%D8%B1%D8%AF-2-%D9%81%D9%82%D8%B7-pdf
https://www.kotobati.com/%D9%83%D8%AA%D8%A7%D8%A8-%D8%A3%D9%81%D9%83%D8%A7%D8%B1-%D8%AE%D8%A7%D8%B1%D8%AC-%D8%A7%D9%84%D9%82%D9%81%D8%B5
https://www.kotobati.com/%D9%83%D8%AA%D8%A7%D8%A8-%D8%A3%D9%86%D8%AA-%D8%A7%D9%84%D9%83%D9%88%D9%86-pdf
https://www.kotobati.com/the-glass-cage-pdf
https://www.kotobati.com/%D8%B1%D9%88%D8%A7%D9%8A%D8%A9-%C2%A0%D8%A3%D8%B1%D8%B3%D9%8A%D9%86-%D9%84%D9%88%D8%A8%D9%8A%D9%86-%D9%81%D9%8A-%D9%86%D9%8A%D9%88%D9%8A%D9%88%D8%B1%D9%83-pdf
https://www.kotobati.com/%D9%83%D8%AA%D8%A7%D8%A8-%D8%A3%D9%88%D8%B1%D8%A7%D9%82%D9%8A-%D8%AD%D9%8A%D8%A7%D8%AA%D9%8A-%D8%AC3-pdf
https://www.kotobati.com/%D9%83%D8%AA%D8%A7%D8%A8-%D9%85%D8%A7-%D8%A8%D9%8A%D9%86-%D8%B4%D9%81%D8%AA%D9%8A%D9%86-pdf
https://www.kotobati.com/%D9%83%D8%AA%D8%A7%D8%A8-%D9%86%D8%B3%D9%8A%D9%85-%D8%A7%D9%84%D8%B0%D9%83%D8%B1%D9%8A%D8%A7%D8%AA-pdf
https://www.kotobati.com/%D9%83%D8%AA%D8%A7%D8%A8-%D9%81%D9%84%D8%B3%D8%B7%D9%8A%D9%86-%D8%A7%D9%84%D8%AA%D8%A7%D8%B1%D9%8A%D8%AE-%D8%A7%D9%84%D9%85%D8%B5%D9%88%D8%B1-0
https://www.kotobati.com/%D8%B1%D9%88%D8%A7%D9%8A%D8%A9-%D8%B2%D9%88%D8%AC%D9%8A-%D9%85%D8%A7%D8%B2%D8%A7%D9%84-%D8%AD%D8%A8%D9%8A%D8%A8%D9%8A-pdf
https://www.kotobati.com/%D9%83%D8%AA%D8%A7%D8%A8-%D8%B3%D8%AC%D9%86%D8%AC%D9%84-%D8%A7%D9%84%D8%B1%D9%88%D8%AD-pdf
https://www.kotobati.com/%D9%83%D8%AA%D8%A7%D8%A8-%D8%A7%D9%84%D9%87%D8%AC%D8%B1%D8%A9-pdf
https://www.kotobati.com/%D9%83%D8%AA%D8%A7%D8%A8-%D8%B5%D9%81%D9%88%D8%A9-%D8%A7%D9%84%D8%AA%D9%81%D8%A7%D8%B3%D9%8A%D8%B1-2-pdf
https://www.kotobati.com/%D9%83%D8%AA%D8%A7%D8%A8-%D8%B0%D9%83%D8%B1%D9%8A%D8%A7%D8%AA-%D8%B9%D9%84%D9%8A-%D8%A7%D9%84%D8%B7%D9%86%D8%B7%D8%A7%D9%88%D9%8A-%D8%A7%D9%84%D8%AC%D8%B
https://www.kotobati.com/%D9%83%D8%AA%D8%A7%D8%A8-%D8%A7%D9%84%D8%A8%D8%AF%D8%A7%D9%8A%D8%A9-%D9%88%D8%A7%D9%84%D9%86%D9%87%D8%A7%D9%8A%D8%A9-%D8%A7%D9%84%D8%AC%D8%B2%D8%A1-%D8%A7%D9%84%D8%A3%D9%88%D9%84-pdf
https://www.kotobati.com/%D9%83%D8%AA%D8%A7%D8%A8-%D8%A7%D9%84%D8%B7%D8%B1%D9%8A%D9%82-%D8%A5%D9%84%D9%89-%D8%A7%D9%84%D8%A3%D9%86%D8%AF%D9%84%D8%B3
https://www.kotobati.com/%D9%83%D8%AA%D8%A7%D8%A8-%D8%B9%D9%86%D8%AF-%D8%AA%D8%B3%D9%82%D8%B7-%D8%A3%D8%AD%D8%AF-%D9%86%D9%82%D8%A7%D8%B7-%D8%A7%D9%84%D9%82%D8%A7%D9%81-%D9%85%D9
https://www.kotobati.com/%D9%83%D8%AA%D8%A7%D8%A8-%D8%B9%D9%86%D8%AF-%D8%AA%D8%B3%D9%82%D8%B7-%D8%A3%D8%AD%D8%AF-%D9%86%D9%82%D8%A7%D8%B7-%D8%A7%D9%84%D9%82%D8%A7%D9%81-%D9%85%D9%90%D9%86-%D8%B4%D9%82%D8%A7%D8%A1-pdf
https://www.kotobati.com/%D9%83%D8%AA%D8%A7%D8%A8-%D9%81%D9%88%D8%B6%D9%89-pdf
https://www.kotobati.com/%D9%83%D8%AA%D8%A7%D8%A8-%D8%A7%D9%84%D8%AA%D9%85%D8%AB%D9%84-%D8%A8%D8%A7%D9%84%D8%B4%D8%B9%D8%B1-pdf
https://www.kotobati.com/%D9%83%D8%AA%D8%A7%D8%A8-%D8%B1%D8%A7%D8%A8%D8%B9%D8%A9-%D8%AB%D8%A7%D9%84%D8%AB-pdf
https://www.kotobati.com/%D9%83%D8%AA%D8%A7%D8%A8-%D8%A7%D9%84%D8%AD%D8%A8-%D9%88%D8%B3%D8%B1-%D8%A7%D9%84%D8%AD%D9%8A%D8%A7%D8%A9-pdf
https://www.kotobati.com/%D9%83%D8%AA%D8%A7%D8%A8-%D8%AA%D8%B3%D8%A7%D9%85%D8%AD-%D8%A7%D9%84%D8%A5%D8%B3%D9%84%D8%A7%D9%85-%D9%88%D8%AA%D8%B9%D8%B5%D9%91%D8%A8-%D8%AE%D8%B5%D9%88%D9%85%D9%87-pdf
https://www.kotobati.com/%D9%83%D8%AA%D8%A7%D8%A8-%D8%AD%D9%82%D9%8A%D9%82%D8%A9-%D8%A7%D9%84%D8%B5%D9%8A%D8%A7%D9%85-pdf
https://www.kotobati.com/%D9%83%D8%AA%D8%A7%D8%A8-%D9%85%D9%88%D9%84%D8%A7%D9%86%D8%A7-%D8%AC%D9%84%D8%A7%D9%84-%D8%A7%D9%84%D8%AF%D9%8A%D9%86-%D8%A7%D9%84%D8%B1%D9%88%D9%85%D9%8A-pdf
https://www.kotobati.com/%D8%B1%D9%88%D8%A7%D9%8A%D8%A9-%D8%A7%D9%84%D9%85%D8%B1%D8%B4%D8%AD-pdf
https://www.kotobati.com/%D9%83%D8%AA%D8%A7%D8%A8-%D8%AB%D9%84%D8%A7%D8%AB%D9%8A%D8%A9-%D8%A5%D9%86%D8%B3%D8%A7%D9%86-pdf
https://www.kotobati.com/%D8%B1%D9%88%D8%A7%D9%8A%D8%A9-%D8%AA%D8%B1%D8%A7%D9%86%D9%8A%D9%85-%D8%A7%D9%88%D8%B3%D8%AA%D9%86-pdf
https://www.kotobati.com/%D9%83%D8%AA%D8%A7%D8%A8-%D8%B9%D8%AF%D9%88%D8%B3-%D8%A7%D9%84%D8%B3%D8%B1%D9%89-%D8%B1%D9%88%D8%AD-%D8%A3%D9%85%D9%85-%D9%81%D9%8A-%D9%86%D8%B2%D9%8A%D9%81-%D8%B0%D8%A7%D9%83%D8%B1%D8%A9-%D8%A7%D9%84%D8%AC%D8%B2%D8%A1-%D8%A7%D9%84%D8%A3%D9%88%D9%84-pdf
https://www.kotobati.com/%D9%83%D8%AA%D8%A7%D8%A8-%D9%8A%D8%AC%D8%A8-%D8%A7%D9%84%D8%AF%D9%81%D8%A7%D8%B9-%D8%B9%D9%86-%D8%A7%D9%84%D9%85%D8%AC%D8%AA%D9%85%D8%B9-pdf
https://www.kotobati.com/%D9%83%D8%AA%D8%A7%D8%A8-%D8%B9%D8%AA%D8%A7%D8%AF-%D8%A7%D9%84%D8%AC%D9%87%D8%A7%D8%AF-pdf
https://www.kotobati.com/%D9%83%D8%AA%D8%A7%D8%A8-%D9%82%D8%B5%D8%B5-%D8%A7%D9%84%D8%A3%D9%86%D8%A8%D9%8A%D8%A7%D8%A1%D9%86%D8%A7%D9%82%D8%A9-%D8%B5%D8%A7%D9%84%D8%AD-pdf
https://www.kotobati.com/%D8%B1%D9%88%D8%A7%D9%8A%D8%A9-%D8%A7%D9%84%D8%AE%D8%A7%D8%A6%D9%86%D8%A9-pdf
https://www.kotobati.com/%D8%B1%D9%88%D8%A7%D9%8A%D8%A9-%D9%83%D9%88%D9%83%D8%A8-%D8%A3%D9%85%D9%88%D9%86-pdf
https://www.kotobati.com/%D9%83%D8%AA%D8%A7%D8%A8-%D8%B1%D9%85%D8%B6%D8%A7%D9%86-%D8%A8%D9%8A%D9%86-%D9%8A%D8%AF%D9%8A%D9%83-pdf